2023-04-29 23:11:38,556 WARN o.m.c.AbstractGameConstruct [JavaFX Application Thread] schema does not exist [scoreTileRule]
2023-04-29 23:11:38,561 WARN o.m.c.AbstractGameConstruct [JavaFX Application Thread] schema does not exist [scoreTileRule]
2023-04-29 23:11:40,912 INFO o.m.e.a.CreatePlayersAction [JavaFX Application Thread] Create Game Players upon User Selection
2023-04-29 23:11:40,923 INFO o.m.e.a.CreatePlayersAction [JavaFX Application Thread] Emit Player Creation Event
2023-04-29 23:11:41,232 WARN o.m.c.AbstractGameConstruct [JavaFX Application Thread] schema does not exist [scoreTileRule]
2023-04-29 23:11:41,233 WARN o.m.c.AbstractGameConstruct [JavaFX Application Thread] schema does not exist [scoreTileRule]
2023-04-29 23:11:41,675 INFO o.c.BuilderController [JavaFX Application Thread] created builder
2023-04-29 23:11:55,213 WARN o.m.c.AbstractGameConstruct [JavaFX Application Thread] schema does not exist [scoreTileRule]
2023-04-29 23:11:55,216 WARN o.m.c.AbstractGameConstruct [JavaFX Application Thread] schema does not exist [scoreTileRule]
2023-04-29 23:11:57,615 INFO o.m.e.a.CreatePlayersAction [JavaFX Application Thread] Create Game Players upon User Selection
2023-04-29 23:11:57,630 INFO o.m.e.a.CreatePlayersAction [JavaFX Application Thread] Emit Player Creation Event
2023-04-29 23:11:57,944 WARN o.m.c.AbstractGameConstruct [JavaFX Application Thread] schema does not exist [scoreTileRule]
2023-04-29 23:11:57,945 WARN o.m.c.AbstractGameConstruct [JavaFX Application Thread] schema does not exist [scoreTileRule]
2023-04-29 23:11:58,425 INFO o.c.BuilderController [JavaFX Application Thread] created builder
2023-04-29 23:41:22,134 WARN o.m.c.AbstractGameConstruct [JavaFX Application Thread] schema does not exist [scoreTileRule]
2023-04-29 23:41:22,137 WARN o.m.c.AbstractGameConstruct [JavaFX Application Thread] schema does not exist [scoreTileRule]
2023-04-29 23:41:24,120 INFO o.m.e.a.CreatePlayersAction [JavaFX Application Thread] Create Game Players upon User Selection
2023-04-29 23:41:24,134 INFO o.m.e.a.CreatePlayersAction [JavaFX Application Thread] Emit Player Creation Event
2023-04-29 23:41:24,462 WARN o.m.c.AbstractGameConstruct [JavaFX Application Thread] schema does not exist [scoreTileRule]
2023-04-29 23:41:24,463 WARN o.m.c.AbstractGameConstruct [JavaFX Application Thread] schema does not exist [scoreTileRule]
2023-04-29 23:41:24,877 INFO o.c.BuilderController [JavaFX Application Thread] created builder
2023-04-29 23:46:23,650 WARN o.m.c.AbstractGameConstruct [JavaFX Application Thread] schema does not exist [scoreTileRule]
2023-04-29 23:46:23,654 WARN o.m.c.AbstractGameConstruct [JavaFX Application Thread] schema does not exist [scoreTileRule]
2023-04-29 23:46:25,562 INFO o.m.e.a.CreatePlayersAction [JavaFX Application Thread] Create Game Players upon User Selection
2023-04-29 23:46:25,591 INFO o.m.e.a.CreatePlayersAction [JavaFX Application Thread] Emit Player Creation Event
2023-04-29 23:51:06,537 WARN o.m.c.AbstractGameConstruct [JavaFX Application Thread] schema does not exist [scoreTileRule]
2023-04-29 23:51:06,541 WARN o.m.c.AbstractGameConstruct [JavaFX Application Thread] schema does not exist [scoreTileRule]
2023-04-29 23:51:11,096 INFO o.m.e.a.CreatePlayersAction [JavaFX Application Thread] Create Game Players upon User Selection
2023-04-29 23:51:11,110 INFO o.m.e.a.CreatePlayersAction [JavaFX Application Thread] Emit Player Creation Event
2023-04-29 23:51:15,863 INFO o.m.e.r.BuyTileRule [JavaFX Application Thread] Prompted User to Buy Property with Remaining Money 1650.0
2023-04-29 23:51:17,575 INFO o.m.e.r.BuyTileRule [JavaFX Application Thread] Prompted User to Buy Property with Remaining Money 1650.0
2023-04-29 23:51:48,902 WARN o.m.c.AbstractGameConstruct [JavaFX Application Thread] schema does not exist [scoreTileRule]
2023-04-29 23:51:48,905 WARN o.m.c.AbstractGameConstruct [JavaFX Application Thread] schema does not exist [scoreTileRule]
2023-04-29 23:51:50,441 INFO o.m.e.a.CreatePlayersAction [JavaFX Application Thread] Create Game Players upon User Selection
2023-04-29 23:51:50,458 INFO o.m.e.a.CreatePlayersAction [JavaFX Application Thread] Emit Player Creation Event
2023-04-29 23:51:53,887 INFO o.m.e.r.BuyTileRule [JavaFX Application Thread] Prompted User to Buy Property with Remaining Money 1650.0
2023-04-29 23:51:56,756 INFO o.m.e.r.BuyTileRule [JavaFX Application Thread] Prompted User to Buy Property with Remaining Money 1650.0
2023-04-29 23:51:58,884 INFO o.m.e.a.AlterPlayerScoreAction [JavaFX Application Thread] Update Player Score
2023-04-29 23:52:00,800 INFO o.m.e.a.AlterPlayerScoreAction [JavaFX Application Thread] Update Player Score
2023-04-29 23:58:01,993 FATAL o.m.a.AbstractAttribute [main] failed to perform attribute cast
java.lang.ClassCastException: Cannot cast oogasalad.model.attribute.Attribute$MockitoMock$amESKQWE to oogasalad.model.attribute.AbstractAttributeTest$MockAttribute
	at java.lang.Class.cast(Class.java:3889) ~[?:?]
	at oogasalad.model.attribute.AbstractAttribute.getAs(AbstractAttribute.java:21) ~[classes/:?]
	at oogasalad.model.attribute.AbstractAttributeTest.testGetAs(AbstractAttributeTest.java:33) ~[test-classes/:?]
	at jdk.internal.reflect.NativeMethodAccessorImpl.invoke0(Native Method) ~[?:?]
	at jdk.internal.reflect.NativeMethodAccessorImpl.invoke(NativeMethodAccessorImpl.java:77) ~[?:?]
	at jdk.internal.reflect.DelegatingMethodAccessorImpl.invoke(DelegatingMethodAccessorImpl.java:43) ~[?:?]
	at java.lang.reflect.Method.invoke(Method.java:568) ~[?:?]
	at org.junit.runners.model.FrameworkMethod$1.runReflectiveCall(FrameworkMethod.java:50) ~[junit-4.12.jar:4.12]
	at org.junit.internal.runners.model.ReflectiveCallable.run(ReflectiveCallable.java:12) ~[junit-4.12.jar:4.12]
	at org.junit.runners.model.FrameworkMethod.invokeExplosively(FrameworkMethod.java:47) ~[junit-4.12.jar:4.12]
	at org.junit.internal.runners.statements.InvokeMethod.evaluate(InvokeMethod.java:17) ~[junit-4.12.jar:4.12]
	at org.junit.runners.ParentRunner.runLeaf(ParentRunner.java:325) ~[junit-4.12.jar:4.12]
	at org.junit.runners.BlockJUnit4ClassRunner.runChild(BlockJUnit4ClassRunner.java:78) ~[junit-4.12.jar:4.12]
	at org.junit.runners.BlockJUnit4ClassRunner.runChild(BlockJUnit4ClassRunner.java:57) ~[junit-4.12.jar:4.12]
	at org.junit.runners.ParentRunner$3.run(ParentRunner.java:290) ~[junit-4.12.jar:4.12]
	at org.junit.runners.ParentRunner$1.schedule(ParentRunner.java:71) ~[junit-4.12.jar:4.12]
	at org.junit.runners.ParentRunner.runChildren(ParentRunner.java:288) ~[junit-4.12.jar:4.12]
	at org.junit.runners.ParentRunner.access$000(ParentRunner.java:58) ~[junit-4.12.jar:4.12]
	at org.junit.runners.ParentRunner$2.evaluate(ParentRunner.java:268) ~[junit-4.12.jar:4.12]
	at org.junit.runners.ParentRunner.run(ParentRunner.java:363) ~[junit-4.12.jar:4.12]
	at org.junit.runner.JUnitCore.run(JUnitCore.java:137) ~[junit-4.12.jar:4.12]
	at org.junit.runner.JUnitCore.run(JUnitCore.java:115) ~[junit-4.12.jar:4.12]
	at org.junit.vintage.engine.execution.RunnerExecutor.execute(RunnerExecutor.java:42) ~[junit-vintage-engine-5.9.2.jar:5.9.2]
	at org.junit.vintage.engine.VintageTestEngine.executeAllChildren(VintageTestEngine.java:80) ~[junit-vintage-engine-5.9.2.jar:5.9.2]
	at org.junit.vintage.engine.VintageTestEngine.execute(VintageTestEngine.java:72) ~[junit-vintage-engine-5.9.2.jar:5.9.2]
	at org.junit.platform.launcher.core.EngineExecutionOrchestrator.execute(EngineExecutionOrchestrator.java:147) ~[junit-platform-launcher-1.9.2.jar:1.9.2]
	at org.junit.platform.launcher.core.EngineExecutionOrchestrator.execute(EngineExecutionOrchestrator.java:127) ~[junit-platform-launcher-1.9.2.jar:1.9.2]
	at org.junit.platform.launcher.core.EngineExecutionOrchestrator.execute(EngineExecutionOrchestrator.java:90) ~[junit-platform-launcher-1.9.2.jar:1.9.2]
	at org.junit.platform.launcher.core.EngineExecutionOrchestrator.lambda$execute$0(EngineExecutionOrchestrator.java:55) ~[junit-platform-launcher-1.9.2.jar:1.9.2]
	at org.junit.platform.launcher.core.EngineExecutionOrchestrator.withInterceptedStreams(EngineExecutionOrchestrator.java:102) [junit-platform-launcher-1.9.2.jar:1.9.2]
	at org.junit.platform.launcher.core.EngineExecutionOrchestrator.execute(EngineExecutionOrchestrator.java:54) [junit-platform-launcher-1.9.2.jar:1.9.2]
	at org.junit.platform.launcher.core.DefaultLauncher.execute(DefaultLauncher.java:114) [junit-platform-launcher-1.9.2.jar:1.9.2]
	at org.junit.platform.launcher.core.DefaultLauncher.execute(DefaultLauncher.java:86) [junit-platform-launcher-1.9.2.jar:1.9.2]
	at org.junit.platform.launcher.core.DefaultLauncherSession$DelegatingLauncher.execute(DefaultLauncherSession.java:86) [junit-platform-launcher-1.9.2.jar:1.9.2]
	at org.junit.platform.launcher.core.SessionPerRequestLauncher.execute(SessionPerRequestLauncher.java:53) [junit-platform-launcher-1.9.2.jar:1.9.2]
	at com.intellij.junit5.JUnit5IdeaTestRunner.startRunnerWithArgs(JUnit5IdeaTestRunner.java:57) [junit5-rt.jar:?]
	at com.intellij.rt.junit.IdeaTestRunner$Repeater$1.execute(IdeaTestRunner.java:38) [junit-rt.jar:?]
	at com.intellij.rt.execution.junit.TestsRepeater.repeat(TestsRepeater.java:11) [idea_rt.jar:?]
	at com.intellij.rt.junit.IdeaTestRunner$Repeater.startRunnerWithArgs(IdeaTestRunner.java:35) [junit-rt.jar:?]
	at com.intellij.rt.junit.JUnitStarter.prepareStreamsAndStart(JUnitStarter.java:235) [junit-rt.jar:?]
	at com.intellij.rt.junit.JUnitStarter.main(JUnitStarter.java:54) [junit-rt.jar:?]
2023-04-29 23:58:05,155 ERROR o.m.a.SimpleSchemaDatabase [main] Conflict with resource schema tile
2023-04-29 23:58:05,156 INFO o.m.a.SimpleSchemaDatabase [main] Replacing schema name !s1
2023-04-29 23:59:01,919 FATAL o.m.a.AbstractAttribute [main] failed to perform attribute cast
java.lang.ClassCastException: Cannot cast oogasalad.model.attribute.Attribute$MockitoMock$FpogWOA8 to oogasalad.model.attribute.AbstractAttributeTest$MockAttribute
	at java.lang.Class.cast(Class.java:3889) ~[?:?]
	at oogasalad.model.attribute.AbstractAttribute.getAs(AbstractAttribute.java:21) ~[classes/:?]
	at oogasalad.model.attribute.AbstractAttributeTest.testGetAs(AbstractAttributeTest.java:33) ~[test-classes/:?]
	at jdk.internal.reflect.NativeMethodAccessorImpl.invoke0(Native Method) ~[?:?]
	at jdk.internal.reflect.NativeMethodAccessorImpl.invoke(NativeMethodAccessorImpl.java:77) ~[?:?]
	at jdk.internal.reflect.DelegatingMethodAccessorImpl.invoke(DelegatingMethodAccessorImpl.java:43) ~[?:?]
	at java.lang.reflect.Method.invoke(Method.java:568) ~[?:?]
	at org.junit.runners.model.FrameworkMethod$1.runReflectiveCall(FrameworkMethod.java:50) ~[junit-4.12.jar:4.12]
	at org.junit.internal.runners.model.ReflectiveCallable.run(ReflectiveCallable.java:12) ~[junit-4.12.jar:4.12]
	at org.junit.runners.model.FrameworkMethod.invokeExplosively(FrameworkMethod.java:47) ~[junit-4.12.jar:4.12]
	at org.junit.internal.runners.statements.InvokeMethod.evaluate(InvokeMethod.java:17) ~[junit-4.12.jar:4.12]
	at org.junit.runners.ParentRunner.runLeaf(ParentRunner.java:325) ~[junit-4.12.jar:4.12]
	at org.junit.runners.BlockJUnit4ClassRunner.runChild(BlockJUnit4ClassRunner.java:78) ~[junit-4.12.jar:4.12]
	at org.junit.runners.BlockJUnit4ClassRunner.runChild(BlockJUnit4ClassRunner.java:57) ~[junit-4.12.jar:4.12]
	at org.junit.runners.ParentRunner$3.run(ParentRunner.java:290) ~[junit-4.12.jar:4.12]
	at org.junit.runners.ParentRunner$1.schedule(ParentRunner.java:71) ~[junit-4.12.jar:4.12]
	at org.junit.runners.ParentRunner.runChildren(ParentRunner.java:288) ~[junit-4.12.jar:4.12]
	at org.junit.runners.ParentRunner.access$000(ParentRunner.java:58) ~[junit-4.12.jar:4.12]
	at org.junit.runners.ParentRunner$2.evaluate(ParentRunner.java:268) ~[junit-4.12.jar:4.12]
	at org.junit.runners.ParentRunner.run(ParentRunner.java:363) ~[junit-4.12.jar:4.12]
	at org.junit.runner.JUnitCore.run(JUnitCore.java:137) ~[junit-4.12.jar:4.12]
	at org.junit.runner.JUnitCore.run(JUnitCore.java:115) ~[junit-4.12.jar:4.12]
	at org.junit.vintage.engine.execution.RunnerExecutor.execute(RunnerExecutor.java:42) ~[junit-vintage-engine-5.9.2.jar:5.9.2]
	at org.junit.vintage.engine.VintageTestEngine.executeAllChildren(VintageTestEngine.java:80) ~[junit-vintage-engine-5.9.2.jar:5.9.2]
	at org.junit.vintage.engine.VintageTestEngine.execute(VintageTestEngine.java:72) ~[junit-vintage-engine-5.9.2.jar:5.9.2]
	at org.junit.platform.launcher.core.EngineExecutionOrchestrator.execute(EngineExecutionOrchestrator.java:147) ~[junit-platform-launcher-1.9.2.jar:1.9.2]
	at org.junit.platform.launcher.core.EngineExecutionOrchestrator.execute(EngineExecutionOrchestrator.java:127) ~[junit-platform-launcher-1.9.2.jar:1.9.2]
	at org.junit.platform.launcher.core.EngineExecutionOrchestrator.execute(EngineExecutionOrchestrator.java:90) ~[junit-platform-launcher-1.9.2.jar:1.9.2]
	at org.junit.platform.launcher.core.EngineExecutionOrchestrator.lambda$execute$0(EngineExecutionOrchestrator.java:55) ~[junit-platform-launcher-1.9.2.jar:1.9.2]
	at org.junit.platform.launcher.core.EngineExecutionOrchestrator.withInterceptedStreams(EngineExecutionOrchestrator.java:102) [junit-platform-launcher-1.9.2.jar:1.9.2]
	at org.junit.platform.launcher.core.EngineExecutionOrchestrator.execute(EngineExecutionOrchestrator.java:54) [junit-platform-launcher-1.9.2.jar:1.9.2]
	at org.junit.platform.launcher.core.DefaultLauncher.execute(DefaultLauncher.java:114) [junit-platform-launcher-1.9.2.jar:1.9.2]
	at org.junit.platform.launcher.core.DefaultLauncher.execute(DefaultLauncher.java:86) [junit-platform-launcher-1.9.2.jar:1.9.2]
	at org.junit.platform.launcher.core.DefaultLauncherSession$DelegatingLauncher.execute(DefaultLauncherSession.java:86) [junit-platform-launcher-1.9.2.jar:1.9.2]
	at org.junit.platform.launcher.core.SessionPerRequestLauncher.execute(SessionPerRequestLauncher.java:53) [junit-platform-launcher-1.9.2.jar:1.9.2]
	at com.intellij.junit5.JUnit5IdeaTestRunner.startRunnerWithArgs(JUnit5IdeaTestRunner.java:57) [junit5-rt.jar:?]
	at com.intellij.rt.junit.IdeaTestRunner$Repeater$1.execute(IdeaTestRunner.java:38) [junit-rt.jar:?]
	at com.intellij.rt.execution.junit.TestsRepeater.repeat(TestsRepeater.java:11) [idea_rt.jar:?]
	at com.intellij.rt.junit.IdeaTestRunner$Repeater.startRunnerWithArgs(IdeaTestRunner.java:35) [junit-rt.jar:?]
	at com.intellij.rt.junit.JUnitStarter.prepareStreamsAndStart(JUnitStarter.java:235) [junit-rt.jar:?]
	at com.intellij.rt.junit.JUnitStarter.main(JUnitStarter.java:54) [junit-rt.jar:?]
2023-04-29 23:59:06,352 ERROR o.m.a.SimpleSchemaDatabase [main] Conflict with resource schema tile
2023-04-29 23:59:06,355 INFO o.m.a.SimpleSchemaDatabase [main] Replacing schema name !s1
