2023-04-30 15:11:30,194 INFO o.m.e.a.CheckTileWinAction [main] Checking if Current Game Player Status Satisfies Tile Winning Condition
2023-04-30 15:11:30,245 INFO o.m.e.a.CheckTileWinAction [main] Checking if Current Game Player Status Satisfies Tile Winning Condition
2023-04-30 15:11:30,333 INFO o.m.e.a.CheckTileWinAction [main] Checking if Current Game Player Status Satisfies Tile Winning Condition
2023-04-30 15:12:27,898 INFO o.m.e.a.CheckTileWinAction [main] Checking if Current Game Player Status Satisfies Tile Winning Condition
2023-04-30 15:12:56,954 INFO o.m.e.a.CheckTileWinAction [main] Checking if Current Game Player Status Satisfies Tile Winning Condition
2023-04-30 15:12:57,074 INFO o.m.e.a.CheckTileWinAction [main] Checking if Current Game Player Status Satisfies Tile Winning Condition
2023-04-30 15:13:22,714 INFO o.m.e.a.CheckTileWinAction [main] Checking if Current Game Player Status Satisfies Tile Winning Condition
2023-04-30 15:13:22,759 INFO o.m.e.a.CheckTileWinAction [main] Checking if Current Game Player Status Satisfies Tile Winning Condition
2023-04-30 15:13:22,759 INFO o.m.e.a.CheckTileWinAction [main] Satisfied Condition, Ending Game
2023-04-30 15:13:22,838 INFO o.m.e.a.CheckTileWinAction [main] Checking if Current Game Player Status Satisfies Tile Winning Condition
2023-04-30 15:13:22,838 INFO o.m.e.a.CheckTileWinAction [main] Satisfied Condition, Ending Game
2023-04-30 15:14:14,545 INFO o.m.e.a.CheckTileWinAction [main] Checking if Current Game Player Status Satisfies Tile Winning Condition
2023-04-30 15:14:14,582 INFO o.m.e.a.CheckTileWinAction [main] Checking if Current Game Player Status Satisfies Tile Winning Condition
2023-04-30 15:14:14,582 INFO o.m.e.a.CheckTileWinAction [main] Satisfied Condition, Ending Game
2023-04-30 15:14:14,676 INFO o.m.e.a.CheckTileWinAction [main] Checking if Current Game Player Status Satisfies Tile Winning Condition
2023-04-30 15:14:14,688 INFO o.m.e.a.CheckTileWinAction [main] Checking if Current Game Player Status Satisfies Tile Winning Condition
2023-04-30 15:14:14,688 INFO o.m.e.a.CheckTileWinAction [main] Satisfied Condition, Ending Game
2023-04-30 15:33:58,104 FATAL o.m.a.AbstractAttribute [main] failed to perform attribute cast
java.lang.ClassCastException: Cannot cast oogasalad.model.attribute.Attribute$MockitoMock$Icj25q3U to oogasalad.model.attribute.AbstractAttributeTest$MockAttribute
	at java.lang.Class.cast(Class.java:3889) ~[?:?]
	at oogasalad.model.attribute.AbstractAttribute.getAs(AbstractAttribute.java:21) ~[classes/:?]
	at oogasalad.model.attribute.AbstractAttributeTest.testGetAs(AbstractAttributeTest.java:33) ~[test-classes/:?]
	at jdk.internal.reflect.NativeMethodAccessorImpl.invoke0(Native Method) ~[?:?]
	at jdk.internal.reflect.NativeMethodAccessorImpl.invoke(NativeMethodAccessorImpl.java:77) ~[?:?]
	at jdk.internal.reflect.DelegatingMethodAccessorImpl.invoke(DelegatingMethodAccessorImpl.java:43) ~[?:?]
	at java.lang.reflect.Method.invoke(Method.java:568) ~[?:?]
	at org.junit.runners.model.FrameworkMethod$1.runReflectiveCall(FrameworkMethod.java:50) ~[junit-4.12.jar:4.12]
	at org.junit.internal.runners.model.ReflectiveCallable.run(ReflectiveCallable.java:12) ~[junit-4.12.jar:4.12]
	at org.junit.runners.model.FrameworkMethod.invokeExplosively(FrameworkMethod.java:47) ~[junit-4.12.jar:4.12]
	at org.junit.internal.runners.statements.InvokeMethod.evaluate(InvokeMethod.java:17) ~[junit-4.12.jar:4.12]
	at org.junit.runners.ParentRunner.runLeaf(ParentRunner.java:325) ~[junit-4.12.jar:4.12]
	at org.junit.runners.BlockJUnit4ClassRunner.runChild(BlockJUnit4ClassRunner.java:78) ~[junit-4.12.jar:4.12]
	at org.junit.runners.BlockJUnit4ClassRunner.runChild(BlockJUnit4ClassRunner.java:57) ~[junit-4.12.jar:4.12]
	at org.junit.runners.ParentRunner$3.run(ParentRunner.java:290) ~[junit-4.12.jar:4.12]
	at org.junit.runners.ParentRunner$1.schedule(ParentRunner.java:71) ~[junit-4.12.jar:4.12]
	at org.junit.runners.ParentRunner.runChildren(ParentRunner.java:288) ~[junit-4.12.jar:4.12]
	at org.junit.runners.ParentRunner.access$000(ParentRunner.java:58) ~[junit-4.12.jar:4.12]
	at org.junit.runners.ParentRunner$2.evaluate(ParentRunner.java:268) ~[junit-4.12.jar:4.12]
	at org.junit.runners.ParentRunner.run(ParentRunner.java:363) ~[junit-4.12.jar:4.12]
	at org.junit.runner.JUnitCore.run(JUnitCore.java:137) ~[junit-4.12.jar:4.12]
	at org.junit.runner.JUnitCore.run(JUnitCore.java:115) ~[junit-4.12.jar:4.12]
	at org.junit.vintage.engine.execution.RunnerExecutor.execute(RunnerExecutor.java:42) ~[junit-vintage-engine-5.9.2.jar:5.9.2]
	at org.junit.vintage.engine.VintageTestEngine.executeAllChildren(VintageTestEngine.java:80) ~[junit-vintage-engine-5.9.2.jar:5.9.2]
	at org.junit.vintage.engine.VintageTestEngine.execute(VintageTestEngine.java:72) ~[junit-vintage-engine-5.9.2.jar:5.9.2]
	at org.junit.platform.launcher.core.EngineExecutionOrchestrator.execute(EngineExecutionOrchestrator.java:147) ~[junit-platform-launcher-1.9.2.jar:1.9.2]
	at org.junit.platform.launcher.core.EngineExecutionOrchestrator.execute(EngineExecutionOrchestrator.java:127) ~[junit-platform-launcher-1.9.2.jar:1.9.2]
	at org.junit.platform.launcher.core.EngineExecutionOrchestrator.execute(EngineExecutionOrchestrator.java:90) ~[junit-platform-launcher-1.9.2.jar:1.9.2]
	at org.junit.platform.launcher.core.EngineExecutionOrchestrator.lambda$execute$0(EngineExecutionOrchestrator.java:55) ~[junit-platform-launcher-1.9.2.jar:1.9.2]
	at org.junit.platform.launcher.core.EngineExecutionOrchestrator.withInterceptedStreams(EngineExecutionOrchestrator.java:102) [junit-platform-launcher-1.9.2.jar:1.9.2]
	at org.junit.platform.launcher.core.EngineExecutionOrchestrator.execute(EngineExecutionOrchestrator.java:54) [junit-platform-launcher-1.9.2.jar:1.9.2]
	at org.junit.platform.launcher.core.DefaultLauncher.execute(DefaultLauncher.java:114) [junit-platform-launcher-1.9.2.jar:1.9.2]
	at org.junit.platform.launcher.core.DefaultLauncher.execute(DefaultLauncher.java:86) [junit-platform-launcher-1.9.2.jar:1.9.2]
	at org.junit.platform.launcher.core.DefaultLauncherSession$DelegatingLauncher.execute(DefaultLauncherSession.java:86) [junit-platform-launcher-1.9.2.jar:1.9.2]
	at org.junit.platform.launcher.core.SessionPerRequestLauncher.execute(SessionPerRequestLauncher.java:53) [junit-platform-launcher-1.9.2.jar:1.9.2]
	at com.intellij.junit5.JUnit5IdeaTestRunner.startRunnerWithArgs(JUnit5IdeaTestRunner.java:57) [junit5-rt.jar:?]
	at com.intellij.rt.junit.IdeaTestRunner$Repeater$1.execute(IdeaTestRunner.java:38) [junit-rt.jar:?]
	at com.intellij.rt.execution.junit.TestsRepeater.repeat(TestsRepeater.java:11) [idea_rt.jar:?]
	at com.intellij.rt.junit.IdeaTestRunner$Repeater.startRunnerWithArgs(IdeaTestRunner.java:35) [junit-rt.jar:?]
	at com.intellij.rt.junit.JUnitStarter.prepareStreamsAndStart(JUnitStarter.java:235) [junit-rt.jar:?]
	at com.intellij.rt.junit.JUnitStarter.main(JUnitStarter.java:54) [junit-rt.jar:?]
2023-04-30 15:34:02,471 INFO o.m.e.a.CheckTileWinAction [main] Checking if Current Game Player Status Satisfies Tile Winning Condition
2023-04-30 15:34:02,482 INFO o.m.e.a.CheckTileWinAction [main] Checking if Current Game Player Status Satisfies Tile Winning Condition
2023-04-30 15:34:02,482 INFO o.m.e.a.CheckTileWinAction [main] Satisfied Condition, Ending Game
2023-04-30 15:34:02,491 INFO o.m.e.a.CheckTileWinAction [main] Checking if Current Game Player Status Satisfies Tile Winning Condition
2023-04-30 15:34:02,494 INFO o.m.e.a.CheckTileWinAction [main] Checking if Current Game Player Status Satisfies Tile Winning Condition
2023-04-30 15:34:02,494 INFO o.m.e.a.CheckTileWinAction [main] Satisfied Condition, Ending Game
2023-04-30 15:34:02,533 INFO o.m.e.a.CheckAndRemovePlayerAction [main] Player player1 Removed from Game Due to Low Score Condition
2023-04-30 15:34:02,545 INFO o.m.e.a.CheckAndRemovePlayerAction [main] Player player1 Removed from Game Due to Low Score Condition
2023-04-30 15:34:02,551 INFO o.m.e.a.CheckAndRemovePlayerAction [main] Player player1 Removed from Game Due to Low Score Condition
2023-04-30 15:34:03,117 INFO o.m.e.a.CheckStandingWinAction [main] Checking if Current Game Players Status Satisfies Standing Winning Condition
2023-04-30 15:34:03,120 INFO o.m.e.a.CheckStandingWinAction [main] Checking if Current Game Players Status Satisfies Standing Winning Condition
2023-04-30 15:34:03,121 INFO o.m.e.a.CheckStandingWinAction [main] Satisfied Condition, Ending Game
2023-04-30 15:34:04,155 ERROR o.m.a.SimpleSchemaDatabase [main] Conflict with resource schema tile
2023-04-30 15:34:04,156 INFO o.m.a.SimpleSchemaDatabase [main] Replacing schema name !s1
2023-04-30 15:34:04,317 INFO o.m.e.a.AlterPlayerScoreAction [main] Update Player Score
2023-04-30 15:56:14,804 INFO o.m.e.a.CreatePlayersAction [main] Create Game Players upon User Selection
2023-04-30 15:56:14,809 INFO o.m.e.a.CreatePlayersAction [main] Emit Player Creation Event
2023-04-30 15:58:44,792 INFO o.m.e.a.CreatePlayersAction [main] Create Game Players upon User Selection
2023-04-30 15:58:44,798 INFO o.m.e.a.CreatePlayersAction [main] Emit Player Creation Event
2023-04-30 15:59:18,311 INFO o.m.e.a.CreatePlayersAction [main] Create Game Players upon User Selection
2023-04-30 15:59:18,317 INFO o.m.e.a.CreatePlayersAction [main] Emit Player Creation Event
2023-04-30 15:59:18,487 INFO o.m.e.a.CreatePlayersAction [main] Create Game Players upon User Selection
2023-04-30 15:59:18,488 INFO o.m.e.a.CreatePlayersAction [main] Emit Player Creation Event
2023-04-30 15:59:27,002 INFO o.m.e.a.CreatePlayersAction [main] Create Game Players upon User Selection
2023-04-30 15:59:27,009 INFO o.m.e.a.CreatePlayersAction [main] Emit Player Creation Event
2023-04-30 15:59:27,177 INFO o.m.e.a.CreatePlayersAction [main] Create Game Players upon User Selection
2023-04-30 15:59:27,177 INFO o.m.e.a.CreatePlayersAction [main] Emit Player Creation Event
2023-04-30 15:59:53,102 FATAL o.m.a.AbstractAttribute [main] failed to perform attribute cast
java.lang.ClassCastException: Cannot cast oogasalad.model.attribute.Attribute$MockitoMock$IQXUSWLz to oogasalad.model.attribute.AbstractAttributeTest$MockAttribute
	at java.lang.Class.cast(Class.java:3889) ~[?:?]
	at oogasalad.model.attribute.AbstractAttribute.getAs(AbstractAttribute.java:21) ~[classes/:?]
	at oogasalad.model.attribute.AbstractAttributeTest.testGetAs(AbstractAttributeTest.java:33) ~[test-classes/:?]
	at jdk.internal.reflect.NativeMethodAccessorImpl.invoke0(Native Method) ~[?:?]
	at jdk.internal.reflect.NativeMethodAccessorImpl.invoke(NativeMethodAccessorImpl.java:77) ~[?:?]
	at jdk.internal.reflect.DelegatingMethodAccessorImpl.invoke(DelegatingMethodAccessorImpl.java:43) ~[?:?]
	at java.lang.reflect.Method.invoke(Method.java:568) ~[?:?]
	at org.junit.runners.model.FrameworkMethod$1.runReflectiveCall(FrameworkMethod.java:50) ~[junit-4.12.jar:4.12]
	at org.junit.internal.runners.model.ReflectiveCallable.run(ReflectiveCallable.java:12) ~[junit-4.12.jar:4.12]
	at org.junit.runners.model.FrameworkMethod.invokeExplosively(FrameworkMethod.java:47) ~[junit-4.12.jar:4.12]
	at org.junit.internal.runners.statements.InvokeMethod.evaluate(InvokeMethod.java:17) ~[junit-4.12.jar:4.12]
	at org.junit.runners.ParentRunner.runLeaf(ParentRunner.java:325) ~[junit-4.12.jar:4.12]
	at org.junit.runners.BlockJUnit4ClassRunner.runChild(BlockJUnit4ClassRunner.java:78) ~[junit-4.12.jar:4.12]
	at org.junit.runners.BlockJUnit4ClassRunner.runChild(BlockJUnit4ClassRunner.java:57) ~[junit-4.12.jar:4.12]
	at org.junit.runners.ParentRunner$3.run(ParentRunner.java:290) ~[junit-4.12.jar:4.12]
	at org.junit.runners.ParentRunner$1.schedule(ParentRunner.java:71) ~[junit-4.12.jar:4.12]
	at org.junit.runners.ParentRunner.runChildren(ParentRunner.java:288) ~[junit-4.12.jar:4.12]
	at org.junit.runners.ParentRunner.access$000(ParentRunner.java:58) ~[junit-4.12.jar:4.12]
	at org.junit.runners.ParentRunner$2.evaluate(ParentRunner.java:268) ~[junit-4.12.jar:4.12]
	at org.junit.runners.ParentRunner.run(ParentRunner.java:363) ~[junit-4.12.jar:4.12]
	at org.junit.runner.JUnitCore.run(JUnitCore.java:137) ~[junit-4.12.jar:4.12]
	at org.junit.runner.JUnitCore.run(JUnitCore.java:115) ~[junit-4.12.jar:4.12]
	at org.junit.vintage.engine.execution.RunnerExecutor.execute(RunnerExecutor.java:42) ~[junit-vintage-engine-5.9.2.jar:5.9.2]
	at org.junit.vintage.engine.VintageTestEngine.executeAllChildren(VintageTestEngine.java:80) ~[junit-vintage-engine-5.9.2.jar:5.9.2]
	at org.junit.vintage.engine.VintageTestEngine.execute(VintageTestEngine.java:72) ~[junit-vintage-engine-5.9.2.jar:5.9.2]
	at org.junit.platform.launcher.core.EngineExecutionOrchestrator.execute(EngineExecutionOrchestrator.java:147) ~[junit-platform-launcher-1.9.2.jar:1.9.2]
	at org.junit.platform.launcher.core.EngineExecutionOrchestrator.execute(EngineExecutionOrchestrator.java:127) ~[junit-platform-launcher-1.9.2.jar:1.9.2]
	at org.junit.platform.launcher.core.EngineExecutionOrchestrator.execute(EngineExecutionOrchestrator.java:90) ~[junit-platform-launcher-1.9.2.jar:1.9.2]
	at org.junit.platform.launcher.core.EngineExecutionOrchestrator.lambda$execute$0(EngineExecutionOrchestrator.java:55) ~[junit-platform-launcher-1.9.2.jar:1.9.2]
	at org.junit.platform.launcher.core.EngineExecutionOrchestrator.withInterceptedStreams(EngineExecutionOrchestrator.java:102) [junit-platform-launcher-1.9.2.jar:1.9.2]
	at org.junit.platform.launcher.core.EngineExecutionOrchestrator.execute(EngineExecutionOrchestrator.java:54) [junit-platform-launcher-1.9.2.jar:1.9.2]
	at org.junit.platform.launcher.core.DefaultLauncher.execute(DefaultLauncher.java:114) [junit-platform-launcher-1.9.2.jar:1.9.2]
	at org.junit.platform.launcher.core.DefaultLauncher.execute(DefaultLauncher.java:86) [junit-platform-launcher-1.9.2.jar:1.9.2]
	at org.junit.platform.launcher.core.DefaultLauncherSession$DelegatingLauncher.execute(DefaultLauncherSession.java:86) [junit-platform-launcher-1.9.2.jar:1.9.2]
	at org.junit.platform.launcher.core.SessionPerRequestLauncher.execute(SessionPerRequestLauncher.java:53) [junit-platform-launcher-1.9.2.jar:1.9.2]
	at com.intellij.junit5.JUnit5IdeaTestRunner.startRunnerWithArgs(JUnit5IdeaTestRunner.java:57) [junit5-rt.jar:?]
	at com.intellij.rt.junit.IdeaTestRunner$Repeater$1.execute(IdeaTestRunner.java:38) [junit-rt.jar:?]
	at com.intellij.rt.execution.junit.TestsRepeater.repeat(TestsRepeater.java:11) [idea_rt.jar:?]
	at com.intellij.rt.junit.IdeaTestRunner$Repeater.startRunnerWithArgs(IdeaTestRunner.java:35) [junit-rt.jar:?]
	at com.intellij.rt.junit.JUnitStarter.prepareStreamsAndStart(JUnitStarter.java:235) [junit-rt.jar:?]
	at com.intellij.rt.junit.JUnitStarter.main(JUnitStarter.java:54) [junit-rt.jar:?]
2023-04-30 15:59:57,512 INFO o.m.e.a.CheckTileWinAction [main] Checking if Current Game Player Status Satisfies Tile Winning Condition
2023-04-30 15:59:57,525 INFO o.m.e.a.CheckTileWinAction [main] Checking if Current Game Player Status Satisfies Tile Winning Condition
2023-04-30 15:59:57,525 INFO o.m.e.a.CheckTileWinAction [main] Satisfied Condition, Ending Game
2023-04-30 15:59:57,534 INFO o.m.e.a.CheckTileWinAction [main] Checking if Current Game Player Status Satisfies Tile Winning Condition
2023-04-30 15:59:57,538 INFO o.m.e.a.CheckTileWinAction [main] Checking if Current Game Player Status Satisfies Tile Winning Condition
2023-04-30 15:59:57,538 INFO o.m.e.a.CheckTileWinAction [main] Satisfied Condition, Ending Game
2023-04-30 15:59:57,565 INFO o.m.e.a.CheckAndRemovePlayerAction [main] Player player1 Removed from Game Due to Low Score Condition
2023-04-30 15:59:57,571 INFO o.m.e.a.CheckAndRemovePlayerAction [main] Player player1 Removed from Game Due to Low Score Condition
2023-04-30 15:59:57,577 INFO o.m.e.a.CheckAndRemovePlayerAction [main] Player player1 Removed from Game Due to Low Score Condition
2023-04-30 15:59:58,172 INFO o.m.e.a.CheckStandingWinAction [main] Checking if Current Game Players Status Satisfies Standing Winning Condition
2023-04-30 15:59:58,175 INFO o.m.e.a.CheckStandingWinAction [main] Checking if Current Game Players Status Satisfies Standing Winning Condition
2023-04-30 15:59:58,175 INFO o.m.e.a.CheckStandingWinAction [main] Satisfied Condition, Ending Game
2023-04-30 15:59:58,342 INFO o.m.e.a.CreatePlayersAction [main] Create Game Players upon User Selection
2023-04-30 15:59:58,342 INFO o.m.e.a.CreatePlayersAction [main] Emit Player Creation Event
2023-04-30 15:59:58,403 INFO o.m.e.a.CreatePlayersAction [main] Create Game Players upon User Selection
2023-04-30 15:59:58,403 INFO o.m.e.a.CreatePlayersAction [main] Emit Player Creation Event
2023-04-30 15:59:59,295 ERROR o.m.a.SimpleSchemaDatabase [main] Conflict with resource schema tile
2023-04-30 15:59:59,295 INFO o.m.a.SimpleSchemaDatabase [main] Replacing schema name !s1
2023-04-30 15:59:59,456 INFO o.m.e.a.AlterPlayerScoreAction [main] Update Player Score
