2023-04-13 15:40:33,424 TRACE o.m.e.SimpleActionQueue [JavaFX Application Thread] action EventAction[event=oogasalad.model.engine.events.StartGameEvent@672b751f] added to queue with priority 0
2023-04-13 15:40:33,460 TRACE o.m.e.SimpleActionQueue [JavaFX Application Thread] polled EventAction[event=oogasalad.model.engine.events.StartGameEvent@672b751f]
2023-04-13 15:40:33,460 TRACE o.m.e.SimpleEngine [JavaFX Application Thread] running action EventAction[event=oogasalad.model.engine.events.StartGameEvent@672b751f]
2023-04-13 15:40:33,461 TRACE o.m.e.SimpleEngine [JavaFX Application Thread] triggering event oogasalad.model.engine.events.StartGameEvent@672b751f
2023-04-13 15:40:33,461 TRACE o.m.e.SimpleActionQueue [JavaFX Application Thread] action EventAction[event=oogasalad.model.engine.events.StartTurnEvent@5773ea9b] added to queue with priority 10
2023-04-13 15:40:33,461 TRACE o.m.e.SimpleActionQueue [JavaFX Application Thread] polled EventAction[event=oogasalad.model.engine.events.StartTurnEvent@5773ea9b]
2023-04-13 15:40:33,461 TRACE o.m.e.SimpleEngine [JavaFX Application Thread] running action EventAction[event=oogasalad.model.engine.events.StartTurnEvent@5773ea9b]
2023-04-13 15:40:33,461 TRACE o.m.e.SimpleEngine [JavaFX Application Thread] triggering event oogasalad.model.engine.events.StartTurnEvent@5773ea9b
2023-04-13 15:40:33,461 TRACE o.m.e.SimpleActionQueue [JavaFX Application Thread] action EventAction[event=oogasalad.model.engine.events.StartTurnEvent@4ca470c8] added to queue with priority 10
2023-04-13 15:40:33,462 TRACE o.m.e.SimpleActionQueue [JavaFX Application Thread] action oogasalad.model.engine.actions.RollDieAndMoveAction@2168f785 added to queue with priority 1
2023-04-13 15:40:33,468 TRACE o.m.e.SimpleActionQueue [JavaFX Application Thread] polled oogasalad.model.engine.actions.RollDieAndMoveAction@2168f785
2023-04-13 15:40:33,468 TRACE o.m.e.SimpleEngine [JavaFX Application Thread] running action oogasalad.model.engine.actions.RollDieAndMoveAction@2168f785
2023-04-13 15:40:36,635 TRACE o.m.e.SimpleEngine [JavaFX Application Thread] triggering event oogasalad.model.engine.events.DieRolledEvent@45058a54
2023-04-13 15:40:36,652 TRACE o.m.e.SimpleEngine [JavaFX Application Thread] triggering event oogasalad.model.engine.events.TileLandedEvent@478bd657
2023-04-13 15:40:36,655 TRACE o.m.e.SimpleActionQueue [JavaFX Application Thread] action oogasalad.model.engine.actions.BuyAction@2451a2f0 added to queue with priority 1
2023-04-13 15:40:36,655 TRACE o.m.e.SimpleActionQueue [JavaFX Application Thread] polled oogasalad.model.engine.actions.BuyAction@2451a2f0
2023-04-13 15:40:36,655 TRACE o.m.e.SimpleEngine [JavaFX Application Thread] running action oogasalad.model.engine.actions.BuyAction@2451a2f0
2023-04-13 15:40:38,529 TRACE o.m.e.SimpleActionQueue [JavaFX Application Thread] polled EventAction[event=oogasalad.model.engine.events.StartTurnEvent@4ca470c8]
2023-04-13 15:40:38,530 TRACE o.m.e.SimpleEngine [JavaFX Application Thread] running action EventAction[event=oogasalad.model.engine.events.StartTurnEvent@4ca470c8]
2023-04-13 15:40:38,530 TRACE o.m.e.SimpleEngine [JavaFX Application Thread] triggering event oogasalad.model.engine.events.StartTurnEvent@4ca470c8
2023-04-13 15:40:38,530 TRACE o.m.e.SimpleActionQueue [JavaFX Application Thread] action EventAction[event=oogasalad.model.engine.events.StartTurnEvent@1b52f957] added to queue with priority 10
2023-04-13 15:40:38,530 TRACE o.m.e.SimpleActionQueue [JavaFX Application Thread] action oogasalad.model.engine.actions.RollDieAndMoveAction@7ad4e6e7 added to queue with priority 1
2023-04-13 15:40:38,530 TRACE o.m.e.SimpleActionQueue [JavaFX Application Thread] polled oogasalad.model.engine.actions.RollDieAndMoveAction@7ad4e6e7
2023-04-13 15:40:38,530 TRACE o.m.e.SimpleEngine [JavaFX Application Thread] running action oogasalad.model.engine.actions.RollDieAndMoveAction@7ad4e6e7
2023-04-13 15:40:39,435 TRACE o.m.e.SimpleEngine [JavaFX Application Thread] triggering event oogasalad.model.engine.events.DieRolledEvent@6c378e9d
2023-04-13 15:40:39,445 TRACE o.m.e.SimpleEngine [JavaFX Application Thread] triggering event oogasalad.model.engine.events.TileLandedEvent@13dd50af
2023-04-13 15:40:39,445 TRACE o.m.e.SimpleActionQueue [JavaFX Application Thread] action oogasalad.model.engine.actions.BuyAction@1f499bc2 added to queue with priority 1
2023-04-13 15:40:39,446 TRACE o.m.e.SimpleActionQueue [JavaFX Application Thread] polled oogasalad.model.engine.actions.BuyAction@1f499bc2
2023-04-13 15:40:39,447 TRACE o.m.e.SimpleEngine [JavaFX Application Thread] running action oogasalad.model.engine.actions.BuyAction@1f499bc2
2023-04-13 15:40:40,962 TRACE o.m.e.SimpleActionQueue [JavaFX Application Thread] polled EventAction[event=oogasalad.model.engine.events.StartTurnEvent@1b52f957]
2023-04-13 15:40:40,962 TRACE o.m.e.SimpleEngine [JavaFX Application Thread] running action EventAction[event=oogasalad.model.engine.events.StartTurnEvent@1b52f957]
2023-04-13 15:40:40,963 TRACE o.m.e.SimpleEngine [JavaFX Application Thread] triggering event oogasalad.model.engine.events.StartTurnEvent@1b52f957
2023-04-13 15:40:40,963 TRACE o.m.e.SimpleActionQueue [JavaFX Application Thread] action EventAction[event=oogasalad.model.engine.events.StartTurnEvent@343cfa29] added to queue with priority 10
2023-04-13 15:40:40,963 TRACE o.m.e.SimpleActionQueue [JavaFX Application Thread] action oogasalad.model.engine.actions.RollDieAndMoveAction@519beffc added to queue with priority 1
2023-04-13 15:40:40,963 TRACE o.m.e.SimpleActionQueue [JavaFX Application Thread] polled oogasalad.model.engine.actions.RollDieAndMoveAction@519beffc
2023-04-13 15:40:40,963 TRACE o.m.e.SimpleEngine [JavaFX Application Thread] running action oogasalad.model.engine.actions.RollDieAndMoveAction@519beffc
2023-04-13 15:42:26,351 TRACE o.m.e.SimpleActionQueue [JavaFX Application Thread] action EventAction[event=oogasalad.model.engine.events.StartGameEvent@78d95f39] added to queue with priority 0
2023-04-13 15:42:26,384 TRACE o.m.e.SimpleActionQueue [JavaFX Application Thread] polled EventAction[event=oogasalad.model.engine.events.StartGameEvent@78d95f39]
2023-04-13 15:42:26,384 TRACE o.m.e.SimpleEngine [JavaFX Application Thread] running action EventAction[event=oogasalad.model.engine.events.StartGameEvent@78d95f39]
2023-04-13 15:42:26,385 TRACE o.m.e.SimpleEngine [JavaFX Application Thread] triggering event oogasalad.model.engine.events.StartGameEvent@78d95f39
2023-04-13 15:42:26,385 TRACE o.m.e.SimpleActionQueue [JavaFX Application Thread] action EventAction[event=oogasalad.model.engine.events.StartTurnEvent@4bdaa382] added to queue with priority 10
2023-04-13 15:42:26,385 TRACE o.m.e.SimpleActionQueue [JavaFX Application Thread] polled EventAction[event=oogasalad.model.engine.events.StartTurnEvent@4bdaa382]
2023-04-13 15:42:26,385 TRACE o.m.e.SimpleEngine [JavaFX Application Thread] running action EventAction[event=oogasalad.model.engine.events.StartTurnEvent@4bdaa382]
2023-04-13 15:42:26,385 TRACE o.m.e.SimpleEngine [JavaFX Application Thread] triggering event oogasalad.model.engine.events.StartTurnEvent@4bdaa382
2023-04-13 15:42:26,385 TRACE o.m.e.SimpleActionQueue [JavaFX Application Thread] action EventAction[event=oogasalad.model.engine.events.StartTurnEvent@ec0425b] added to queue with priority 10
2023-04-13 15:42:26,386 TRACE o.m.e.SimpleActionQueue [JavaFX Application Thread] action oogasalad.model.engine.actions.RollDieAndMoveAction@4f49a8da added to queue with priority 1
2023-04-13 15:42:26,392 TRACE o.m.e.SimpleActionQueue [JavaFX Application Thread] polled oogasalad.model.engine.actions.RollDieAndMoveAction@4f49a8da
2023-04-13 15:42:26,393 TRACE o.m.e.SimpleEngine [JavaFX Application Thread] running action oogasalad.model.engine.actions.RollDieAndMoveAction@4f49a8da
2023-04-13 15:42:30,245 TRACE o.m.e.SimpleEngine [JavaFX Application Thread] triggering event oogasalad.model.engine.events.DieRolledEvent@6088ab1e
2023-04-13 15:42:30,260 TRACE o.m.e.SimpleEngine [JavaFX Application Thread] triggering event oogasalad.model.engine.events.TileLandedEvent@18921627
2023-04-13 15:42:30,264 TRACE o.m.e.SimpleActionQueue [JavaFX Application Thread] action oogasalad.model.engine.actions.BuyAction@6ba79374 added to queue with priority 1
2023-04-13 15:42:30,264 TRACE o.m.e.SimpleActionQueue [JavaFX Application Thread] polled oogasalad.model.engine.actions.BuyAction@6ba79374
2023-04-13 15:42:30,264 TRACE o.m.e.SimpleEngine [JavaFX Application Thread] running action oogasalad.model.engine.actions.BuyAction@6ba79374
2023-04-13 15:42:31,623 TRACE o.m.e.SimpleActionQueue [JavaFX Application Thread] polled EventAction[event=oogasalad.model.engine.events.StartTurnEvent@ec0425b]
2023-04-13 15:42:31,623 TRACE o.m.e.SimpleEngine [JavaFX Application Thread] running action EventAction[event=oogasalad.model.engine.events.StartTurnEvent@ec0425b]
2023-04-13 15:42:31,624 TRACE o.m.e.SimpleEngine [JavaFX Application Thread] triggering event oogasalad.model.engine.events.StartTurnEvent@ec0425b
2023-04-13 15:42:31,624 TRACE o.m.e.SimpleActionQueue [JavaFX Application Thread] action EventAction[event=oogasalad.model.engine.events.StartTurnEvent@38758f7b] added to queue with priority 10
2023-04-13 15:42:31,624 TRACE o.m.e.SimpleActionQueue [JavaFX Application Thread] action oogasalad.model.engine.actions.RollDieAndMoveAction@30a3116e added to queue with priority 1
2023-04-13 15:42:31,624 TRACE o.m.e.SimpleActionQueue [JavaFX Application Thread] polled oogasalad.model.engine.actions.RollDieAndMoveAction@30a3116e
2023-04-13 15:42:31,624 TRACE o.m.e.SimpleEngine [JavaFX Application Thread] running action oogasalad.model.engine.actions.RollDieAndMoveAction@30a3116e
2023-04-13 15:42:32,682 TRACE o.m.e.SimpleEngine [JavaFX Application Thread] triggering event oogasalad.model.engine.events.DieRolledEvent@3d8b8706
2023-04-13 15:42:32,692 TRACE o.m.e.SimpleEngine [JavaFX Application Thread] triggering event oogasalad.model.engine.events.TileLandedEvent@2acef880
2023-04-13 15:42:32,692 TRACE o.m.e.SimpleActionQueue [JavaFX Application Thread] action oogasalad.model.engine.actions.BuyAction@3ed4a4f5 added to queue with priority 1
2023-04-13 15:42:32,693 TRACE o.m.e.SimpleActionQueue [JavaFX Application Thread] polled oogasalad.model.engine.actions.BuyAction@3ed4a4f5
2023-04-13 15:42:32,693 TRACE o.m.e.SimpleEngine [JavaFX Application Thread] running action oogasalad.model.engine.actions.BuyAction@3ed4a4f5
2023-04-13 15:42:33,936 TRACE o.m.e.SimpleActionQueue [JavaFX Application Thread] polled EventAction[event=oogasalad.model.engine.events.StartTurnEvent@38758f7b]
2023-04-13 15:42:33,936 TRACE o.m.e.SimpleEngine [JavaFX Application Thread] running action EventAction[event=oogasalad.model.engine.events.StartTurnEvent@38758f7b]
2023-04-13 15:42:33,936 TRACE o.m.e.SimpleEngine [JavaFX Application Thread] triggering event oogasalad.model.engine.events.StartTurnEvent@38758f7b
2023-04-13 15:42:33,936 TRACE o.m.e.SimpleActionQueue [JavaFX Application Thread] action EventAction[event=oogasalad.model.engine.events.StartTurnEvent@286167d3] added to queue with priority 10
2023-04-13 15:42:33,937 TRACE o.m.e.SimpleActionQueue [JavaFX Application Thread] action oogasalad.model.engine.actions.RollDieAndMoveAction@4a66dd2c added to queue with priority 1
2023-04-13 15:42:33,937 TRACE o.m.e.SimpleActionQueue [JavaFX Application Thread] polled oogasalad.model.engine.actions.RollDieAndMoveAction@4a66dd2c
2023-04-13 15:42:33,937 TRACE o.m.e.SimpleEngine [JavaFX Application Thread] running action oogasalad.model.engine.actions.RollDieAndMoveAction@4a66dd2c
2023-04-13 15:42:34,810 TRACE o.m.e.SimpleEngine [JavaFX Application Thread] triggering event oogasalad.model.engine.events.DieRolledEvent@5819e883
2023-04-13 15:42:34,815 TRACE o.m.e.SimpleEngine [JavaFX Application Thread] triggering event oogasalad.model.engine.events.TileLandedEvent@7be553ac
2023-04-13 15:42:34,815 TRACE o.m.e.SimpleActionQueue [JavaFX Application Thread] action oogasalad.model.engine.actions.BuyAction@7966e41 added to queue with priority 1
2023-04-13 15:42:34,815 TRACE o.m.e.SimpleActionQueue [JavaFX Application Thread] polled oogasalad.model.engine.actions.BuyAction@7966e41
2023-04-13 15:42:34,815 TRACE o.m.e.SimpleEngine [JavaFX Application Thread] running action oogasalad.model.engine.actions.BuyAction@7966e41
2023-04-13 15:42:35,969 TRACE o.m.e.SimpleActionQueue [JavaFX Application Thread] polled EventAction[event=oogasalad.model.engine.events.StartTurnEvent@286167d3]
2023-04-13 15:42:35,969 TRACE o.m.e.SimpleEngine [JavaFX Application Thread] running action EventAction[event=oogasalad.model.engine.events.StartTurnEvent@286167d3]
2023-04-13 15:42:35,969 TRACE o.m.e.SimpleEngine [JavaFX Application Thread] triggering event oogasalad.model.engine.events.StartTurnEvent@286167d3
2023-04-13 15:42:35,969 TRACE o.m.e.SimpleActionQueue [JavaFX Application Thread] action EventAction[event=oogasalad.model.engine.events.StartTurnEvent@7e709bd7] added to queue with priority 10
2023-04-13 15:42:35,970 TRACE o.m.e.SimpleActionQueue [JavaFX Application Thread] action oogasalad.model.engine.actions.RollDieAndMoveAction@157b2924 added to queue with priority 1
2023-04-13 15:42:35,970 TRACE o.m.e.SimpleActionQueue [JavaFX Application Thread] polled oogasalad.model.engine.actions.RollDieAndMoveAction@157b2924
2023-04-13 15:42:35,970 TRACE o.m.e.SimpleEngine [JavaFX Application Thread] running action oogasalad.model.engine.actions.RollDieAndMoveAction@157b2924
