2023-04-28 20:11:23,429 FATAL o.m.a.AbstractAttribute [JavaFX Application Thread] failed to perform attribute cast
java.lang.ClassCastException: Cannot cast oogasalad.model.attribute.DoubleAttribute to oogasalad.model.attribute.StringAttribute
	at java.lang.Class.cast(Class.java:3889) ~[?:?]
	at oogasalad.model.attribute.AbstractAttribute.getAs(AbstractAttribute.java:21) ~[classes/:?]
	at oogasalad.model.attribute.StringAttribute.from(StringAttribute.java:20) ~[classes/:?]
	at oogasalad.model.constructable.Tile.getPrice(Tile.java:116) ~[classes/:?]
	at oogasalad.view.tiles.StreetTile.<init>(StreetTile.java:35) ~[classes/:?]
	at oogasalad.view.tiles.RenderStrategy.renderTile(RenderStrategy.java:12) ~[classes/:?]
	at oogasalad.view.tiles.Tiles.render(Tiles.java:22) ~[classes/:?]
	at oogasalad.view.gameplay.Gameview.renderGameview(Gameview.java:73) ~[classes/:?]
	at oogasalad.controller.GameController.setGame(GameController.java:50) ~[classes/:?]
	at oogasalad.Main.start(Main.java:51) ~[classes/:?]
	at com.sun.javafx.application.LauncherImpl.lambda$launchApplication1$9(LauncherImpl.java:847) ~[javafx.graphics:?]
	at com.sun.javafx.application.PlatformImpl.lambda$runAndWait$12(PlatformImpl.java:484) ~[javafx.graphics:?]
	at com.sun.javafx.application.PlatformImpl.lambda$runLater$10(PlatformImpl.java:457) ~[javafx.graphics:?]
	at java.security.AccessController.doPrivileged(AccessController.java:399) ~[?:?]
	at com.sun.javafx.application.PlatformImpl.lambda$runLater$11(PlatformImpl.java:456) ~[javafx.graphics:?]
	at com.sun.glass.ui.InvokeLaterDispatcher$Future.run(InvokeLaterDispatcher.java:96) [javafx.graphics:?]
2023-04-28 20:12:12,823 WARN o.m.c.AbstractGameConstruct [JavaFX Application Thread] schema does not exist [numberOfPlayersRule]
2023-04-28 20:12:51,093 WARN o.m.c.AbstractGameConstruct [JavaFX Application Thread] schema does not exist [numberOfPlayersRule]
2023-04-28 20:13:08,925 WARN o.m.c.AbstractGameConstruct [JavaFX Application Thread] schema does not exist [numberOfPlayersRule]
2023-04-28 20:14:55,514 WARN o.m.c.AbstractGameConstruct [JavaFX Application Thread] schema does not exist [numberOfPlayersRule]
2023-04-28 20:16:17,814 WARN o.m.c.AbstractGameConstruct [JavaFX Application Thread] schema does not exist [numberOfPlayersRule]
2023-04-28 20:16:23,436 INFO o.m.e.r.BuyTileRule [JavaFX Application Thread] prompted to buy property with remaining money 1550.0
2023-04-28 20:35:31,986 WARN o.m.c.AbstractGameConstruct [JavaFX Application Thread] schema does not exist [numberOfPlayersRule]
2023-04-28 20:56:27,891 WARN o.m.c.AbstractGameConstruct [JavaFX Application Thread] schema does not exist [numberOfPlayersRule]
2023-04-28 20:56:32,310 INFO o.m.e.r.BuyTileRule [JavaFX Application Thread] prompted to buy property with remaining money 1550.0
2023-04-28 20:56:55,159 WARN o.m.c.AbstractGameConstruct [JavaFX Application Thread] schema does not exist [numberOfPlayersRule]
2023-04-28 20:59:05,504 WARN o.m.c.AbstractGameConstruct [JavaFX Application Thread] schema does not exist [numberOfPlayersRule]
