2023-04-12 15:54:50,542 FATAL o.m.a.SchemaDatabase [main] Failed to read resource schema file
com.fasterxml.jackson.databind.exc.InvalidTypeIdException: Could not resolve type id 'oogasalad.model.attribute.CoordinateMetadata' as a subtype of `oogasalad.model.attribute.Metadata`: no such class found
 at [Source: (File); line: 5, column: 17] (through reference chain: oogasalad.model.attribute.ObjectSchema["fields"]->java.util.ArrayList[0])
	at com.fasterxml.jackson.databind.exc.InvalidTypeIdException.from(InvalidTypeIdException.java:43) ~[jackson-databind-2.14.2.jar:2.14.2]
	at com.fasterxml.jackson.databind.DeserializationContext.invalidTypeIdException(DeserializationContext.java:2078) ~[jackson-databind-2.14.2.jar:2.14.2]
	at com.fasterxml.jackson.databind.DeserializationContext.handleUnknownTypeId(DeserializationContext.java:1569) ~[jackson-databind-2.14.2.jar:2.14.2]
	at com.fasterxml.jackson.databind.jsontype.impl.ClassNameIdResolver._typeFromId(ClassNameIdResolver.java:76) ~[jackson-databind-2.14.2.jar:2.14.2]
	at com.fasterxml.jackson.databind.jsontype.impl.ClassNameIdResolver.typeFromId(ClassNameIdResolver.java:66) ~[jackson-databind-2.14.2.jar:2.14.2]
	at com.fasterxml.jackson.databind.jsontype.impl.TypeDeserializerBase._findDeserializer(TypeDeserializerBase.java:159) ~[jackson-databind-2.14.2.jar:2.14.2]
	at com.fasterxml.jackson.databind.jsontype.impl.AsPropertyTypeDeserializer._deserializeTypedForId(AsPropertyTypeDeserializer.java:125) ~[jackson-databind-2.14.2.jar:2.14.2]
	at com.fasterxml.jackson.databind.jsontype.impl.AsPropertyTypeDeserializer.deserializeTypedFromObject(AsPropertyTypeDeserializer.java:110) ~[jackson-databind-2.14.2.jar:2.14.2]
	at com.fasterxml.jackson.databind.deser.AbstractDeserializer.deserializeWithType(AbstractDeserializer.java:263) ~[jackson-databind-2.14.2.jar:2.14.2]
	at com.fasterxml.jackson.databind.deser.std.CollectionDeserializer._deserializeFromArray(CollectionDeserializer.java:361) ~[jackson-databind-2.14.2.jar:2.14.2]
	at com.fasterxml.jackson.databind.deser.std.CollectionDeserializer.deserialize(CollectionDeserializer.java:244) ~[jackson-databind-2.14.2.jar:2.14.2]
	at com.fasterxml.jackson.databind.deser.std.CollectionDeserializer.deserialize(CollectionDeserializer.java:28) ~[jackson-databind-2.14.2.jar:2.14.2]
	at com.fasterxml.jackson.databind.deser.SettableBeanProperty.deserialize(SettableBeanProperty.java:542) ~[jackson-databind-2.14.2.jar:2.14.2]
	at com.fasterxml.jackson.databind.deser.BeanDeserializer._deserializeWithErrorWrapping(BeanDeserializer.java:564) ~[jackson-databind-2.14.2.jar:2.14.2]
	at com.fasterxml.jackson.databind.deser.BeanDeserializer._deserializeUsingPropertyBased(BeanDeserializer.java:439) ~[jackson-databind-2.14.2.jar:2.14.2]
	at com.fasterxml.jackson.databind.deser.BeanDeserializerBase.deserializeFromObjectUsingNonDefault(BeanDeserializerBase.java:1405) ~[jackson-databind-2.14.2.jar:2.14.2]
	at com.fasterxml.jackson.databind.deser.BeanDeserializer.deserializeFromObject(BeanDeserializer.java:352) ~[jackson-databind-2.14.2.jar:2.14.2]
	at com.fasterxml.jackson.databind.deser.BeanDeserializer.deserialize(BeanDeserializer.java:185) ~[jackson-databind-2.14.2.jar:2.14.2]
	at com.fasterxml.jackson.databind.deser.DefaultDeserializationContext.readRootValue(DefaultDeserializationContext.java:323) ~[jackson-databind-2.14.2.jar:2.14.2]
	at com.fasterxml.jackson.databind.ObjectMapper._readMapAndClose(ObjectMapper.java:4730) ~[jackson-databind-2.14.2.jar:2.14.2]
	at com.fasterxml.jackson.databind.ObjectMapper.readValue(ObjectMapper.java:3542) ~[jackson-databind-2.14.2.jar:2.14.2]
	at oogasalad.model.attribute.SchemaDatabase.readSchemaFile(SchemaDatabase.java:42) ~[classes/:?]
	at oogasalad.model.attribute.SchemaDatabase.readResourceSchemaFiles(SchemaDatabase.java:32) [classes/:?]
	at oogasalad.model.attribute.SchemaDatabase.<init>(SchemaDatabase.java:26) [classes/:?]
	at oogasalad.model.attribute.Model.main(Model.java:24) [classes/:?]
