2023-04-19 13:09:05,305 TRACE o.m.e.SimpleActionQueue [JavaFX Application Thread] action EventAction[event=oogasalad.model.engine.events.StartGameEvent@6520ca32] added to queue with priority 0
2023-04-19 13:09:05,337 TRACE o.m.e.SimpleActionQueue [JavaFX Application Thread] polled EventAction[event=oogasalad.model.engine.events.StartGameEvent@6520ca32]
2023-04-19 13:09:05,337 TRACE o.m.e.SimpleEngine [JavaFX Application Thread] running action EventAction[event=oogasalad.model.engine.events.StartGameEvent@6520ca32]
2023-04-19 13:09:05,337 TRACE o.m.e.SimpleEngine [JavaFX Application Thread] triggering event oogasalad.model.engine.events.StartGameEvent@6520ca32
2023-04-19 13:09:05,337 TRACE o.m.e.SimpleActionQueue [JavaFX Application Thread] action EventAction[event=oogasalad.model.engine.events.StartTurnEvent@5ca2987b] added to queue with priority 10
2023-04-19 13:09:05,338 TRACE o.m.e.SimpleActionQueue [JavaFX Application Thread] polled EventAction[event=oogasalad.model.engine.events.StartTurnEvent@5ca2987b]
2023-04-19 13:09:05,338 TRACE o.m.e.SimpleEngine [JavaFX Application Thread] running action EventAction[event=oogasalad.model.engine.events.StartTurnEvent@5ca2987b]
2023-04-19 13:09:05,338 TRACE o.m.e.SimpleEngine [JavaFX Application Thread] triggering event oogasalad.model.engine.events.StartTurnEvent@5ca2987b
2023-04-19 13:09:05,338 TRACE o.m.e.SimpleActionQueue [JavaFX Application Thread] action EventAction[event=oogasalad.model.engine.events.StartTurnEvent@6263126a] added to queue with priority 10
2023-04-19 13:09:05,338 TRACE o.m.e.SimpleActionQueue [JavaFX Application Thread] action oogasalad.model.engine.actions.RollDieAndMoveAction@2db05a7f added to queue with priority 1
2023-04-19 13:09:05,344 TRACE o.m.e.SimpleActionQueue [JavaFX Application Thread] polled oogasalad.model.engine.actions.RollDieAndMoveAction@2db05a7f
2023-04-19 13:09:05,344 TRACE o.m.e.SimpleEngine [JavaFX Application Thread] running action oogasalad.model.engine.actions.RollDieAndMoveAction@2db05a7f
2023-04-19 13:09:14,032 TRACE o.m.e.SimpleEngine [JavaFX Application Thread] triggering event oogasalad.model.engine.events.DieRolledEvent@61e98626
2023-04-19 13:09:14,041 TRACE o.m.e.SimpleEngine [JavaFX Application Thread] triggering event oogasalad.model.engine.events.TileLandedEvent@3df45bab
2023-04-19 13:09:14,043 TRACE o.m.e.SimpleActionQueue [JavaFX Application Thread] action oogasalad.model.engine.actions.BuyAction@fb5cf3b added to queue with priority 1
2023-04-19 13:09:14,043 TRACE o.m.e.SimpleActionQueue [JavaFX Application Thread] polled oogasalad.model.engine.actions.BuyAction@fb5cf3b
2023-04-19 13:09:14,043 TRACE o.m.e.SimpleEngine [JavaFX Application Thread] running action oogasalad.model.engine.actions.BuyAction@fb5cf3b
2023-04-19 13:09:15,276 TRACE o.m.e.SimpleActionQueue [JavaFX Application Thread] polled EventAction[event=oogasalad.model.engine.events.StartTurnEvent@6263126a]
2023-04-19 13:09:15,276 TRACE o.m.e.SimpleEngine [JavaFX Application Thread] running action EventAction[event=oogasalad.model.engine.events.StartTurnEvent@6263126a]
2023-04-19 13:09:15,276 TRACE o.m.e.SimpleEngine [JavaFX Application Thread] triggering event oogasalad.model.engine.events.StartTurnEvent@6263126a
2023-04-19 13:09:15,276 TRACE o.m.e.SimpleActionQueue [JavaFX Application Thread] action EventAction[event=oogasalad.model.engine.events.StartTurnEvent@4bfc3813] added to queue with priority 10
2023-04-19 13:09:15,277 TRACE o.m.e.SimpleActionQueue [JavaFX Application Thread] action oogasalad.model.engine.actions.RollDieAndMoveAction@34349986 added to queue with priority 1
2023-04-19 13:09:15,277 TRACE o.m.e.SimpleActionQueue [JavaFX Application Thread] polled oogasalad.model.engine.actions.RollDieAndMoveAction@34349986
2023-04-19 13:09:15,277 TRACE o.m.e.SimpleEngine [JavaFX Application Thread] running action oogasalad.model.engine.actions.RollDieAndMoveAction@34349986
2023-04-19 13:09:16,329 TRACE o.m.e.SimpleEngine [JavaFX Application Thread] triggering event oogasalad.model.engine.events.DieRolledEvent@4b8600bc
2023-04-19 13:09:16,335 TRACE o.m.e.SimpleEngine [JavaFX Application Thread] triggering event oogasalad.model.engine.events.TileLandedEvent@6110857f
2023-04-19 13:09:16,336 TRACE o.m.e.SimpleActionQueue [JavaFX Application Thread] action oogasalad.model.engine.actions.BuyAction@7178d872 added to queue with priority 1
2023-04-19 13:09:16,336 TRACE o.m.e.SimpleActionQueue [JavaFX Application Thread] polled oogasalad.model.engine.actions.BuyAction@7178d872
2023-04-19 13:09:16,336 TRACE o.m.e.SimpleEngine [JavaFX Application Thread] running action oogasalad.model.engine.actions.BuyAction@7178d872
2023-04-19 13:09:17,435 TRACE o.m.e.SimpleActionQueue [JavaFX Application Thread] polled EventAction[event=oogasalad.model.engine.events.StartTurnEvent@4bfc3813]
2023-04-19 13:09:17,436 TRACE o.m.e.SimpleEngine [JavaFX Application Thread] running action EventAction[event=oogasalad.model.engine.events.StartTurnEvent@4bfc3813]
2023-04-19 13:09:17,436 TRACE o.m.e.SimpleEngine [JavaFX Application Thread] triggering event oogasalad.model.engine.events.StartTurnEvent@4bfc3813
2023-04-19 13:09:17,436 TRACE o.m.e.SimpleActionQueue [JavaFX Application Thread] action EventAction[event=oogasalad.model.engine.events.StartTurnEvent@3069c59] added to queue with priority 10
2023-04-19 13:09:17,436 TRACE o.m.e.SimpleActionQueue [JavaFX Application Thread] action oogasalad.model.engine.actions.RollDieAndMoveAction@37ec825e added to queue with priority 1
2023-04-19 13:09:17,436 TRACE o.m.e.SimpleActionQueue [JavaFX Application Thread] polled oogasalad.model.engine.actions.RollDieAndMoveAction@37ec825e
2023-04-19 13:09:17,436 TRACE o.m.e.SimpleEngine [JavaFX Application Thread] running action oogasalad.model.engine.actions.RollDieAndMoveAction@37ec825e
