2023-04-30 14:05:39,802 INFO o.m.e.a.AlterPlayerScoreAction [main] Update Player Score
2023-04-30 14:06:22,870 INFO o.m.e.a.AlterPlayerScoreAction [main] Update Player Score
2023-04-30 14:07:03,897 FATAL o.m.a.AbstractAttribute [main] failed to perform attribute cast
java.lang.ClassCastException: Cannot cast oogasalad.model.attribute.Attribute$MockitoMock$ZPnn76uI to oogasalad.model.attribute.AbstractAttributeTest$MockAttribute
	at java.lang.Class.cast(Class.java:3889) ~[?:?]
	at oogasalad.model.attribute.AbstractAttribute.getAs(AbstractAttribute.java:21) ~[classes/:?]
	at oogasalad.model.attribute.AbstractAttributeTest.testGetAs(AbstractAttributeTest.java:33) ~[test-classes/:?]
	at jdk.internal.reflect.NativeMethodAccessorImpl.invoke0(Native Method) ~[?:?]
	at jdk.internal.reflect.NativeMethodAccessorImpl.invoke(NativeMethodAccessorImpl.java:77) ~[?:?]
	at jdk.internal.reflect.DelegatingMethodAccessorImpl.invoke(DelegatingMethodAccessorImpl.java:43) ~[?:?]
	at java.lang.reflect.Method.invoke(Method.java:568) ~[?:?]
	at org.junit.runners.model.FrameworkMethod$1.runReflectiveCall(FrameworkMethod.java:50) ~[junit-4.12.jar:4.12]
	at org.junit.internal.runners.model.ReflectiveCallable.run(ReflectiveCallable.java:12) ~[junit-4.12.jar:4.12]
	at org.junit.runners.model.FrameworkMethod.invokeExplosively(FrameworkMethod.java:47) ~[junit-4.12.jar:4.12]
	at org.junit.internal.runners.statements.InvokeMethod.evaluate(InvokeMethod.java:17) ~[junit-4.12.jar:4.12]
	at org.junit.runners.ParentRunner.runLeaf(ParentRunner.java:325) ~[junit-4.12.jar:4.12]
	at org.junit.runners.BlockJUnit4ClassRunner.runChild(BlockJUnit4ClassRunner.java:78) ~[junit-4.12.jar:4.12]
	at org.junit.runners.BlockJUnit4ClassRunner.runChild(BlockJUnit4ClassRunner.java:57) ~[junit-4.12.jar:4.12]
	at org.junit.runners.ParentRunner$3.run(ParentRunner.java:290) ~[junit-4.12.jar:4.12]
	at org.junit.runners.ParentRunner$1.schedule(ParentRunner.java:71) ~[junit-4.12.jar:4.12]
	at org.junit.runners.ParentRunner.runChildren(ParentRunner.java:288) ~[junit-4.12.jar:4.12]
	at org.junit.runners.ParentRunner.access$000(ParentRunner.java:58) ~[junit-4.12.jar:4.12]
	at org.junit.runners.ParentRunner$2.evaluate(ParentRunner.java:268) ~[junit-4.12.jar:4.12]
	at org.junit.runners.ParentRunner.run(ParentRunner.java:363) ~[junit-4.12.jar:4.12]
	at org.junit.runner.JUnitCore.run(JUnitCore.java:137) ~[junit-4.12.jar:4.12]
	at org.junit.runner.JUnitCore.run(JUnitCore.java:115) ~[junit-4.12.jar:4.12]
	at org.junit.vintage.engine.execution.RunnerExecutor.execute(RunnerExecutor.java:42) ~[junit-vintage-engine-5.9.2.jar:5.9.2]
	at org.junit.vintage.engine.VintageTestEngine.executeAllChildren(VintageTestEngine.java:80) ~[junit-vintage-engine-5.9.2.jar:5.9.2]
	at org.junit.vintage.engine.VintageTestEngine.execute(VintageTestEngine.java:72) ~[junit-vintage-engine-5.9.2.jar:5.9.2]
	at org.junit.platform.launcher.core.EngineExecutionOrchestrator.execute(EngineExecutionOrchestrator.java:147) ~[junit-platform-launcher-1.9.2.jar:1.9.2]
	at org.junit.platform.launcher.core.EngineExecutionOrchestrator.execute(EngineExecutionOrchestrator.java:127) ~[junit-platform-launcher-1.9.2.jar:1.9.2]
	at org.junit.platform.launcher.core.EngineExecutionOrchestrator.execute(EngineExecutionOrchestrator.java:90) ~[junit-platform-launcher-1.9.2.jar:1.9.2]
	at org.junit.platform.launcher.core.EngineExecutionOrchestrator.lambda$execute$0(EngineExecutionOrchestrator.java:55) ~[junit-platform-launcher-1.9.2.jar:1.9.2]
	at org.junit.platform.launcher.core.EngineExecutionOrchestrator.withInterceptedStreams(EngineExecutionOrchestrator.java:102) [junit-platform-launcher-1.9.2.jar:1.9.2]
	at org.junit.platform.launcher.core.EngineExecutionOrchestrator.execute(EngineExecutionOrchestrator.java:54) [junit-platform-launcher-1.9.2.jar:1.9.2]
	at org.junit.platform.launcher.core.DefaultLauncher.execute(DefaultLauncher.java:114) [junit-platform-launcher-1.9.2.jar:1.9.2]
	at org.junit.platform.launcher.core.DefaultLauncher.execute(DefaultLauncher.java:86) [junit-platform-launcher-1.9.2.jar:1.9.2]
	at org.junit.platform.launcher.core.DefaultLauncherSession$DelegatingLauncher.execute(DefaultLauncherSession.java:86) [junit-platform-launcher-1.9.2.jar:1.9.2]
	at org.junit.platform.launcher.core.SessionPerRequestLauncher.execute(SessionPerRequestLauncher.java:53) [junit-platform-launcher-1.9.2.jar:1.9.2]
	at com.intellij.junit5.JUnit5IdeaTestRunner.startRunnerWithArgs(JUnit5IdeaTestRunner.java:57) [junit5-rt.jar:?]
	at com.intellij.rt.junit.IdeaTestRunner$Repeater$1.execute(IdeaTestRunner.java:38) [junit-rt.jar:?]
	at com.intellij.rt.execution.junit.TestsRepeater.repeat(TestsRepeater.java:11) [idea_rt.jar:?]
	at com.intellij.rt.junit.IdeaTestRunner$Repeater.startRunnerWithArgs(IdeaTestRunner.java:35) [junit-rt.jar:?]
	at com.intellij.rt.junit.JUnitStarter.prepareStreamsAndStart(JUnitStarter.java:235) [junit-rt.jar:?]
	at com.intellij.rt.junit.JUnitStarter.main(JUnitStarter.java:54) [junit-rt.jar:?]
2023-04-30 14:07:09,853 ERROR o.m.a.SimpleSchemaDatabase [main] Conflict with resource schema tile
2023-04-30 14:07:09,854 INFO o.m.a.SimpleSchemaDatabase [main] Replacing schema name !s1
2023-04-30 14:07:10,171 INFO o.m.e.a.AlterPlayerScoreAction [main] Update Player Score
2023-04-30 14:07:10,179 INFO o.m.e.a.AlterPlayerScoreAction [main] Update Player Score
2023-04-30 14:36:48,529 INFO o.m.e.a.CheckAndRemovePlayerAction [main] Player player1 Removed from Game Due to Low Score Condition
2023-04-30 14:37:30,047 INFO o.m.e.a.CheckAndRemovePlayerAction [main] Player player1 Removed from Game Due to Low Score Condition
2023-04-30 14:38:46,929 INFO o.m.e.a.CheckAndRemovePlayerAction [main] Player player1 Removed from Game Due to Low Score Condition
2023-04-30 14:39:47,611 INFO o.m.e.a.CheckAndRemovePlayerAction [main] Player player1 Removed from Game Due to Low Score Condition
2023-04-30 14:39:59,281 INFO o.m.e.a.CheckAndRemovePlayerAction [main] Player player1 Removed from Game Due to Low Score Condition
2023-04-30 14:42:10,087 INFO o.m.e.a.CheckAndRemovePlayerAction [main] Player player1 Removed from Game Due to Low Score Condition
2023-04-30 14:42:10,204 INFO o.m.e.a.CheckAndRemovePlayerAction [main] Player player1 Removed from Game Due to Low Score Condition
2023-04-30 14:42:10,215 INFO o.m.e.a.CheckAndRemovePlayerAction [main] Player player1 Removed from Game Due to Low Score Condition
2023-04-30 14:53:24,025 INFO o.m.e.a.CheckStandingWinAction [main] Checking if Current Game Players Status Satisfies Standing Winning Condition
2023-04-30 14:53:24,027 INFO o.m.e.a.CheckStandingWinAction [main] Satisfied Condition, Ending Game
2023-04-30 14:53:58,255 INFO o.m.e.a.CheckStandingWinAction [main] Checking if Current Game Players Status Satisfies Standing Winning Condition
2023-04-30 14:53:58,258 INFO o.m.e.a.CheckStandingWinAction [main] Satisfied Condition, Ending Game
2023-04-30 14:58:25,109 INFO o.m.e.a.CheckStandingWinAction [main] Checking if Current Game Players Status Satisfies Standing Winning Condition
2023-04-30 14:58:25,180 INFO o.m.e.a.CheckStandingWinAction [main] Checking if Current Game Players Status Satisfies Standing Winning Condition
2023-04-30 14:58:25,180 INFO o.m.e.a.CheckStandingWinAction [main] Satisfied Condition, Ending Game
2023-04-30 14:59:19,358 INFO o.m.e.a.CheckStandingWinAction [main] Checking if Current Game Players Status Satisfies Standing Winning Condition
2023-04-30 14:59:19,431 INFO o.m.e.a.CheckStandingWinAction [main] Checking if Current Game Players Status Satisfies Standing Winning Condition
2023-04-30 14:59:19,432 INFO o.m.e.a.CheckStandingWinAction [main] Satisfied Condition, Ending Game
