2023-04-29 22:14:03,827 WARN o.m.c.AbstractGameConstruct [JavaFX Application Thread] schema does not exist [scoreTileRule]
2023-04-29 22:14:03,834 WARN o.m.c.AbstractGameConstruct [JavaFX Application Thread] schema does not exist [scoreTileRule]
2023-04-29 22:14:03,879 ERROR o.u.SaveManager [JavaFX Application Thread] unable to read save file data/monopoly/rules.json
com.fasterxml.jackson.databind.exc.InvalidTypeIdException: Could not resolve type id 'oogasalad.model.engine.rules.NumberOfPlayerPieceRule' as a subtype of `oogasalad.model.engine.rules.Rule`: no such class found
 at [Source: (File); line: 38, column: 14] (through reference chain: java.lang.Object[][4])
	at com.fasterxml.jackson.databind.exc.InvalidTypeIdException.from(InvalidTypeIdException.java:43) ~[jackson-databind-2.14.2.jar:2.14.2]
	at com.fasterxml.jackson.databind.DeserializationContext.invalidTypeIdException(DeserializationContext.java:2078) ~[jackson-databind-2.14.2.jar:2.14.2]
	at com.fasterxml.jackson.databind.DeserializationContext.handleUnknownTypeId(DeserializationContext.java:1569) ~[jackson-databind-2.14.2.jar:2.14.2]
	at com.fasterxml.jackson.databind.jsontype.impl.ClassNameIdResolver._typeFromId(ClassNameIdResolver.java:76) ~[jackson-databind-2.14.2.jar:2.14.2]
	at com.fasterxml.jackson.databind.jsontype.impl.ClassNameIdResolver.typeFromId(ClassNameIdResolver.java:66) ~[jackson-databind-2.14.2.jar:2.14.2]
	at com.fasterxml.jackson.databind.jsontype.impl.TypeDeserializerBase._findDeserializer(TypeDeserializerBase.java:159) ~[jackson-databind-2.14.2.jar:2.14.2]
	at com.fasterxml.jackson.databind.jsontype.impl.AsPropertyTypeDeserializer._deserializeTypedForId(AsPropertyTypeDeserializer.java:125) ~[jackson-databind-2.14.2.jar:2.14.2]
	at com.fasterxml.jackson.databind.jsontype.impl.AsPropertyTypeDeserializer.deserializeTypedFromObject(AsPropertyTypeDeserializer.java:110) ~[jackson-databind-2.14.2.jar:2.14.2]
	at com.fasterxml.jackson.databind.deser.AbstractDeserializer.deserializeWithType(AbstractDeserializer.java:263) ~[jackson-databind-2.14.2.jar:2.14.2]
	at com.fasterxml.jackson.databind.deser.std.ObjectArrayDeserializer.deserialize(ObjectArrayDeserializer.java:218) ~[jackson-databind-2.14.2.jar:2.14.2]
	at com.fasterxml.jackson.databind.deser.std.ObjectArrayDeserializer.deserialize(ObjectArrayDeserializer.java:26) ~[jackson-databind-2.14.2.jar:2.14.2]
	at com.fasterxml.jackson.databind.deser.DefaultDeserializationContext.readRootValue(DefaultDeserializationContext.java:323) ~[jackson-databind-2.14.2.jar:2.14.2]
	at com.fasterxml.jackson.databind.ObjectMapper._readMapAndClose(ObjectMapper.java:4730) ~[jackson-databind-2.14.2.jar:2.14.2]
	at com.fasterxml.jackson.databind.ObjectMapper.readValue(ObjectMapper.java:3542) ~[jackson-databind-2.14.2.jar:2.14.2]
	at oogasalad.util.SaveManager.readFile(SaveManager.java:121) ~[classes/:?]
	at oogasalad.util.SaveManager.loadGame(SaveManager.java:71) ~[classes/:?]
	at oogasalad.controller.GameController.<init>(GameController.java:33) ~[classes/:?]
	at oogasalad.Main.start(Main.java:31) ~[classes/:?]
	at com.sun.javafx.application.LauncherImpl.lambda$launchApplication1$9(LauncherImpl.java:847) ~[javafx.graphics:?]
	at com.sun.javafx.application.PlatformImpl.lambda$runAndWait$12(PlatformImpl.java:484) ~[javafx.graphics:?]
	at com.sun.javafx.application.PlatformImpl.lambda$runLater$10(PlatformImpl.java:457) ~[javafx.graphics:?]
	at java.security.AccessController.doPrivileged(AccessController.java:399) ~[?:?]
	at com.sun.javafx.application.PlatformImpl.lambda$runLater$11(PlatformImpl.java:456) ~[javafx.graphics:?]
	at com.sun.glass.ui.InvokeLaterDispatcher$Future.run(InvokeLaterDispatcher.java:96) [javafx.graphics:?]
2023-04-29 22:14:04,703 WARN o.m.e.SimpleEngine [JavaFX Application Thread] game ran out of actions
2023-04-29 22:14:55,353 WARN o.m.c.AbstractGameConstruct [JavaFX Application Thread] schema does not exist [scoreTileRule]
2023-04-29 22:14:55,357 WARN o.m.c.AbstractGameConstruct [JavaFX Application Thread] schema does not exist [scoreTileRule]
2023-04-29 22:14:55,423 WARN o.m.c.AbstractGameConstruct [JavaFX Application Thread] schema does not exist [numberOfPiecesPerPlayerRule]
2023-04-29 22:14:55,423 WARN o.m.c.AbstractGameConstruct [JavaFX Application Thread] schema does not exist [numberOfPiecesPerPlayerRule]
2023-04-29 22:14:57,972 WARN o.m.c.AbstractGameConstruct [JavaFX Application Thread] schema does not exist [scoreTileRule]
2023-04-29 22:14:57,972 WARN o.m.c.AbstractGameConstruct [JavaFX Application Thread] schema does not exist [scoreTileRule]
2023-04-29 22:14:58,000 WARN o.m.c.AbstractGameConstruct [JavaFX Application Thread] schema does not exist [numberOfPiecesPerPlayerRule]
2023-04-29 22:14:58,001 WARN o.m.c.AbstractGameConstruct [JavaFX Application Thread] schema does not exist [numberOfPiecesPerPlayerRule]
2023-04-29 22:14:58,385 INFO o.c.BuilderController [JavaFX Application Thread] created builder
2023-04-29 22:15:00,440 INFO o.m.e.r.BuyTileRule [JavaFX Application Thread] prompted to buy property with remaining money 0.0
2023-04-29 22:15:03,452 INFO o.m.e.r.BuyTileRule [JavaFX Application Thread] prompted to buy property with remaining money 0.0
2023-04-29 22:15:16,910 WARN o.m.c.AbstractGameConstruct [JavaFX Application Thread] schema does not exist [scoreTileRule]
2023-04-29 22:15:16,913 WARN o.m.c.AbstractGameConstruct [JavaFX Application Thread] schema does not exist [scoreTileRule]
2023-04-29 22:15:16,969 WARN o.m.c.AbstractGameConstruct [JavaFX Application Thread] schema does not exist [numberOfPiecesPerPlayerRule]
2023-04-29 22:15:16,970 WARN o.m.c.AbstractGameConstruct [JavaFX Application Thread] schema does not exist [numberOfPiecesPerPlayerRule]
2023-04-29 22:15:19,623 WARN o.m.c.AbstractGameConstruct [JavaFX Application Thread] schema does not exist [scoreTileRule]
2023-04-29 22:15:19,623 WARN o.m.c.AbstractGameConstruct [JavaFX Application Thread] schema does not exist [scoreTileRule]
2023-04-29 22:15:19,648 WARN o.m.c.AbstractGameConstruct [JavaFX Application Thread] schema does not exist [numberOfPiecesPerPlayerRule]
2023-04-29 22:15:19,649 WARN o.m.c.AbstractGameConstruct [JavaFX Application Thread] schema does not exist [numberOfPiecesPerPlayerRule]
2023-04-29 22:15:20,086 INFO o.c.BuilderController [JavaFX Application Thread] created builder
2023-04-29 22:15:22,257 INFO o.m.e.r.BuyTileRule [JavaFX Application Thread] prompted to buy property with remaining money 0.0
2023-04-29 22:15:25,068 INFO o.m.e.r.BuyTileRule [JavaFX Application Thread] prompted to buy property with remaining money 0.0
2023-04-29 22:16:00,906 WARN o.m.c.AbstractGameConstruct [JavaFX Application Thread] schema does not exist [scoreTileRule]
2023-04-29 22:16:00,909 WARN o.m.c.AbstractGameConstruct [JavaFX Application Thread] schema does not exist [scoreTileRule]
2023-04-29 22:16:00,960 WARN o.m.c.AbstractGameConstruct [JavaFX Application Thread] schema does not exist [numberOfPiecesPerPlayerRule]
2023-04-29 22:16:00,960 WARN o.m.c.AbstractGameConstruct [JavaFX Application Thread] schema does not exist [numberOfPiecesPerPlayerRule]
2023-04-29 22:16:03,302 WARN o.m.c.AbstractGameConstruct [JavaFX Application Thread] schema does not exist [scoreTileRule]
2023-04-29 22:16:03,303 WARN o.m.c.AbstractGameConstruct [JavaFX Application Thread] schema does not exist [scoreTileRule]
2023-04-29 22:16:03,329 WARN o.m.c.AbstractGameConstruct [JavaFX Application Thread] schema does not exist [numberOfPiecesPerPlayerRule]
2023-04-29 22:16:03,330 WARN o.m.c.AbstractGameConstruct [JavaFX Application Thread] schema does not exist [numberOfPiecesPerPlayerRule]
2023-04-29 22:16:03,739 INFO o.c.BuilderController [JavaFX Application Thread] created builder
2023-04-29 22:16:05,503 INFO o.m.e.r.BuyTileRule [JavaFX Application Thread] prompted to buy property with remaining money 350.0
2023-04-29 22:16:07,513 INFO o.m.e.r.BuyTileRule [JavaFX Application Thread] prompted to buy property with remaining money 0.0
2023-04-29 22:16:14,426 INFO o.m.e.r.BuyTileRule [JavaFX Application Thread] prompted to buy property with remaining money 0.0
2023-04-29 22:16:16,785 INFO o.m.e.r.BuyTileRule [JavaFX Application Thread] prompted to buy property with remaining money 350.0
2023-04-29 22:16:18,861 INFO o.m.e.r.BuyTileRule [JavaFX Application Thread] prompted to buy property with remaining money 350.0
2023-04-29 22:16:23,527 INFO o.m.e.r.BuyTileRule [JavaFX Application Thread] prompted to buy property with remaining money 350.0
2023-04-29 22:16:25,810 INFO o.m.e.r.BuyTileRule [JavaFX Application Thread] prompted to buy property with remaining money 100.0
2023-04-29 22:16:29,130 INFO o.m.e.r.BuyTileRule [JavaFX Application Thread] prompted to buy property with remaining money 350.0
2023-04-29 22:16:31,099 INFO o.m.e.r.BuyTileRule [JavaFX Application Thread] prompted to buy property with remaining money 100.0
2023-04-29 22:16:33,185 INFO o.m.e.r.BuyTileRule [JavaFX Application Thread] prompted to buy property with remaining money 0.0
2023-04-29 22:22:22,860 WARN o.m.c.AbstractGameConstruct [JavaFX Application Thread] schema does not exist [scoreTileRule]
2023-04-29 22:22:22,863 WARN o.m.c.AbstractGameConstruct [JavaFX Application Thread] schema does not exist [scoreTileRule]
2023-04-29 22:22:22,906 WARN o.m.c.AbstractGameConstruct [JavaFX Application Thread] schema does not exist [numberOfPiecesPerPlayerRule]
2023-04-29 22:22:22,906 WARN o.m.c.AbstractGameConstruct [JavaFX Application Thread] schema does not exist [numberOfPiecesPerPlayerRule]
2023-04-29 22:22:25,269 WARN o.m.c.AbstractGameConstruct [JavaFX Application Thread] schema does not exist [scoreTileRule]
2023-04-29 22:22:25,269 WARN o.m.c.AbstractGameConstruct [JavaFX Application Thread] schema does not exist [scoreTileRule]
2023-04-29 22:22:25,297 WARN o.m.c.AbstractGameConstruct [JavaFX Application Thread] schema does not exist [numberOfPiecesPerPlayerRule]
2023-04-29 22:22:25,297 WARN o.m.c.AbstractGameConstruct [JavaFX Application Thread] schema does not exist [numberOfPiecesPerPlayerRule]
2023-04-29 22:22:25,748 INFO o.c.BuilderController [JavaFX Application Thread] created builder
2023-04-29 22:22:28,516 INFO o.m.e.r.BuyTileRule [JavaFX Application Thread] prompted to buy property with remaining money 0.0
2023-04-29 22:22:30,611 INFO o.m.e.a.CheckWinStateAction [JavaFX Application Thread] Checking if Current Game Players Status Satisfies Winning Condition
2023-04-29 22:22:34,845 INFO o.m.e.r.BuyTileRule [JavaFX Application Thread] prompted to buy property with remaining money 100.0
2023-04-29 22:22:36,951 INFO o.m.e.r.BuyTileRule [JavaFX Application Thread] prompted to buy property with remaining money 100.0
2023-04-29 22:22:38,388 INFO o.m.e.r.BuyTileRule [JavaFX Application Thread] prompted to buy property with remaining money 100.0
2023-04-29 22:22:39,862 INFO o.m.e.r.BuyTileRule [JavaFX Application Thread] prompted to buy property with remaining money 100.0
2023-04-29 22:22:41,512 INFO o.m.e.r.BuyTileRule [JavaFX Application Thread] prompted to buy property with remaining money 350.0
2023-04-29 22:22:43,365 INFO o.m.e.r.BuyTileRule [JavaFX Application Thread] prompted to buy property with remaining money 0.0
2023-04-29 22:22:45,868 INFO o.m.e.a.CheckWinStateAction [JavaFX Application Thread] Checking if Current Game Players Status Satisfies Winning Condition
2023-04-29 22:22:45,868 INFO o.m.e.a.CheckWinStateAction [JavaFX Application Thread] Satisfied Condition, Ending Game
2023-04-29 22:25:43,009 WARN o.m.c.AbstractGameConstruct [JavaFX Application Thread] schema does not exist [scoreTileRule]
2023-04-29 22:25:43,012 WARN o.m.c.AbstractGameConstruct [JavaFX Application Thread] schema does not exist [scoreTileRule]
2023-04-29 22:25:43,061 WARN o.m.c.AbstractGameConstruct [JavaFX Application Thread] schema does not exist [numberOfPiecesPerPlayerRule]
2023-04-29 22:25:43,061 WARN o.m.c.AbstractGameConstruct [JavaFX Application Thread] schema does not exist [numberOfPiecesPerPlayerRule]
2023-04-29 22:25:45,618 WARN o.m.c.AbstractGameConstruct [JavaFX Application Thread] schema does not exist [scoreTileRule]
2023-04-29 22:25:45,619 WARN o.m.c.AbstractGameConstruct [JavaFX Application Thread] schema does not exist [scoreTileRule]
2023-04-29 22:25:45,653 WARN o.m.c.AbstractGameConstruct [JavaFX Application Thread] schema does not exist [numberOfPiecesPerPlayerRule]
2023-04-29 22:25:45,654 WARN o.m.c.AbstractGameConstruct [JavaFX Application Thread] schema does not exist [numberOfPiecesPerPlayerRule]
2023-04-29 22:25:46,084 INFO o.c.BuilderController [JavaFX Application Thread] created builder
2023-04-29 22:26:37,927 WARN o.m.c.AbstractGameConstruct [JavaFX Application Thread] schema does not exist [scoreTileRule]
2023-04-29 22:26:37,931 WARN o.m.c.AbstractGameConstruct [JavaFX Application Thread] schema does not exist [scoreTileRule]
2023-04-29 22:26:41,046 WARN o.m.c.AbstractGameConstruct [JavaFX Application Thread] schema does not exist [scoreTileRule]
2023-04-29 22:26:41,046 WARN o.m.c.AbstractGameConstruct [JavaFX Application Thread] schema does not exist [scoreTileRule]
2023-04-29 22:26:41,521 INFO o.c.BuilderController [JavaFX Application Thread] created builder
2023-04-29 22:32:58,943 WARN o.m.c.AbstractGameConstruct [JavaFX Application Thread] schema does not exist [scoreTileRule]
2023-04-29 22:32:58,947 WARN o.m.c.AbstractGameConstruct [JavaFX Application Thread] schema does not exist [scoreTileRule]
2023-04-29 22:33:00,874 INFO o.m.e.a.CreatePlayersAction [JavaFX Application Thread] Create Game Players upon User Selection
2023-04-29 22:33:00,886 INFO o.m.e.a.CreatePlayersAction [JavaFX Application Thread] Emit Player Creation Event
2023-04-29 22:33:01,174 WARN o.m.c.AbstractGameConstruct [JavaFX Application Thread] schema does not exist [scoreTileRule]
2023-04-29 22:33:01,174 WARN o.m.c.AbstractGameConstruct [JavaFX Application Thread] schema does not exist [scoreTileRule]
2023-04-29 22:33:01,638 INFO o.c.BuilderController [JavaFX Application Thread] created builder
2023-04-29 22:33:04,549 INFO o.m.e.r.BuyTileRule [JavaFX Application Thread] prompted to buy property with remaining money 0.0
2023-04-29 22:33:05,633 INFO o.m.e.a.CheckAndRemovePlayerAction [JavaFX Application Thread] Player 0f98bf33-4dff-40f9-bb36-fa2275514215 Removed from Game Due to Low Score Condition
2023-04-29 22:33:06,903 INFO o.m.e.a.CheckWinStateAction [JavaFX Application Thread] Checking if Current Game Players Status Satisfies Winning Condition
2023-04-29 22:33:12,318 INFO o.m.e.r.BuyTileRule [JavaFX Application Thread] prompted to buy property with remaining money 0.0
2023-04-29 22:33:13,813 INFO o.m.e.a.CheckAndRemovePlayerAction [JavaFX Application Thread] Player 1f4aa240-ac95-4999-886f-03f6d721a7f3 Removed from Game Due to Low Score Condition
2023-04-29 22:33:14,582 INFO o.m.e.a.CheckWinStateAction [JavaFX Application Thread] Checking if Current Game Players Status Satisfies Winning Condition
2023-04-29 22:33:14,583 INFO o.m.e.a.CheckWinStateAction [JavaFX Application Thread] Satisfied Condition, Ending Game
2023-04-29 22:33:49,625 WARN o.m.c.AbstractGameConstruct [JavaFX Application Thread] schema does not exist [scoreTileRule]
2023-04-29 22:33:49,628 WARN o.m.c.AbstractGameConstruct [JavaFX Application Thread] schema does not exist [scoreTileRule]
2023-04-29 22:33:52,051 INFO o.m.e.a.CreatePlayersAction [JavaFX Application Thread] Create Game Players upon User Selection
2023-04-29 22:33:52,064 INFO o.m.e.a.CreatePlayersAction [JavaFX Application Thread] Emit Player Creation Event
2023-04-29 22:33:52,335 WARN o.m.c.AbstractGameConstruct [JavaFX Application Thread] schema does not exist [scoreTileRule]
2023-04-29 22:33:52,336 WARN o.m.c.AbstractGameConstruct [JavaFX Application Thread] schema does not exist [scoreTileRule]
2023-04-29 22:33:52,785 INFO o.c.BuilderController [JavaFX Application Thread] created builder
2023-04-29 22:34:21,043 INFO o.m.e.r.BuyTileRule [JavaFX Application Thread] prompted to buy property with remaining money 0.0
2023-04-29 22:34:22,514 INFO o.m.e.a.CheckAndRemovePlayerAction [JavaFX Application Thread] Player 4f99e996-7ab5-40fb-adbb-13a866eadb2f Removed from Game Due to Low Score Condition
2023-04-29 22:34:23,852 INFO o.m.e.a.CheckWinStateAction [JavaFX Application Thread] Checking if Current Game Players Status Satisfies Winning Condition
2023-04-29 22:34:26,228 INFO o.m.e.r.BuyTileRule [JavaFX Application Thread] prompted to buy property with remaining money 0.0
2023-04-29 22:34:29,025 INFO o.m.e.a.CheckAndRemovePlayerAction [JavaFX Application Thread] Player 4969ab0b-55f1-4657-8b72-e0525f8f070c Removed from Game Due to Low Score Condition
2023-04-29 22:34:29,999 INFO o.m.e.a.CheckWinStateAction [JavaFX Application Thread] Checking if Current Game Players Status Satisfies Winning Condition
2023-04-29 22:34:29,999 INFO o.m.e.a.CheckWinStateAction [JavaFX Application Thread] Satisfied Condition, Ending Game
2023-04-29 22:34:44,152 WARN o.m.c.AbstractGameConstruct [JavaFX Application Thread] schema does not exist [scoreTileRule]
2023-04-29 22:34:44,155 WARN o.m.c.AbstractGameConstruct [JavaFX Application Thread] schema does not exist [scoreTileRule]
2023-04-29 22:34:46,283 INFO o.m.e.a.CreatePlayersAction [JavaFX Application Thread] Create Game Players upon User Selection
2023-04-29 22:34:46,296 INFO o.m.e.a.CreatePlayersAction [JavaFX Application Thread] Emit Player Creation Event
2023-04-29 22:34:46,604 WARN o.m.c.AbstractGameConstruct [JavaFX Application Thread] schema does not exist [scoreTileRule]
2023-04-29 22:34:46,604 WARN o.m.c.AbstractGameConstruct [JavaFX Application Thread] schema does not exist [scoreTileRule]
2023-04-29 22:34:47,059 INFO o.c.BuilderController [JavaFX Application Thread] created builder
2023-04-29 22:34:49,382 INFO o.m.e.r.BuyTileRule [JavaFX Application Thread] prompted to buy property with remaining money 0.0
2023-04-29 22:34:50,482 INFO o.m.e.a.CheckAndRemovePlayerAction [JavaFX Application Thread] Player 57a0e735-ec88-4b04-9ffe-cf6796aa873b Removed from Game Due to Low Score Condition
2023-04-29 22:34:51,946 INFO o.m.e.a.CheckWinStateAction [JavaFX Application Thread] Checking if Current Game Players Status Satisfies Winning Condition
2023-04-29 22:35:22,829 INFO o.m.e.r.BuyTileRule [JavaFX Application Thread] prompted to buy property with remaining money 350.0
2023-04-29 22:35:25,062 INFO o.m.e.r.BuyTileRule [JavaFX Application Thread] prompted to buy property with remaining money 350.0
2023-04-29 22:35:28,789 INFO o.m.e.r.BuyTileRule [JavaFX Application Thread] prompted to buy property with remaining money 350.0
2023-04-29 22:35:31,893 INFO o.m.e.r.BuyTileRule [JavaFX Application Thread] prompted to buy property with remaining money 350.0
2023-04-29 22:35:34,601 INFO o.m.e.r.BuyTileRule [JavaFX Application Thread] prompted to buy property with remaining money 100.0
2023-04-29 22:35:36,527 INFO o.m.e.r.BuyTileRule [JavaFX Application Thread] prompted to buy property with remaining money 100.0
2023-04-29 22:35:38,411 INFO o.m.e.r.BuyTileRule [JavaFX Application Thread] prompted to buy property with remaining money 100.0
2023-04-29 22:35:40,252 INFO o.m.e.r.BuyTileRule [JavaFX Application Thread] prompted to buy property with remaining money 100.0
2023-04-29 22:35:41,927 INFO o.m.e.r.BuyTileRule [JavaFX Application Thread] prompted to buy property with remaining money 0.0
2023-04-29 22:35:43,505 INFO o.m.e.a.CheckAndRemovePlayerAction [JavaFX Application Thread] Player b89991bd-8bcf-44fe-a381-0767b96ca236 Removed from Game Due to Low Score Condition
2023-04-29 22:35:44,350 INFO o.m.e.a.CheckWinStateAction [JavaFX Application Thread] Checking if Current Game Players Status Satisfies Winning Condition
2023-04-29 22:35:44,351 INFO o.m.e.a.CheckWinStateAction [JavaFX Application Thread] Satisfied Condition, Ending Game
