2023-05-01 13:31:57,813 ERROR o.u.SaveManager [JavaFX Application Thread] unable to read save file data/games/EhivfAWXzpAZCAEAdv9h/info.json
com.fasterxml.jackson.databind.exc.UnrecognizedPropertyException: Unrecognized field "title" (class oogasalad.controller.GameInfo), not marked as ignorable (2 known properties: "width", "height"])
 at [Source: (File); line: 2, column: 14] (through reference chain: oogasalad.controller.GameInfo["title"])
	at com.fasterxml.jackson.databind.exc.UnrecognizedPropertyException.from(UnrecognizedPropertyException.java:61) ~[jackson-databind-2.14.2.jar:2.14.2]
	at com.fasterxml.jackson.databind.DeserializationContext.handleUnknownProperty(DeserializationContext.java:1132) ~[jackson-databind-2.14.2.jar:2.14.2]
	at com.fasterxml.jackson.databind.deser.std.StdDeserializer.handleUnknownProperty(StdDeserializer.java:2202) ~[jackson-databind-2.14.2.jar:2.14.2]
	at com.fasterxml.jackson.databind.deser.BeanDeserializerBase.handleUnknownProperty(BeanDeserializerBase.java:1705) ~[jackson-databind-2.14.2.jar:2.14.2]
	at com.fasterxml.jackson.databind.deser.BeanDeserializerBase.handleUnknownVanilla(BeanDeserializerBase.java:1683) ~[jackson-databind-2.14.2.jar:2.14.2]
	at com.fasterxml.jackson.databind.deser.BeanDeserializer.vanillaDeserialize(BeanDeserializer.java:320) ~[jackson-databind-2.14.2.jar:2.14.2]
	at com.fasterxml.jackson.databind.deser.BeanDeserializer.deserialize(BeanDeserializer.java:177) ~[jackson-databind-2.14.2.jar:2.14.2]
	at com.fasterxml.jackson.databind.deser.DefaultDeserializationContext.readRootValue(DefaultDeserializationContext.java:323) ~[jackson-databind-2.14.2.jar:2.14.2]
	at com.fasterxml.jackson.databind.ObjectMapper._readMapAndClose(ObjectMapper.java:4730) ~[jackson-databind-2.14.2.jar:2.14.2]
	at com.fasterxml.jackson.databind.ObjectMapper.readValue(ObjectMapper.java:3542) ~[jackson-databind-2.14.2.jar:2.14.2]
	at oogasalad.util.SaveManager.readFile(SaveManager.java:176) ~[classes/:?]
	at oogasalad.util.SaveManager.loadGame(SaveManager.java:81) ~[classes/:?]
	at oogasalad.controller.GameController.<init>(GameController.java:40) ~[classes/:?]
	at oogasalad.view.tabexplorer.TabExplorer.launchGame(TabExplorer.java:189) ~[classes/:?]
	at oogasalad.view.tabexplorer.tabs.GameLauncherTab.lambda$buildGameList$4(GameLauncherTab.java:175) ~[classes/:?]
	at com.sun.javafx.event.CompositeEventHandler.dispatchBubblingEvent(CompositeEventHandler.java:86) ~[javafx.base:?]
	at com.sun.javafx.event.EventHandlerManager.dispatchBubblingEvent(EventHandlerManager.java:234) ~[javafx.base:?]
	at com.sun.javafx.event.EventHandlerManager.dispatchBubblingEvent(EventHandlerManager.java:191) ~[javafx.base:?]
	at com.sun.javafx.event.CompositeEventDispatcher.dispatchBubblingEvent(CompositeEventDispatcher.java:59) ~[javafx.base:?]
	at com.sun.javafx.event.BasicEventDispatcher.dispatchEvent(BasicEventDispatcher.java:58) ~[javafx.base:?]
	at com.sun.javafx.event.EventDispatchChainImpl.dispatchEvent(EventDispatchChainImpl.java:114) ~[javafx.base:?]
	at com.sun.javafx.event.BasicEventDispatcher.dispatchEvent(BasicEventDispatcher.java:56) ~[javafx.base:?]
	at com.sun.javafx.event.EventDispatchChainImpl.dispatchEvent(EventDispatchChainImpl.java:114) ~[javafx.base:?]
	at com.sun.javafx.event.BasicEventDispatcher.dispatchEvent(BasicEventDispatcher.java:56) ~[javafx.base:?]
	at com.sun.javafx.event.EventDispatchChainImpl.dispatchEvent(EventDispatchChainImpl.java:114) ~[javafx.base:?]
	at com.sun.javafx.event.EventUtil.fireEventImpl(EventUtil.java:74) ~[javafx.base:?]
	at com.sun.javafx.event.EventUtil.fireEvent(EventUtil.java:54) ~[javafx.base:?]
	at javafx.event.Event.fireEvent(Event.java:198) ~[javafx.base:?]
	at javafx.scene.Scene$ClickGenerator.postProcess(Scene.java:3602) ~[javafx.graphics:?]
	at javafx.scene.Scene$MouseHandler.process(Scene.java:3906) ~[javafx.graphics:?]
	at javafx.scene.Scene.processMouseEvent(Scene.java:1878) ~[javafx.graphics:?]
	at javafx.scene.Scene$ScenePeerListener.mouseEvent(Scene.java:2623) ~[javafx.graphics:?]
	at com.sun.javafx.tk.quantum.GlassViewEventHandler$MouseEventNotification.run(GlassViewEventHandler.java:411) ~[javafx.graphics:?]
	at com.sun.javafx.tk.quantum.GlassViewEventHandler$MouseEventNotification.run(GlassViewEventHandler.java:301) ~[javafx.graphics:?]
	at java.security.AccessController.doPrivileged(AccessController.java:399) ~[?:?]
	at com.sun.javafx.tk.quantum.GlassViewEventHandler.lambda$handleMouseEvent$2(GlassViewEventHandler.java:450) ~[javafx.graphics:?]
	at com.sun.javafx.tk.quantum.QuantumToolkit.runWithoutRenderLock(QuantumToolkit.java:424) [javafx.graphics:?]
	at com.sun.javafx.tk.quantum.GlassViewEventHandler.handleMouseEvent(GlassViewEventHandler.java:449) [javafx.graphics:?]
	at com.sun.glass.ui.View.handleMouseEvent(View.java:557) [javafx.graphics:?]
	at com.sun.glass.ui.View.notifyMouse(View.java:943) [javafx.graphics:?]
	at com.sun.glass.ui.mac.MacView.notifyMouse(MacView.java:127) [javafx.graphics:?]
2023-05-01 13:31:57,895 INFO o.m.c.AbstractGameConstruct [JavaFX Application Thread] attribute Game Construct Attribute {value: ObjectProperty [value: Optional.empty]} invalid for metadata oogasalad.model.attribute.TileMetadata@4f6d6210
2023-05-01 13:31:57,913 INFO o.m.c.AbstractGameConstruct [JavaFX Application Thread] attribute Game Construct Attribute {value: ObjectProperty [value: Optional.empty]} invalid for metadata oogasalad.model.attribute.TileMetadata@4f6d6210
2023-05-01 13:31:57,929 INFO o.m.c.AbstractGameConstruct [JavaFX Application Thread] attribute Game Construct Attribute {value: ObjectProperty [value: Optional.empty]} invalid for metadata oogasalad.model.attribute.TileMetadata@4f6d6210
2023-05-01 13:31:57,942 INFO o.m.c.AbstractGameConstruct [JavaFX Application Thread] attribute Game Construct Attribute {value: ObjectProperty [value: Optional.empty]} invalid for metadata oogasalad.model.attribute.TileMetadata@4f6d6210
2023-05-01 13:31:58,029 INFO o.m.e.r.NumberOfPlayersRule [JavaFX Application Thread] Add Create Players Action to ActionQueue
2023-05-01 13:32:00,289 INFO o.m.e.a.c.CreatePlayersAction [JavaFX Application Thread] Create Game Players upon User Selection
2023-05-01 13:32:00,319 INFO o.m.e.a.c.CreatePlayersAction [JavaFX Application Thread] Emit Player Creation Event
2023-05-01 13:32:00,326 INFO o.m.e.a.w.CheckWinAndEndAction [JavaFX Application Thread] Checking if Current Game Player Status Satisfies Winning Condition
2023-05-01 13:32:01,568 INFO o.m.e.r.BuyTileRule [JavaFX Application Thread] Prompted User to Buy Property with Remaining Money 1750.0
2023-05-01 13:32:01,571 INFO o.m.e.a.w.CheckWinAndEndAction [JavaFX Application Thread] Checking if Current Game Player Status Satisfies Winning Condition
2023-05-01 13:32:02,726 INFO o.m.e.a.w.CheckWinAndEndAction [JavaFX Application Thread] Checking if Current Game Player Status Satisfies Winning Condition
