2023-04-28 19:36:20,823 ERROR o.u.SaveManager [JavaFX Application Thread] error reading save file
com.fasterxml.jackson.databind.exc.ValueInstantiationException: Cannot construct instance of `oogasalad.controller.GameInfo`, problem: Cannot invoke "java.util.Collection.toArray()" because "c" is null
 at [Source: (File); line: 9, column: 3] (through reference chain: oogasalad.model.constructable.GameHolder["gameInfo"])
	at com.fasterxml.jackson.databind.exc.ValueInstantiationException.from(ValueInstantiationException.java:47) ~[jackson-databind-2.14.2.jar:2.14.2]
	at com.fasterxml.jackson.databind.DeserializationContext.instantiationException(DeserializationContext.java:2052) ~[jackson-databind-2.14.2.jar:2.14.2]
	at com.fasterxml.jackson.databind.deser.std.StdValueInstantiator.wrapAsJsonMappingException(StdValueInstantiator.java:587) ~[jackson-databind-2.14.2.jar:2.14.2]
	at com.fasterxml.jackson.databind.deser.std.StdValueInstantiator.rewrapCtorProblem(StdValueInstantiator.java:610) ~[jackson-databind-2.14.2.jar:2.14.2]
	at com.fasterxml.jackson.databind.deser.std.StdValueInstantiator.createFromObjectWith(StdValueInstantiator.java:293) ~[jackson-databind-2.14.2.jar:2.14.2]
	at com.fasterxml.jackson.databind.deser.ValueInstantiator.createFromObjectWith(ValueInstantiator.java:288) ~[jackson-databind-2.14.2.jar:2.14.2]
	at com.fasterxml.jackson.databind.deser.impl.PropertyBasedCreator.build(PropertyBasedCreator.java:202) ~[jackson-databind-2.14.2.jar:2.14.2]
	at com.fasterxml.jackson.databind.deser.BeanDeserializer._deserializeUsingPropertyBased(BeanDeserializer.java:519) ~[jackson-databind-2.14.2.jar:2.14.2]
	at com.fasterxml.jackson.databind.deser.BeanDeserializerBase.deserializeFromObjectUsingNonDefault(BeanDeserializerBase.java:1405) ~[jackson-databind-2.14.2.jar:2.14.2]
	at com.fasterxml.jackson.databind.deser.BeanDeserializer.deserializeFromObject(BeanDeserializer.java:352) ~[jackson-databind-2.14.2.jar:2.14.2]
	at com.fasterxml.jackson.databind.deser.BeanDeserializer.deserialize(BeanDeserializer.java:185) ~[jackson-databind-2.14.2.jar:2.14.2]
	at com.fasterxml.jackson.databind.deser.impl.MethodProperty.deserializeAndSet(MethodProperty.java:129) ~[jackson-databind-2.14.2.jar:2.14.2]
	at com.fasterxml.jackson.databind.deser.BeanDeserializer.vanillaDeserialize(BeanDeserializer.java:314) ~[jackson-databind-2.14.2.jar:2.14.2]
	at com.fasterxml.jackson.databind.deser.BeanDeserializer.deserialize(BeanDeserializer.java:177) ~[jackson-databind-2.14.2.jar:2.14.2]
	at com.fasterxml.jackson.databind.deser.DefaultDeserializationContext.readRootValue(DefaultDeserializationContext.java:323) ~[jackson-databind-2.14.2.jar:2.14.2]
	at com.fasterxml.jackson.databind.ObjectMapper._readMapAndClose(ObjectMapper.java:4730) ~[jackson-databind-2.14.2.jar:2.14.2]
	at com.fasterxml.jackson.databind.ObjectMapper.readValue(ObjectMapper.java:3542) ~[jackson-databind-2.14.2.jar:2.14.2]
	at oogasalad.util.SaveManager.loadGame(SaveManager.java:60) ~[classes/:?]
	at oogasalad.Main.start(Main.java:46) ~[classes/:?]
	at com.sun.javafx.application.LauncherImpl.lambda$launchApplication1$9(LauncherImpl.java:847) ~[javafx.graphics:?]
	at com.sun.javafx.application.PlatformImpl.lambda$runAndWait$12(PlatformImpl.java:484) ~[javafx.graphics:?]
	at com.sun.javafx.application.PlatformImpl.lambda$runLater$10(PlatformImpl.java:457) ~[javafx.graphics:?]
	at java.security.AccessController.doPrivileged(AccessController.java:399) ~[?:?]
	at com.sun.javafx.application.PlatformImpl.lambda$runLater$11(PlatformImpl.java:456) ~[javafx.graphics:?]
	at com.sun.glass.ui.InvokeLaterDispatcher$Future.run(InvokeLaterDispatcher.java:96) [javafx.graphics:?]
Caused by: java.lang.NullPointerException: Cannot invoke "java.util.Collection.toArray()" because "c" is null
	at java.util.ArrayList.<init>(ArrayList.java:181) ~[?:?]
	at oogasalad.controller.GameInfo.<init>(GameInfo.java:26) ~[classes/:?]
	at jdk.internal.reflect.NativeConstructorAccessorImpl.newInstance0(Native Method) ~[?:?]
	at jdk.internal.reflect.NativeConstructorAccessorImpl.newInstance(NativeConstructorAccessorImpl.java:77) ~[?:?]
	at jdk.internal.reflect.DelegatingConstructorAccessorImpl.newInstance(DelegatingConstructorAccessorImpl.java:45) ~[?:?]
	at java.lang.reflect.Constructor.newInstanceWithCaller(Constructor.java:499) ~[?:?]
	at java.lang.reflect.Constructor.newInstance(Constructor.java:480) ~[?:?]
	at com.fasterxml.jackson.databind.introspect.AnnotatedConstructor.call(AnnotatedConstructor.java:128) ~[jackson-databind-2.14.2.jar:2.14.2]
	at com.fasterxml.jackson.databind.deser.std.StdValueInstantiator.createFromObjectWith(StdValueInstantiator.java:291) ~[jackson-databind-2.14.2.jar:2.14.2]
	... 20 more
2023-04-28 19:44:20,801 ERROR o.u.SaveManager [JavaFX Application Thread] error reading save file
com.fasterxml.jackson.databind.exc.InvalidDefinitionException: Invalid type definition for type `javafx.scene.image.Image`: Failed to call `setAccess()` on Field 'url' (of class `javafx.scene.image.Image`) due to `java.lang.reflect.InaccessibleObjectException`, problem: Unable to make field private final java.lang.String javafx.scene.image.Image.url accessible: module javafx.graphics does not "opens javafx.scene.image" to unnamed module @4f3eae9c
 at [Source: (File); line: 1, column: 1]
	at com.fasterxml.jackson.databind.exc.InvalidDefinitionException.from(InvalidDefinitionException.java:62) ~[jackson-databind-2.14.2.jar:2.14.2]
	at com.fasterxml.jackson.databind.DeserializationContext.reportBadTypeDefinition(DeserializationContext.java:1887) ~[jackson-databind-2.14.2.jar:2.14.2]
	at com.fasterxml.jackson.databind.deser.BeanDeserializerBuilder._handleBadAccess(BeanDeserializerBuilder.java:620) ~[jackson-databind-2.14.2.jar:2.14.2]
	at com.fasterxml.jackson.databind.deser.BeanDeserializerBuilder._fixAccess(BeanDeserializerBuilder.java:537) ~[jackson-databind-2.14.2.jar:2.14.2]
	at com.fasterxml.jackson.databind.deser.BeanDeserializerBuilder.build(BeanDeserializerBuilder.java:384) ~[jackson-databind-2.14.2.jar:2.14.2]
	at com.fasterxml.jackson.databind.deser.BeanDeserializerFactory.buildBeanDeserializer(BeanDeserializerFactory.java:295) ~[jackson-databind-2.14.2.jar:2.14.2]
	at com.fasterxml.jackson.databind.deser.BeanDeserializerFactory.createBeanDeserializer(BeanDeserializerFactory.java:151) ~[jackson-databind-2.14.2.jar:2.14.2]
	at com.fasterxml.jackson.databind.deser.DeserializerCache._createDeserializer2(DeserializerCache.java:415) ~[jackson-databind-2.14.2.jar:2.14.2]
	at com.fasterxml.jackson.databind.deser.DeserializerCache._createDeserializer(DeserializerCache.java:350) ~[jackson-databind-2.14.2.jar:2.14.2]
	at com.fasterxml.jackson.databind.deser.DeserializerCache._createAndCache2(DeserializerCache.java:264) ~[jackson-databind-2.14.2.jar:2.14.2]
	at com.fasterxml.jackson.databind.deser.DeserializerCache._createAndCacheValueDeserializer(DeserializerCache.java:244) ~[jackson-databind-2.14.2.jar:2.14.2]
	at com.fasterxml.jackson.databind.deser.DeserializerCache.findValueDeserializer(DeserializerCache.java:142) ~[jackson-databind-2.14.2.jar:2.14.2]
	at com.fasterxml.jackson.databind.DeserializationContext.findNonContextualValueDeserializer(DeserializationContext.java:638) ~[jackson-databind-2.14.2.jar:2.14.2]
	at com.fasterxml.jackson.databind.deser.BeanDeserializerBase.resolve(BeanDeserializerBase.java:539) ~[jackson-databind-2.14.2.jar:2.14.2]
	at com.fasterxml.jackson.databind.deser.DeserializerCache._createAndCache2(DeserializerCache.java:294) ~[jackson-databind-2.14.2.jar:2.14.2]
	at com.fasterxml.jackson.databind.deser.DeserializerCache._createAndCacheValueDeserializer(DeserializerCache.java:244) ~[jackson-databind-2.14.2.jar:2.14.2]
	at com.fasterxml.jackson.databind.deser.DeserializerCache.findValueDeserializer(DeserializerCache.java:142) ~[jackson-databind-2.14.2.jar:2.14.2]
	at com.fasterxml.jackson.databind.DeserializationContext.findNonContextualValueDeserializer(DeserializationContext.java:638) ~[jackson-databind-2.14.2.jar:2.14.2]
	at com.fasterxml.jackson.databind.deser.BeanDeserializerBase.resolve(BeanDeserializerBase.java:539) ~[jackson-databind-2.14.2.jar:2.14.2]
	at com.fasterxml.jackson.databind.deser.DeserializerCache._createAndCache2(DeserializerCache.java:294) ~[jackson-databind-2.14.2.jar:2.14.2]
	at com.fasterxml.jackson.databind.deser.DeserializerCache._createAndCacheValueDeserializer(DeserializerCache.java:244) ~[jackson-databind-2.14.2.jar:2.14.2]
	at com.fasterxml.jackson.databind.deser.DeserializerCache.findValueDeserializer(DeserializerCache.java:142) ~[jackson-databind-2.14.2.jar:2.14.2]
	at com.fasterxml.jackson.databind.DeserializationContext.findRootValueDeserializer(DeserializationContext.java:648) ~[jackson-databind-2.14.2.jar:2.14.2]
	at com.fasterxml.jackson.databind.ObjectMapper._findRootDeserializer(ObjectMapper.java:4861) ~[jackson-databind-2.14.2.jar:2.14.2]
	at com.fasterxml.jackson.databind.ObjectMapper._readMapAndClose(ObjectMapper.java:4731) ~[jackson-databind-2.14.2.jar:2.14.2]
	at com.fasterxml.jackson.databind.ObjectMapper.readValue(ObjectMapper.java:3542) ~[jackson-databind-2.14.2.jar:2.14.2]
	at oogasalad.util.SaveManager.loadGame(SaveManager.java:60) ~[classes/:?]
	at oogasalad.Main.start(Main.java:46) ~[classes/:?]
	at com.sun.javafx.application.LauncherImpl.lambda$launchApplication1$9(LauncherImpl.java:847) ~[javafx.graphics:?]
	at com.sun.javafx.application.PlatformImpl.lambda$runAndWait$12(PlatformImpl.java:484) ~[javafx.graphics:?]
	at com.sun.javafx.application.PlatformImpl.lambda$runLater$10(PlatformImpl.java:457) ~[javafx.graphics:?]
	at java.security.AccessController.doPrivileged(AccessController.java:399) ~[?:?]
	at com.sun.javafx.application.PlatformImpl.lambda$runLater$11(PlatformImpl.java:456) ~[javafx.graphics:?]
	at com.sun.glass.ui.InvokeLaterDispatcher$Future.run(InvokeLaterDispatcher.java:96) [javafx.graphics:?]
Caused by: java.lang.IllegalArgumentException: Failed to call `setAccess()` on Field 'url' (of class `javafx.scene.image.Image`) due to `java.lang.reflect.InaccessibleObjectException`, problem: Unable to make field private final java.lang.String javafx.scene.image.Image.url accessible: module javafx.graphics does not "opens javafx.scene.image" to unnamed module @4f3eae9c
	at com.fasterxml.jackson.databind.util.ClassUtil.checkAndFixAccess(ClassUtil.java:1008) ~[jackson-databind-2.14.2.jar:2.14.2]
	at com.fasterxml.jackson.databind.deser.impl.FieldProperty.fixAccess(FieldProperty.java:104) ~[jackson-databind-2.14.2.jar:2.14.2]
	at com.fasterxml.jackson.databind.deser.BeanDeserializerBuilder._fixAccess(BeanDeserializerBuilder.java:535) ~[jackson-databind-2.14.2.jar:2.14.2]
	... 30 more
Caused by: java.lang.reflect.InaccessibleObjectException: Unable to make field private final java.lang.String javafx.scene.image.Image.url accessible: module javafx.graphics does not "opens javafx.scene.image" to unnamed module @4f3eae9c
	at java.lang.reflect.AccessibleObject.checkCanSetAccessible(AccessibleObject.java:354) ~[?:?]
	at java.lang.reflect.AccessibleObject.checkCanSetAccessible(AccessibleObject.java:297) ~[?:?]
	at java.lang.reflect.Field.checkCanSetAccessible(Field.java:178) ~[?:?]
	at java.lang.reflect.Field.setAccessible(Field.java:172) ~[?:?]
	at com.fasterxml.jackson.databind.util.ClassUtil.checkAndFixAccess(ClassUtil.java:995) ~[jackson-databind-2.14.2.jar:2.14.2]
	at com.fasterxml.jackson.databind.deser.impl.FieldProperty.fixAccess(FieldProperty.java:104) ~[jackson-databind-2.14.2.jar:2.14.2]
	at com.fasterxml.jackson.databind.deser.BeanDeserializerBuilder._fixAccess(BeanDeserializerBuilder.java:535) ~[jackson-databind-2.14.2.jar:2.14.2]
	... 30 more
2023-04-28 19:45:55,407 ERROR o.u.SaveManager [JavaFX Application Thread] error reading save file
com.fasterxml.jackson.databind.exc.InvalidDefinitionException: Invalid type definition for type `javafx.scene.image.Image`: Failed to call `setAccess()` on Field 'url' (of class `javafx.scene.image.Image`) due to `java.lang.reflect.InaccessibleObjectException`, problem: Unable to make field private final java.lang.String javafx.scene.image.Image.url accessible: module javafx.graphics does not "opens javafx.scene.image" to unnamed module @4f3eae9c
 at [Source: (File); line: 1, column: 1]
	at com.fasterxml.jackson.databind.exc.InvalidDefinitionException.from(InvalidDefinitionException.java:62) ~[jackson-databind-2.14.2.jar:2.14.2]
	at com.fasterxml.jackson.databind.DeserializationContext.reportBadTypeDefinition(DeserializationContext.java:1887) ~[jackson-databind-2.14.2.jar:2.14.2]
	at com.fasterxml.jackson.databind.deser.BeanDeserializerBuilder._handleBadAccess(BeanDeserializerBuilder.java:620) ~[jackson-databind-2.14.2.jar:2.14.2]
	at com.fasterxml.jackson.databind.deser.BeanDeserializerBuilder._fixAccess(BeanDeserializerBuilder.java:537) ~[jackson-databind-2.14.2.jar:2.14.2]
	at com.fasterxml.jackson.databind.deser.BeanDeserializerBuilder.build(BeanDeserializerBuilder.java:384) ~[jackson-databind-2.14.2.jar:2.14.2]
	at com.fasterxml.jackson.databind.deser.BeanDeserializerFactory.buildBeanDeserializer(BeanDeserializerFactory.java:295) ~[jackson-databind-2.14.2.jar:2.14.2]
	at com.fasterxml.jackson.databind.deser.BeanDeserializerFactory.createBeanDeserializer(BeanDeserializerFactory.java:151) ~[jackson-databind-2.14.2.jar:2.14.2]
	at com.fasterxml.jackson.databind.deser.DeserializerCache._createDeserializer2(DeserializerCache.java:415) ~[jackson-databind-2.14.2.jar:2.14.2]
	at com.fasterxml.jackson.databind.deser.DeserializerCache._createDeserializer(DeserializerCache.java:350) ~[jackson-databind-2.14.2.jar:2.14.2]
	at com.fasterxml.jackson.databind.deser.DeserializerCache._createAndCache2(DeserializerCache.java:264) ~[jackson-databind-2.14.2.jar:2.14.2]
	at com.fasterxml.jackson.databind.deser.DeserializerCache._createAndCacheValueDeserializer(DeserializerCache.java:244) ~[jackson-databind-2.14.2.jar:2.14.2]
	at com.fasterxml.jackson.databind.deser.DeserializerCache.findValueDeserializer(DeserializerCache.java:142) ~[jackson-databind-2.14.2.jar:2.14.2]
	at com.fasterxml.jackson.databind.DeserializationContext.findNonContextualValueDeserializer(DeserializationContext.java:638) ~[jackson-databind-2.14.2.jar:2.14.2]
	at com.fasterxml.jackson.databind.deser.BeanDeserializerBase.resolve(BeanDeserializerBase.java:539) ~[jackson-databind-2.14.2.jar:2.14.2]
	at com.fasterxml.jackson.databind.deser.DeserializerCache._createAndCache2(DeserializerCache.java:294) ~[jackson-databind-2.14.2.jar:2.14.2]
	at com.fasterxml.jackson.databind.deser.DeserializerCache._createAndCacheValueDeserializer(DeserializerCache.java:244) ~[jackson-databind-2.14.2.jar:2.14.2]
	at com.fasterxml.jackson.databind.deser.DeserializerCache.findValueDeserializer(DeserializerCache.java:142) ~[jackson-databind-2.14.2.jar:2.14.2]
	at com.fasterxml.jackson.databind.DeserializationContext.findNonContextualValueDeserializer(DeserializationContext.java:638) ~[jackson-databind-2.14.2.jar:2.14.2]
	at com.fasterxml.jackson.databind.deser.BeanDeserializerBase.resolve(BeanDeserializerBase.java:539) ~[jackson-databind-2.14.2.jar:2.14.2]
	at com.fasterxml.jackson.databind.deser.DeserializerCache._createAndCache2(DeserializerCache.java:294) ~[jackson-databind-2.14.2.jar:2.14.2]
	at com.fasterxml.jackson.databind.deser.DeserializerCache._createAndCacheValueDeserializer(DeserializerCache.java:244) ~[jackson-databind-2.14.2.jar:2.14.2]
	at com.fasterxml.jackson.databind.deser.DeserializerCache.findValueDeserializer(DeserializerCache.java:142) ~[jackson-databind-2.14.2.jar:2.14.2]
	at com.fasterxml.jackson.databind.DeserializationContext.findRootValueDeserializer(DeserializationContext.java:648) ~[jackson-databind-2.14.2.jar:2.14.2]
	at com.fasterxml.jackson.databind.ObjectMapper._findRootDeserializer(ObjectMapper.java:4861) ~[jackson-databind-2.14.2.jar:2.14.2]
	at com.fasterxml.jackson.databind.ObjectMapper._readMapAndClose(ObjectMapper.java:4731) ~[jackson-databind-2.14.2.jar:2.14.2]
	at com.fasterxml.jackson.databind.ObjectMapper.readValue(ObjectMapper.java:3542) ~[jackson-databind-2.14.2.jar:2.14.2]
	at oogasalad.util.SaveManager.loadGame(SaveManager.java:60) ~[classes/:?]
	at oogasalad.Main.start(Main.java:46) ~[classes/:?]
	at com.sun.javafx.application.LauncherImpl.lambda$launchApplication1$9(LauncherImpl.java:847) ~[javafx.graphics:?]
	at com.sun.javafx.application.PlatformImpl.lambda$runAndWait$12(PlatformImpl.java:484) ~[javafx.graphics:?]
	at com.sun.javafx.application.PlatformImpl.lambda$runLater$10(PlatformImpl.java:457) ~[javafx.graphics:?]
	at java.security.AccessController.doPrivileged(AccessController.java:399) ~[?:?]
	at com.sun.javafx.application.PlatformImpl.lambda$runLater$11(PlatformImpl.java:456) ~[javafx.graphics:?]
	at com.sun.glass.ui.InvokeLaterDispatcher$Future.run(InvokeLaterDispatcher.java:96) [javafx.graphics:?]
Caused by: java.lang.IllegalArgumentException: Failed to call `setAccess()` on Field 'url' (of class `javafx.scene.image.Image`) due to `java.lang.reflect.InaccessibleObjectException`, problem: Unable to make field private final java.lang.String javafx.scene.image.Image.url accessible: module javafx.graphics does not "opens javafx.scene.image" to unnamed module @4f3eae9c
	at com.fasterxml.jackson.databind.util.ClassUtil.checkAndFixAccess(ClassUtil.java:1008) ~[jackson-databind-2.14.2.jar:2.14.2]
	at com.fasterxml.jackson.databind.deser.impl.FieldProperty.fixAccess(FieldProperty.java:104) ~[jackson-databind-2.14.2.jar:2.14.2]
	at com.fasterxml.jackson.databind.deser.BeanDeserializerBuilder._fixAccess(BeanDeserializerBuilder.java:535) ~[jackson-databind-2.14.2.jar:2.14.2]
	... 30 more
Caused by: java.lang.reflect.InaccessibleObjectException: Unable to make field private final java.lang.String javafx.scene.image.Image.url accessible: module javafx.graphics does not "opens javafx.scene.image" to unnamed module @4f3eae9c
	at java.lang.reflect.AccessibleObject.checkCanSetAccessible(AccessibleObject.java:354) ~[?:?]
	at java.lang.reflect.AccessibleObject.checkCanSetAccessible(AccessibleObject.java:297) ~[?:?]
	at java.lang.reflect.Field.checkCanSetAccessible(Field.java:178) ~[?:?]
	at java.lang.reflect.Field.setAccessible(Field.java:172) ~[?:?]
	at com.fasterxml.jackson.databind.util.ClassUtil.checkAndFixAccess(ClassUtil.java:995) ~[jackson-databind-2.14.2.jar:2.14.2]
	at com.fasterxml.jackson.databind.deser.impl.FieldProperty.fixAccess(FieldProperty.java:104) ~[jackson-databind-2.14.2.jar:2.14.2]
	at com.fasterxml.jackson.databind.deser.BeanDeserializerBuilder._fixAccess(BeanDeserializerBuilder.java:535) ~[jackson-databind-2.14.2.jar:2.14.2]
	... 30 more
2023-04-28 19:46:11,995 ERROR o.u.SaveManager [JavaFX Application Thread] error reading save file
com.fasterxml.jackson.databind.exc.ValueInstantiationException: Cannot construct instance of `oogasalad.controller.GameInfo`, problem: Cannot invoke "java.util.Collection.toArray()" because "c" is null
 at [Source: (File); line: 9, column: 3] (through reference chain: oogasalad.model.constructable.GameHolder["gameInfo"])
	at com.fasterxml.jackson.databind.exc.ValueInstantiationException.from(ValueInstantiationException.java:47) ~[jackson-databind-2.14.2.jar:2.14.2]
	at com.fasterxml.jackson.databind.DeserializationContext.instantiationException(DeserializationContext.java:2052) ~[jackson-databind-2.14.2.jar:2.14.2]
	at com.fasterxml.jackson.databind.deser.std.StdValueInstantiator.wrapAsJsonMappingException(StdValueInstantiator.java:587) ~[jackson-databind-2.14.2.jar:2.14.2]
	at com.fasterxml.jackson.databind.deser.std.StdValueInstantiator.rewrapCtorProblem(StdValueInstantiator.java:610) ~[jackson-databind-2.14.2.jar:2.14.2]
	at com.fasterxml.jackson.databind.deser.std.StdValueInstantiator.createFromObjectWith(StdValueInstantiator.java:293) ~[jackson-databind-2.14.2.jar:2.14.2]
	at com.fasterxml.jackson.databind.deser.ValueInstantiator.createFromObjectWith(ValueInstantiator.java:288) ~[jackson-databind-2.14.2.jar:2.14.2]
	at com.fasterxml.jackson.databind.deser.impl.PropertyBasedCreator.build(PropertyBasedCreator.java:202) ~[jackson-databind-2.14.2.jar:2.14.2]
	at com.fasterxml.jackson.databind.deser.BeanDeserializer._deserializeUsingPropertyBased(BeanDeserializer.java:519) ~[jackson-databind-2.14.2.jar:2.14.2]
	at com.fasterxml.jackson.databind.deser.BeanDeserializerBase.deserializeFromObjectUsingNonDefault(BeanDeserializerBase.java:1405) ~[jackson-databind-2.14.2.jar:2.14.2]
	at com.fasterxml.jackson.databind.deser.BeanDeserializer.deserializeFromObject(BeanDeserializer.java:352) ~[jackson-databind-2.14.2.jar:2.14.2]
	at com.fasterxml.jackson.databind.deser.BeanDeserializer.deserialize(BeanDeserializer.java:185) ~[jackson-databind-2.14.2.jar:2.14.2]
	at com.fasterxml.jackson.databind.deser.impl.MethodProperty.deserializeAndSet(MethodProperty.java:129) ~[jackson-databind-2.14.2.jar:2.14.2]
	at com.fasterxml.jackson.databind.deser.BeanDeserializer.vanillaDeserialize(BeanDeserializer.java:314) ~[jackson-databind-2.14.2.jar:2.14.2]
	at com.fasterxml.jackson.databind.deser.BeanDeserializer.deserialize(BeanDeserializer.java:177) ~[jackson-databind-2.14.2.jar:2.14.2]
	at com.fasterxml.jackson.databind.deser.DefaultDeserializationContext.readRootValue(DefaultDeserializationContext.java:323) ~[jackson-databind-2.14.2.jar:2.14.2]
	at com.fasterxml.jackson.databind.ObjectMapper._readMapAndClose(ObjectMapper.java:4730) ~[jackson-databind-2.14.2.jar:2.14.2]
	at com.fasterxml.jackson.databind.ObjectMapper.readValue(ObjectMapper.java:3542) ~[jackson-databind-2.14.2.jar:2.14.2]
	at oogasalad.util.SaveManager.loadGame(SaveManager.java:60) ~[classes/:?]
	at oogasalad.Main.start(Main.java:46) ~[classes/:?]
	at com.sun.javafx.application.LauncherImpl.lambda$launchApplication1$9(LauncherImpl.java:847) ~[javafx.graphics:?]
	at com.sun.javafx.application.PlatformImpl.lambda$runAndWait$12(PlatformImpl.java:484) ~[javafx.graphics:?]
	at com.sun.javafx.application.PlatformImpl.lambda$runLater$10(PlatformImpl.java:457) ~[javafx.graphics:?]
	at java.security.AccessController.doPrivileged(AccessController.java:399) ~[?:?]
	at com.sun.javafx.application.PlatformImpl.lambda$runLater$11(PlatformImpl.java:456) ~[javafx.graphics:?]
	at com.sun.glass.ui.InvokeLaterDispatcher$Future.run(InvokeLaterDispatcher.java:96) [javafx.graphics:?]
Caused by: java.lang.NullPointerException: Cannot invoke "java.util.Collection.toArray()" because "c" is null
	at java.util.ArrayList.<init>(ArrayList.java:181) ~[?:?]
	at oogasalad.controller.GameInfo.<init>(GameInfo.java:26) ~[classes/:?]
	at jdk.internal.reflect.NativeConstructorAccessorImpl.newInstance0(Native Method) ~[?:?]
	at jdk.internal.reflect.NativeConstructorAccessorImpl.newInstance(NativeConstructorAccessorImpl.java:77) ~[?:?]
	at jdk.internal.reflect.DelegatingConstructorAccessorImpl.newInstance(DelegatingConstructorAccessorImpl.java:45) ~[?:?]
	at java.lang.reflect.Constructor.newInstanceWithCaller(Constructor.java:499) ~[?:?]
	at java.lang.reflect.Constructor.newInstance(Constructor.java:480) ~[?:?]
	at com.fasterxml.jackson.databind.introspect.AnnotatedConstructor.call(AnnotatedConstructor.java:128) ~[jackson-databind-2.14.2.jar:2.14.2]
	at com.fasterxml.jackson.databind.deser.std.StdValueInstantiator.createFromObjectWith(StdValueInstantiator.java:291) ~[jackson-databind-2.14.2.jar:2.14.2]
	... 20 more
2023-04-28 19:47:44,910 ERROR o.u.SaveManager [JavaFX Application Thread] error reading save file
com.fasterxml.jackson.databind.JsonMappingException: Index 1 out of bounds for length 1 (through reference chain: oogasalad.model.constructable.GameHolder["board"]->oogasalad.model.constructable.BBoard["tiles"]->java.util.ArrayList[0])
	at com.fasterxml.jackson.databind.JsonMappingException.from(JsonMappingException.java:276) ~[jackson-databind-2.14.2.jar:2.14.2]
	at com.fasterxml.jackson.databind.deser.SettableBeanProperty._throwAsIOE(SettableBeanProperty.java:627) ~[jackson-databind-2.14.2.jar:2.14.2]
	at com.fasterxml.jackson.databind.deser.SettableBeanProperty._throwAsIOE(SettableBeanProperty.java:615) ~[jackson-databind-2.14.2.jar:2.14.2]
	at com.fasterxml.jackson.databind.deser.SettableBeanProperty._throwAsIOE(SettableBeanProperty.java:638) ~[jackson-databind-2.14.2.jar:2.14.2]
	at com.fasterxml.jackson.databind.deser.impl.MethodProperty.set(MethodProperty.java:185) ~[jackson-databind-2.14.2.jar:2.14.2]
	at com.fasterxml.jackson.databind.deser.impl.PropertyValue$Regular.assign(PropertyValue.java:60) ~[jackson-databind-2.14.2.jar:2.14.2]
	at com.fasterxml.jackson.databind.deser.impl.PropertyBasedCreator.build(PropertyBasedCreator.java:211) ~[jackson-databind-2.14.2.jar:2.14.2]
	at com.fasterxml.jackson.databind.deser.BeanDeserializer._deserializeUsingPropertyBased(BeanDeserializer.java:519) ~[jackson-databind-2.14.2.jar:2.14.2]
	at com.fasterxml.jackson.databind.deser.BeanDeserializerBase.deserializeFromObjectUsingNonDefault(BeanDeserializerBase.java:1405) ~[jackson-databind-2.14.2.jar:2.14.2]
	at com.fasterxml.jackson.databind.deser.BeanDeserializer.deserializeFromObject(BeanDeserializer.java:352) ~[jackson-databind-2.14.2.jar:2.14.2]
	at com.fasterxml.jackson.databind.deser.BeanDeserializer._deserializeOther(BeanDeserializer.java:220) ~[jackson-databind-2.14.2.jar:2.14.2]
	at com.fasterxml.jackson.databind.deser.BeanDeserializer.deserialize(BeanDeserializer.java:187) ~[jackson-databind-2.14.2.jar:2.14.2]
	at com.fasterxml.jackson.databind.jsontype.impl.AsPropertyTypeDeserializer._deserializeTypedForId(AsPropertyTypeDeserializer.java:144) ~[jackson-databind-2.14.2.jar:2.14.2]
	at com.fasterxml.jackson.databind.jsontype.impl.AsPropertyTypeDeserializer.deserializeTypedFromObject(AsPropertyTypeDeserializer.java:110) ~[jackson-databind-2.14.2.jar:2.14.2]
	at com.fasterxml.jackson.databind.deser.BeanDeserializerBase.deserializeWithType(BeanDeserializerBase.java:1292) ~[jackson-databind-2.14.2.jar:2.14.2]
	at com.fasterxml.jackson.databind.deser.std.CollectionDeserializer._deserializeFromArray(CollectionDeserializer.java:361) ~[jackson-databind-2.14.2.jar:2.14.2]
	at com.fasterxml.jackson.databind.deser.std.CollectionDeserializer.deserialize(CollectionDeserializer.java:244) ~[jackson-databind-2.14.2.jar:2.14.2]
	at com.fasterxml.jackson.databind.deser.std.CollectionDeserializer.deserialize(CollectionDeserializer.java:28) ~[jackson-databind-2.14.2.jar:2.14.2]
	at com.fasterxml.jackson.databind.deser.SettableBeanProperty.deserialize(SettableBeanProperty.java:542) ~[jackson-databind-2.14.2.jar:2.14.2]
	at com.fasterxml.jackson.databind.deser.BeanDeserializer._deserializeWithErrorWrapping(BeanDeserializer.java:564) ~[jackson-databind-2.14.2.jar:2.14.2]
	at com.fasterxml.jackson.databind.deser.BeanDeserializer._deserializeUsingPropertyBased(BeanDeserializer.java:439) ~[jackson-databind-2.14.2.jar:2.14.2]
	at com.fasterxml.jackson.databind.deser.BeanDeserializerBase.deserializeFromObjectUsingNonDefault(BeanDeserializerBase.java:1405) ~[jackson-databind-2.14.2.jar:2.14.2]
	at com.fasterxml.jackson.databind.deser.BeanDeserializer.deserializeFromObject(BeanDeserializer.java:352) ~[jackson-databind-2.14.2.jar:2.14.2]
	at com.fasterxml.jackson.databind.deser.BeanDeserializer.deserialize(BeanDeserializer.java:185) ~[jackson-databind-2.14.2.jar:2.14.2]
	at com.fasterxml.jackson.databind.deser.impl.MethodProperty.deserializeAndSet(MethodProperty.java:129) ~[jackson-databind-2.14.2.jar:2.14.2]
	at com.fasterxml.jackson.databind.deser.BeanDeserializer.vanillaDeserialize(BeanDeserializer.java:314) ~[jackson-databind-2.14.2.jar:2.14.2]
	at com.fasterxml.jackson.databind.deser.BeanDeserializer.deserialize(BeanDeserializer.java:177) ~[jackson-databind-2.14.2.jar:2.14.2]
	at com.fasterxml.jackson.databind.deser.DefaultDeserializationContext.readRootValue(DefaultDeserializationContext.java:323) ~[jackson-databind-2.14.2.jar:2.14.2]
	at com.fasterxml.jackson.databind.ObjectMapper._readMapAndClose(ObjectMapper.java:4730) ~[jackson-databind-2.14.2.jar:2.14.2]
	at com.fasterxml.jackson.databind.ObjectMapper.readValue(ObjectMapper.java:3542) ~[jackson-databind-2.14.2.jar:2.14.2]
	at oogasalad.util.SaveManager.loadGame(SaveManager.java:60) ~[classes/:?]
	at oogasalad.Main.start(Main.java:46) ~[classes/:?]
	at com.sun.javafx.application.LauncherImpl.lambda$launchApplication1$9(LauncherImpl.java:847) ~[javafx.graphics:?]
	at com.sun.javafx.application.PlatformImpl.lambda$runAndWait$12(PlatformImpl.java:484) ~[javafx.graphics:?]
	at com.sun.javafx.application.PlatformImpl.lambda$runLater$10(PlatformImpl.java:457) ~[javafx.graphics:?]
	at java.security.AccessController.doPrivileged(AccessController.java:399) ~[?:?]
	at com.sun.javafx.application.PlatformImpl.lambda$runLater$11(PlatformImpl.java:456) ~[javafx.graphics:?]
	at com.sun.glass.ui.InvokeLaterDispatcher$Future.run(InvokeLaterDispatcher.java:96) [javafx.graphics:?]
Caused by: java.lang.ArrayIndexOutOfBoundsException: Index 1 out of bounds for length 1
	at oogasalad.model.attribute.ImageMetadata.isValidValue(ImageMetadata.java:24) ~[classes/:?]
	at oogasalad.model.attribute.StringMetadata.checkPreconditions(StringMetadata.java:24) ~[classes/:?]
	at oogasalad.model.attribute.AbstractMetadata.isValid(AbstractMetadata.java:59) ~[classes/:?]
	at oogasalad.model.constructable.AbstractGameConstruct.canMigrateAttribute(AbstractGameConstruct.java:159) ~[classes/:?]
	at oogasalad.model.constructable.AbstractGameConstruct.reconcileAttributes(AbstractGameConstruct.java:133) ~[classes/:?]
	at oogasalad.model.constructable.AbstractGameConstruct.setAllAttributes(AbstractGameConstruct.java:76) ~[classes/:?]
	at jdk.internal.reflect.NativeMethodAccessorImpl.invoke0(Native Method) ~[?:?]
	at jdk.internal.reflect.NativeMethodAccessorImpl.invoke(NativeMethodAccessorImpl.java:77) ~[?:?]
	at jdk.internal.reflect.DelegatingMethodAccessorImpl.invoke(DelegatingMethodAccessorImpl.java:43) ~[?:?]
	at java.lang.reflect.Method.invoke(Method.java:568) ~[?:?]
	at com.fasterxml.jackson.databind.deser.impl.MethodProperty.set(MethodProperty.java:182) ~[jackson-databind-2.14.2.jar:2.14.2]
	... 33 more
2023-04-28 19:50:20,010 ERROR o.u.SaveManager [JavaFX Application Thread] error reading save file
com.fasterxml.jackson.databind.JsonMappingException: Index 1 out of bounds for length 1 (through reference chain: oogasalad.model.constructable.GameHolder["board"]->oogasalad.model.constructable.BBoard["tiles"]->java.util.ArrayList[0])
	at com.fasterxml.jackson.databind.JsonMappingException.from(JsonMappingException.java:276) ~[jackson-databind-2.14.2.jar:2.14.2]
	at com.fasterxml.jackson.databind.deser.SettableBeanProperty._throwAsIOE(SettableBeanProperty.java:627) ~[jackson-databind-2.14.2.jar:2.14.2]
	at com.fasterxml.jackson.databind.deser.SettableBeanProperty._throwAsIOE(SettableBeanProperty.java:615) ~[jackson-databind-2.14.2.jar:2.14.2]
	at com.fasterxml.jackson.databind.deser.SettableBeanProperty._throwAsIOE(SettableBeanProperty.java:638) ~[jackson-databind-2.14.2.jar:2.14.2]
	at com.fasterxml.jackson.databind.deser.impl.MethodProperty.set(MethodProperty.java:185) ~[jackson-databind-2.14.2.jar:2.14.2]
	at com.fasterxml.jackson.databind.deser.impl.PropertyValue$Regular.assign(PropertyValue.java:60) ~[jackson-databind-2.14.2.jar:2.14.2]
	at com.fasterxml.jackson.databind.deser.impl.PropertyBasedCreator.build(PropertyBasedCreator.java:211) ~[jackson-databind-2.14.2.jar:2.14.2]
	at com.fasterxml.jackson.databind.deser.BeanDeserializer._deserializeUsingPropertyBased(BeanDeserializer.java:519) ~[jackson-databind-2.14.2.jar:2.14.2]
	at com.fasterxml.jackson.databind.deser.BeanDeserializerBase.deserializeFromObjectUsingNonDefault(BeanDeserializerBase.java:1405) ~[jackson-databind-2.14.2.jar:2.14.2]
	at com.fasterxml.jackson.databind.deser.BeanDeserializer.deserializeFromObject(BeanDeserializer.java:352) ~[jackson-databind-2.14.2.jar:2.14.2]
	at com.fasterxml.jackson.databind.deser.BeanDeserializer._deserializeOther(BeanDeserializer.java:220) ~[jackson-databind-2.14.2.jar:2.14.2]
	at com.fasterxml.jackson.databind.deser.BeanDeserializer.deserialize(BeanDeserializer.java:187) ~[jackson-databind-2.14.2.jar:2.14.2]
	at com.fasterxml.jackson.databind.jsontype.impl.AsPropertyTypeDeserializer._deserializeTypedForId(AsPropertyTypeDeserializer.java:144) ~[jackson-databind-2.14.2.jar:2.14.2]
	at com.fasterxml.jackson.databind.jsontype.impl.AsPropertyTypeDeserializer.deserializeTypedFromObject(AsPropertyTypeDeserializer.java:110) ~[jackson-databind-2.14.2.jar:2.14.2]
	at com.fasterxml.jackson.databind.deser.BeanDeserializerBase.deserializeWithType(BeanDeserializerBase.java:1292) ~[jackson-databind-2.14.2.jar:2.14.2]
	at com.fasterxml.jackson.databind.deser.std.CollectionDeserializer._deserializeFromArray(CollectionDeserializer.java:361) ~[jackson-databind-2.14.2.jar:2.14.2]
	at com.fasterxml.jackson.databind.deser.std.CollectionDeserializer.deserialize(CollectionDeserializer.java:244) ~[jackson-databind-2.14.2.jar:2.14.2]
	at com.fasterxml.jackson.databind.deser.std.CollectionDeserializer.deserialize(CollectionDeserializer.java:28) ~[jackson-databind-2.14.2.jar:2.14.2]
	at com.fasterxml.jackson.databind.deser.SettableBeanProperty.deserialize(SettableBeanProperty.java:542) ~[jackson-databind-2.14.2.jar:2.14.2]
	at com.fasterxml.jackson.databind.deser.BeanDeserializer._deserializeWithErrorWrapping(BeanDeserializer.java:564) ~[jackson-databind-2.14.2.jar:2.14.2]
	at com.fasterxml.jackson.databind.deser.BeanDeserializer._deserializeUsingPropertyBased(BeanDeserializer.java:439) ~[jackson-databind-2.14.2.jar:2.14.2]
	at com.fasterxml.jackson.databind.deser.BeanDeserializerBase.deserializeFromObjectUsingNonDefault(BeanDeserializerBase.java:1405) ~[jackson-databind-2.14.2.jar:2.14.2]
	at com.fasterxml.jackson.databind.deser.BeanDeserializer.deserializeFromObject(BeanDeserializer.java:352) ~[jackson-databind-2.14.2.jar:2.14.2]
	at com.fasterxml.jackson.databind.deser.BeanDeserializer.deserialize(BeanDeserializer.java:185) ~[jackson-databind-2.14.2.jar:2.14.2]
	at com.fasterxml.jackson.databind.deser.impl.MethodProperty.deserializeAndSet(MethodProperty.java:129) ~[jackson-databind-2.14.2.jar:2.14.2]
	at com.fasterxml.jackson.databind.deser.BeanDeserializer.vanillaDeserialize(BeanDeserializer.java:314) ~[jackson-databind-2.14.2.jar:2.14.2]
	at com.fasterxml.jackson.databind.deser.BeanDeserializer.deserialize(BeanDeserializer.java:177) ~[jackson-databind-2.14.2.jar:2.14.2]
	at com.fasterxml.jackson.databind.deser.DefaultDeserializationContext.readRootValue(DefaultDeserializationContext.java:323) ~[jackson-databind-2.14.2.jar:2.14.2]
	at com.fasterxml.jackson.databind.ObjectMapper._readMapAndClose(ObjectMapper.java:4730) ~[jackson-databind-2.14.2.jar:2.14.2]
	at com.fasterxml.jackson.databind.ObjectMapper.readValue(ObjectMapper.java:3542) ~[jackson-databind-2.14.2.jar:2.14.2]
	at oogasalad.util.SaveManager.loadGame(SaveManager.java:60) ~[classes/:?]
	at oogasalad.Main.start(Main.java:46) ~[classes/:?]
	at com.sun.javafx.application.LauncherImpl.lambda$launchApplication1$9(LauncherImpl.java:847) ~[javafx.graphics:?]
	at com.sun.javafx.application.PlatformImpl.lambda$runAndWait$12(PlatformImpl.java:484) ~[javafx.graphics:?]
	at com.sun.javafx.application.PlatformImpl.lambda$runLater$10(PlatformImpl.java:457) ~[javafx.graphics:?]
	at java.security.AccessController.doPrivileged(AccessController.java:399) ~[?:?]
	at com.sun.javafx.application.PlatformImpl.lambda$runLater$11(PlatformImpl.java:456) ~[javafx.graphics:?]
	at com.sun.glass.ui.InvokeLaterDispatcher$Future.run(InvokeLaterDispatcher.java:96) [javafx.graphics:?]
Caused by: java.lang.ArrayIndexOutOfBoundsException: Index 1 out of bounds for length 1
	at oogasalad.model.attribute.ImageMetadata.isValidValue(ImageMetadata.java:24) ~[classes/:?]
	at oogasalad.model.attribute.StringMetadata.checkPreconditions(StringMetadata.java:24) ~[classes/:?]
	at oogasalad.model.attribute.AbstractMetadata.isValid(AbstractMetadata.java:59) ~[classes/:?]
	at oogasalad.model.constructable.AbstractGameConstruct.canMigrateAttribute(AbstractGameConstruct.java:159) ~[classes/:?]
	at oogasalad.model.constructable.AbstractGameConstruct.reconcileAttributes(AbstractGameConstruct.java:133) ~[classes/:?]
	at oogasalad.model.constructable.AbstractGameConstruct.setAllAttributes(AbstractGameConstruct.java:76) ~[classes/:?]
	at jdk.internal.reflect.NativeMethodAccessorImpl.invoke0(Native Method) ~[?:?]
	at jdk.internal.reflect.NativeMethodAccessorImpl.invoke(NativeMethodAccessorImpl.java:77) ~[?:?]
	at jdk.internal.reflect.DelegatingMethodAccessorImpl.invoke(DelegatingMethodAccessorImpl.java:43) ~[?:?]
	at java.lang.reflect.Method.invoke(Method.java:568) ~[?:?]
	at com.fasterxml.jackson.databind.deser.impl.MethodProperty.set(MethodProperty.java:182) ~[jackson-databind-2.14.2.jar:2.14.2]
	... 33 more
