2023-04-29 14:18:35,108 WARN o.m.c.AbstractGameConstruct [JavaFX Application Thread] schema does not exist [numberOfPlayersRule]
2023-04-29 14:19:28,120 WARN o.m.c.AbstractGameConstruct [JavaFX Application Thread] schema does not exist [numberOfPlayersRule]
2023-04-29 14:19:31,194 INFO o.m.e.r.BuyTileRule [JavaFX Application Thread] prompted to buy property with remaining money 1650.0
2023-04-29 14:19:33,133 INFO o.m.e.r.BuyTileRule [JavaFX Application Thread] prompted to buy property with remaining money 1650.0
2023-04-29 14:19:34,663 INFO o.m.e.r.BuyTileRule [JavaFX Application Thread] prompted to buy property with remaining money 1650.0
2023-04-29 14:19:43,907 WARN o.m.c.AbstractGameConstruct [JavaFX Application Thread] schema does not exist [numberOfPlayersRule]
2023-04-29 14:19:48,483 INFO o.m.e.r.BuyTileRule [JavaFX Application Thread] prompted to buy property with remaining money 2000.0
2023-04-29 14:26:47,752 WARN o.m.c.AbstractGameConstruct [JavaFX Application Thread] schema does not exist [numberOfPlayersRule]
2023-04-29 14:26:52,401 INFO o.m.e.r.BuyTileRule [JavaFX Application Thread] prompted to buy property with remaining money 1650.0
2023-04-29 14:26:54,231 INFO o.m.e.r.BuyTileRule [JavaFX Application Thread] prompted to buy property with remaining money 1550.0
2023-04-29 14:26:57,794 INFO o.m.e.r.BuyTileRule [JavaFX Application Thread] prompted to buy property with remaining money 1300.0
2023-04-29 14:31:27,351 WARN o.m.c.AbstractGameConstruct [JavaFX Application Thread] schema does not exist [numberOfPlayersRule]
2023-04-29 14:31:29,451 INFO o.c.BuilderController [JavaFX Application Thread] created builder
2023-04-29 14:32:26,209 INFO o.v.b.BuilderView [JavaFX Application Thread] User clicked on board at scene coordinates {291.000000, 253.000000} and board coordinates {191.000000, 165.000000}
2023-04-29 14:32:27,174 INFO o.v.b.BuilderView [JavaFX Application Thread] User clicked on board at scene coordinates {196.000000, 264.000000} and board coordinates {96.000000, 176.000000}
2023-04-29 14:32:27,851 INFO o.v.b.BuilderView [JavaFX Application Thread] User clicked on board at scene coordinates {196.000000, 270.000000} and board coordinates {96.000000, 182.000000}
2023-04-29 14:32:29,167 INFO o.v.b.BuilderView [JavaFX Application Thread] User clicked on board at scene coordinates {249.000000, 243.000000} and board coordinates {149.000000, 155.000000}
2023-04-29 14:32:29,263 INFO o.c.BuilderController [JavaFX Application Thread] added tile
2023-04-29 14:32:31,749 INFO o.v.b.BuilderView [JavaFX Application Thread] User clicked on board at scene coordinates {388.000000, 260.000000} and board coordinates {288.000000, 172.000000}
2023-04-29 14:32:31,752 INFO o.c.BuilderController [JavaFX Application Thread] added tile
2023-04-29 14:32:32,364 INFO o.v.b.BuilderView [JavaFX Application Thread] User clicked on board at scene coordinates {265.000000, 252.000000} and board coordinates {165.000000, 164.000000}
2023-04-29 14:32:32,833 INFO o.c.BuilderController [JavaFX Application Thread] added next attribute to tile
2023-04-29 14:32:32,871 INFO o.v.b.BuilderView [JavaFX Application Thread] User clicked on board at scene coordinates {407.000000, 290.000000} and board coordinates {307.000000, 202.000000}
2023-04-29 14:32:36,588 INFO o.m.e.r.BuyTileRule [JavaFX Application Thread] prompted to buy property with remaining money 1650.0
2023-04-29 14:32:38,177 INFO o.m.e.r.BuyTileRule [JavaFX Application Thread] prompted to buy property with remaining money 1650.0
2023-04-29 14:32:41,051 INFO o.m.e.r.BuyTileRule [JavaFX Application Thread] prompted to buy property with remaining money 1650.0
2023-04-29 14:32:43,967 INFO o.m.e.r.BuyTileRule [JavaFX Application Thread] prompted to buy property with remaining money 1200.0
2023-04-29 14:34:44,657 WARN o.m.c.AbstractGameConstruct [JavaFX Application Thread] schema does not exist [numberOfPlayersRule]
2023-04-29 14:34:47,012 INFO o.c.BuilderController [JavaFX Application Thread] created builder
2023-04-29 14:34:50,259 INFO o.m.e.r.BuyTileRule [JavaFX Application Thread] prompted to buy property with remaining money 1550.0
2023-04-29 14:38:20,161 WARN o.m.c.AbstractGameConstruct [JavaFX Application Thread] schema does not exist [numberOfPlayersRule]
2023-04-29 14:38:46,095 INFO o.c.BuilderController [JavaFX Application Thread] created builder
2023-04-29 14:38:49,505 INFO o.m.e.r.BuyTileRule [JavaFX Application Thread] prompted to buy property with remaining money 1650.0
2023-04-29 14:38:51,223 INFO o.m.e.r.BuyTileRule [JavaFX Application Thread] prompted to buy property with remaining money 1650.0
2023-04-29 14:38:53,742 INFO o.m.e.r.BuyTileRule [JavaFX Application Thread] prompted to buy property with remaining money 1200.0
