2023-04-13 13:51:17,633 TRACE o.m.e.SimpleActionQueue [JavaFX Application Thread] action EventAction[event=oogasalad.model.engine.events.StartGameEvent@4b73d0f8] added to queue with priority 0
2023-04-13 13:51:17,668 TRACE o.m.e.SimpleActionQueue [JavaFX Application Thread] polled EventAction[event=oogasalad.model.engine.events.StartGameEvent@4b73d0f8]
2023-04-13 13:51:17,668 TRACE o.m.e.SimpleEngine [JavaFX Application Thread] running action EventAction[event=oogasalad.model.engine.events.StartGameEvent@4b73d0f8]
2023-04-13 13:51:17,669 TRACE o.m.e.SimpleEngine [JavaFX Application Thread] triggering event oogasalad.model.engine.events.StartGameEvent@4b73d0f8
2023-04-13 13:51:17,669 TRACE o.m.e.SimpleActionQueue [JavaFX Application Thread] action EventAction[event=oogasalad.model.engine.events.StartTurnEvent@3369e094] added to queue with priority 10
2023-04-13 13:51:17,669 TRACE o.m.e.SimpleActionQueue [JavaFX Application Thread] polled EventAction[event=oogasalad.model.engine.events.StartTurnEvent@3369e094]
2023-04-13 13:51:17,669 TRACE o.m.e.SimpleEngine [JavaFX Application Thread] running action EventAction[event=oogasalad.model.engine.events.StartTurnEvent@3369e094]
2023-04-13 13:51:17,669 TRACE o.m.e.SimpleEngine [JavaFX Application Thread] triggering event oogasalad.model.engine.events.StartTurnEvent@3369e094
2023-04-13 13:51:17,669 TRACE o.m.e.SimpleActionQueue [JavaFX Application Thread] action EventAction[event=oogasalad.model.engine.events.StartTurnEvent@ccfa5c7] added to queue with priority 10
2023-04-13 13:51:17,670 TRACE o.m.e.SimpleActionQueue [JavaFX Application Thread] action oogasalad.model.engine.actions.RollDieAndMoveAction@37d74eb8 added to queue with priority 1
2023-04-13 13:51:17,677 TRACE o.m.e.SimpleActionQueue [JavaFX Application Thread] polled oogasalad.model.engine.actions.RollDieAndMoveAction@37d74eb8
2023-04-13 13:51:17,677 TRACE o.m.e.SimpleEngine [JavaFX Application Thread] running action oogasalad.model.engine.actions.RollDieAndMoveAction@37d74eb8
2023-04-13 13:55:15,264 TRACE o.m.e.SimpleActionQueue [JavaFX Application Thread] action EventAction[event=oogasalad.model.engine.events.StartGameEvent@78d95f39] added to queue with priority 0
2023-04-13 13:55:15,300 TRACE o.m.e.SimpleActionQueue [JavaFX Application Thread] polled EventAction[event=oogasalad.model.engine.events.StartGameEvent@78d95f39]
2023-04-13 13:55:15,300 TRACE o.m.e.SimpleEngine [JavaFX Application Thread] running action EventAction[event=oogasalad.model.engine.events.StartGameEvent@78d95f39]
2023-04-13 13:55:15,301 TRACE o.m.e.SimpleEngine [JavaFX Application Thread] triggering event oogasalad.model.engine.events.StartGameEvent@78d95f39
2023-04-13 13:55:15,301 TRACE o.m.e.SimpleActionQueue [JavaFX Application Thread] action EventAction[event=oogasalad.model.engine.events.StartTurnEvent@4bdaa382] added to queue with priority 10
2023-04-13 13:55:15,301 TRACE o.m.e.SimpleActionQueue [JavaFX Application Thread] polled EventAction[event=oogasalad.model.engine.events.StartTurnEvent@4bdaa382]
2023-04-13 13:55:15,301 TRACE o.m.e.SimpleEngine [JavaFX Application Thread] running action EventAction[event=oogasalad.model.engine.events.StartTurnEvent@4bdaa382]
2023-04-13 13:55:15,301 TRACE o.m.e.SimpleEngine [JavaFX Application Thread] triggering event oogasalad.model.engine.events.StartTurnEvent@4bdaa382
2023-04-13 13:55:15,301 TRACE o.m.e.SimpleActionQueue [JavaFX Application Thread] action EventAction[event=oogasalad.model.engine.events.StartTurnEvent@ec0425b] added to queue with priority 10
2023-04-13 13:55:15,302 TRACE o.m.e.SimpleActionQueue [JavaFX Application Thread] action oogasalad.model.engine.actions.RollDieAndMoveAction@4f49a8da added to queue with priority 1
2023-04-13 13:55:15,309 TRACE o.m.e.SimpleActionQueue [JavaFX Application Thread] polled oogasalad.model.engine.actions.RollDieAndMoveAction@4f49a8da
2023-04-13 13:55:15,309 TRACE o.m.e.SimpleEngine [JavaFX Application Thread] running action oogasalad.model.engine.actions.RollDieAndMoveAction@4f49a8da
2023-04-13 13:55:21,281 TRACE o.m.e.SimpleEngine [JavaFX Application Thread] triggering event oogasalad.model.engine.events.DieRolledEvent@6eb63865
2023-04-13 13:55:21,293 TRACE o.m.e.SimpleEngine [JavaFX Application Thread] triggering event oogasalad.model.engine.events.TileLandedEvent@267812b
2023-04-13 13:55:21,296 TRACE o.m.e.SimpleActionQueue [JavaFX Application Thread] action oogasalad.model.engine.actions.BuyAction@5208d46f added to queue with priority 1
2023-04-13 13:55:21,296 TRACE o.m.e.SimpleActionQueue [JavaFX Application Thread] polled oogasalad.model.engine.actions.BuyAction@5208d46f
2023-04-13 13:55:21,296 TRACE o.m.e.SimpleEngine [JavaFX Application Thread] running action oogasalad.model.engine.actions.BuyAction@5208d46f
2023-04-13 13:55:22,568 TRACE o.m.e.SimpleActionQueue [JavaFX Application Thread] polled EventAction[event=oogasalad.model.engine.events.StartTurnEvent@ec0425b]
2023-04-13 13:55:22,568 TRACE o.m.e.SimpleEngine [JavaFX Application Thread] running action EventAction[event=oogasalad.model.engine.events.StartTurnEvent@ec0425b]
2023-04-13 13:55:22,568 TRACE o.m.e.SimpleEngine [JavaFX Application Thread] triggering event oogasalad.model.engine.events.StartTurnEvent@ec0425b
2023-04-13 13:55:22,568 TRACE o.m.e.SimpleActionQueue [JavaFX Application Thread] action EventAction[event=oogasalad.model.engine.events.StartTurnEvent@3eb1fb1f] added to queue with priority 10
2023-04-13 13:55:22,568 TRACE o.m.e.SimpleActionQueue [JavaFX Application Thread] action oogasalad.model.engine.actions.RollDieAndMoveAction@45fea98e added to queue with priority 1
2023-04-13 13:55:22,569 TRACE o.m.e.SimpleActionQueue [JavaFX Application Thread] polled oogasalad.model.engine.actions.RollDieAndMoveAction@45fea98e
2023-04-13 13:55:22,569 TRACE o.m.e.SimpleEngine [JavaFX Application Thread] running action oogasalad.model.engine.actions.RollDieAndMoveAction@45fea98e
2023-04-13 13:55:24,077 TRACE o.m.e.SimpleEngine [JavaFX Application Thread] triggering event oogasalad.model.engine.events.DieRolledEvent@62541d24
2023-04-13 13:55:24,091 TRACE o.m.e.SimpleEngine [JavaFX Application Thread] triggering event oogasalad.model.engine.events.TileLandedEvent@382b7596
2023-04-13 13:55:24,092 TRACE o.m.e.SimpleActionQueue [JavaFX Application Thread] action oogasalad.model.engine.actions.BuyAction@9f3188f added to queue with priority 1
2023-04-13 13:55:24,092 TRACE o.m.e.SimpleActionQueue [JavaFX Application Thread] polled oogasalad.model.engine.actions.BuyAction@9f3188f
2023-04-13 13:55:24,092 TRACE o.m.e.SimpleEngine [JavaFX Application Thread] running action oogasalad.model.engine.actions.BuyAction@9f3188f
2023-04-13 13:55:25,624 TRACE o.m.e.SimpleActionQueue [JavaFX Application Thread] polled EventAction[event=oogasalad.model.engine.events.StartTurnEvent@3eb1fb1f]
2023-04-13 13:55:25,624 TRACE o.m.e.SimpleEngine [JavaFX Application Thread] running action EventAction[event=oogasalad.model.engine.events.StartTurnEvent@3eb1fb1f]
2023-04-13 13:55:25,624 TRACE o.m.e.SimpleEngine [JavaFX Application Thread] triggering event oogasalad.model.engine.events.StartTurnEvent@3eb1fb1f
2023-04-13 13:55:25,624 TRACE o.m.e.SimpleActionQueue [JavaFX Application Thread] action EventAction[event=oogasalad.model.engine.events.StartTurnEvent@42740239] added to queue with priority 10
2023-04-13 13:55:25,624 TRACE o.m.e.SimpleActionQueue [JavaFX Application Thread] action oogasalad.model.engine.actions.RollDieAndMoveAction@62e89f9a added to queue with priority 1
2023-04-13 13:55:25,624 TRACE o.m.e.SimpleActionQueue [JavaFX Application Thread] polled oogasalad.model.engine.actions.RollDieAndMoveAction@62e89f9a
2023-04-13 13:55:25,624 TRACE o.m.e.SimpleEngine [JavaFX Application Thread] running action oogasalad.model.engine.actions.RollDieAndMoveAction@62e89f9a
2023-04-13 13:55:26,639 TRACE o.m.e.SimpleEngine [JavaFX Application Thread] triggering event oogasalad.model.engine.events.DieRolledEvent@17246baf
2023-04-13 13:55:26,643 TRACE o.m.e.SimpleEngine [JavaFX Application Thread] triggering event oogasalad.model.engine.events.TileLandedEvent@286167d3
2023-04-13 13:55:26,644 TRACE o.m.e.SimpleActionQueue [JavaFX Application Thread] action oogasalad.model.engine.actions.BuyAction@4a66dd2c added to queue with priority 1
2023-04-13 13:55:26,644 TRACE o.m.e.SimpleActionQueue [JavaFX Application Thread] polled oogasalad.model.engine.actions.BuyAction@4a66dd2c
2023-04-13 13:55:26,644 TRACE o.m.e.SimpleEngine [JavaFX Application Thread] running action oogasalad.model.engine.actions.BuyAction@4a66dd2c
2023-04-13 13:55:27,860 TRACE o.m.e.SimpleActionQueue [JavaFX Application Thread] polled EventAction[event=oogasalad.model.engine.events.StartTurnEvent@42740239]
2023-04-13 13:55:27,860 TRACE o.m.e.SimpleEngine [JavaFX Application Thread] running action EventAction[event=oogasalad.model.engine.events.StartTurnEvent@42740239]
2023-04-13 13:55:27,860 TRACE o.m.e.SimpleEngine [JavaFX Application Thread] triggering event oogasalad.model.engine.events.StartTurnEvent@42740239
2023-04-13 13:55:27,860 TRACE o.m.e.SimpleActionQueue [JavaFX Application Thread] action EventAction[event=oogasalad.model.engine.events.StartTurnEvent@1922afe3] added to queue with priority 10
2023-04-13 13:55:27,860 TRACE o.m.e.SimpleActionQueue [JavaFX Application Thread] action oogasalad.model.engine.actions.RollDieAndMoveAction@5ff91422 added to queue with priority 1
2023-04-13 13:55:27,861 TRACE o.m.e.SimpleActionQueue [JavaFX Application Thread] polled oogasalad.model.engine.actions.RollDieAndMoveAction@5ff91422
2023-04-13 13:55:27,861 TRACE o.m.e.SimpleEngine [JavaFX Application Thread] running action oogasalad.model.engine.actions.RollDieAndMoveAction@5ff91422
2023-04-13 13:55:28,667 TRACE o.m.e.SimpleEngine [JavaFX Application Thread] triggering event oogasalad.model.engine.events.DieRolledEvent@110f4df0
2023-04-13 13:55:28,671 TRACE o.m.e.SimpleEngine [JavaFX Application Thread] triggering event oogasalad.model.engine.events.TileLandedEvent@656e2c2f
2023-04-13 13:55:28,671 TRACE o.m.e.SimpleActionQueue [JavaFX Application Thread] action oogasalad.model.engine.actions.BuyAction@693fdad6 added to queue with priority 1
2023-04-13 13:55:28,672 TRACE o.m.e.SimpleActionQueue [JavaFX Application Thread] polled oogasalad.model.engine.actions.BuyAction@693fdad6
2023-04-13 13:55:28,672 TRACE o.m.e.SimpleEngine [JavaFX Application Thread] running action oogasalad.model.engine.actions.BuyAction@693fdad6
2023-04-13 13:55:29,660 TRACE o.m.e.SimpleActionQueue [JavaFX Application Thread] polled EventAction[event=oogasalad.model.engine.events.StartTurnEvent@1922afe3]
2023-04-13 13:55:29,660 TRACE o.m.e.SimpleEngine [JavaFX Application Thread] running action EventAction[event=oogasalad.model.engine.events.StartTurnEvent@1922afe3]
2023-04-13 13:55:29,660 TRACE o.m.e.SimpleEngine [JavaFX Application Thread] triggering event oogasalad.model.engine.events.StartTurnEvent@1922afe3
2023-04-13 13:55:29,660 TRACE o.m.e.SimpleActionQueue [JavaFX Application Thread] action EventAction[event=oogasalad.model.engine.events.StartTurnEvent@12613f8a] added to queue with priority 10
2023-04-13 13:55:29,660 TRACE o.m.e.SimpleActionQueue [JavaFX Application Thread] action oogasalad.model.engine.actions.RollDieAndMoveAction@3f861616 added to queue with priority 1
2023-04-13 13:55:29,660 TRACE o.m.e.SimpleActionQueue [JavaFX Application Thread] polled oogasalad.model.engine.actions.RollDieAndMoveAction@3f861616
2023-04-13 13:55:29,661 TRACE o.m.e.SimpleEngine [JavaFX Application Thread] running action oogasalad.model.engine.actions.RollDieAndMoveAction@3f861616
2023-04-13 13:55:30,649 TRACE o.m.e.SimpleEngine [JavaFX Application Thread] triggering event oogasalad.model.engine.events.DieRolledEvent@18f02e86
2023-04-13 13:55:30,653 TRACE o.m.e.SimpleEngine [JavaFX Application Thread] triggering event oogasalad.model.engine.events.TileLandedEvent@65e6515b
2023-04-13 13:55:30,654 TRACE o.m.e.SimpleActionQueue [JavaFX Application Thread] action oogasalad.model.engine.actions.BuyAction@7e60af02 added to queue with priority 1
2023-04-13 13:55:30,654 TRACE o.m.e.SimpleActionQueue [JavaFX Application Thread] polled oogasalad.model.engine.actions.BuyAction@7e60af02
2023-04-13 13:55:30,654 TRACE o.m.e.SimpleEngine [JavaFX Application Thread] running action oogasalad.model.engine.actions.BuyAction@7e60af02
2023-04-13 13:55:31,531 TRACE o.m.e.SimpleActionQueue [JavaFX Application Thread] polled EventAction[event=oogasalad.model.engine.events.StartTurnEvent@12613f8a]
2023-04-13 13:55:31,531 TRACE o.m.e.SimpleEngine [JavaFX Application Thread] running action EventAction[event=oogasalad.model.engine.events.StartTurnEvent@12613f8a]
2023-04-13 13:55:31,531 TRACE o.m.e.SimpleEngine [JavaFX Application Thread] triggering event oogasalad.model.engine.events.StartTurnEvent@12613f8a
2023-04-13 13:55:31,532 TRACE o.m.e.SimpleActionQueue [JavaFX Application Thread] action EventAction[event=oogasalad.model.engine.events.StartTurnEvent@6bdf3005] added to queue with priority 10
2023-04-13 13:55:31,532 TRACE o.m.e.SimpleActionQueue [JavaFX Application Thread] action oogasalad.model.engine.actions.RollDieAndMoveAction@70f30255 added to queue with priority 1
2023-04-13 13:55:31,532 TRACE o.m.e.SimpleActionQueue [JavaFX Application Thread] polled oogasalad.model.engine.actions.RollDieAndMoveAction@70f30255
2023-04-13 13:55:31,532 TRACE o.m.e.SimpleEngine [JavaFX Application Thread] running action oogasalad.model.engine.actions.RollDieAndMoveAction@70f30255
2023-04-13 13:55:32,481 TRACE o.m.e.SimpleEngine [JavaFX Application Thread] triggering event oogasalad.model.engine.events.DieRolledEvent@6e2124a0
2023-04-13 13:55:32,489 TRACE o.m.e.SimpleEngine [JavaFX Application Thread] triggering event oogasalad.model.engine.events.TileLandedEvent@7a85f2d9
2023-04-13 13:55:32,489 TRACE o.m.e.SimpleActionQueue [JavaFX Application Thread] action oogasalad.model.engine.actions.BuyAction@6848ba94 added to queue with priority 1
2023-04-13 13:55:32,489 TRACE o.m.e.SimpleActionQueue [JavaFX Application Thread] polled oogasalad.model.engine.actions.BuyAction@6848ba94
2023-04-13 13:55:32,489 TRACE o.m.e.SimpleEngine [JavaFX Application Thread] running action oogasalad.model.engine.actions.BuyAction@6848ba94
2023-04-13 13:55:33,468 TRACE o.m.e.SimpleActionQueue [JavaFX Application Thread] polled EventAction[event=oogasalad.model.engine.events.StartTurnEvent@6bdf3005]
2023-04-13 13:55:33,468 TRACE o.m.e.SimpleEngine [JavaFX Application Thread] running action EventAction[event=oogasalad.model.engine.events.StartTurnEvent@6bdf3005]
2023-04-13 13:55:33,468 TRACE o.m.e.SimpleEngine [JavaFX Application Thread] triggering event oogasalad.model.engine.events.StartTurnEvent@6bdf3005
2023-04-13 13:55:33,469 TRACE o.m.e.SimpleActionQueue [JavaFX Application Thread] action EventAction[event=oogasalad.model.engine.events.StartTurnEvent@5662fb62] added to queue with priority 10
2023-04-13 13:55:33,469 TRACE o.m.e.SimpleActionQueue [JavaFX Application Thread] action oogasalad.model.engine.actions.RollDieAndMoveAction@1fa7561d added to queue with priority 1
2023-04-13 13:55:33,469 TRACE o.m.e.SimpleActionQueue [JavaFX Application Thread] polled oogasalad.model.engine.actions.RollDieAndMoveAction@1fa7561d
2023-04-13 13:55:33,469 TRACE o.m.e.SimpleEngine [JavaFX Application Thread] running action oogasalad.model.engine.actions.RollDieAndMoveAction@1fa7561d
2023-04-13 13:55:34,090 TRACE o.m.e.SimpleEngine [JavaFX Application Thread] triggering event oogasalad.model.engine.events.DieRolledEvent@3cb01d26
2023-04-13 13:55:34,106 TRACE o.m.e.SimpleEngine [JavaFX Application Thread] triggering event oogasalad.model.engine.events.TileLandedEvent@1982a313
2023-04-13 13:55:34,107 TRACE o.m.e.SimpleActionQueue [JavaFX Application Thread] action oogasalad.model.engine.actions.BuyAction@1ac68665 added to queue with priority 1
2023-04-13 13:55:34,107 TRACE o.m.e.SimpleActionQueue [JavaFX Application Thread] polled oogasalad.model.engine.actions.BuyAction@1ac68665
2023-04-13 13:55:34,107 TRACE o.m.e.SimpleEngine [JavaFX Application Thread] running action oogasalad.model.engine.actions.BuyAction@1ac68665
2023-04-13 13:55:34,907 TRACE o.m.e.SimpleActionQueue [JavaFX Application Thread] polled EventAction[event=oogasalad.model.engine.events.StartTurnEvent@5662fb62]
2023-04-13 13:55:34,908 TRACE o.m.e.SimpleEngine [JavaFX Application Thread] running action EventAction[event=oogasalad.model.engine.events.StartTurnEvent@5662fb62]
2023-04-13 13:55:34,908 TRACE o.m.e.SimpleEngine [JavaFX Application Thread] triggering event oogasalad.model.engine.events.StartTurnEvent@5662fb62
2023-04-13 13:55:34,909 TRACE o.m.e.SimpleActionQueue [JavaFX Application Thread] action EventAction[event=oogasalad.model.engine.events.StartTurnEvent@7df44422] added to queue with priority 10
2023-04-13 13:55:34,909 TRACE o.m.e.SimpleActionQueue [JavaFX Application Thread] action oogasalad.model.engine.actions.RollDieAndMoveAction@6e2fd4ac added to queue with priority 1
2023-04-13 13:55:34,909 TRACE o.m.e.SimpleActionQueue [JavaFX Application Thread] polled oogasalad.model.engine.actions.RollDieAndMoveAction@6e2fd4ac
2023-04-13 13:55:34,909 TRACE o.m.e.SimpleEngine [JavaFX Application Thread] running action oogasalad.model.engine.actions.RollDieAndMoveAction@6e2fd4ac
2023-04-13 13:55:35,871 TRACE o.m.e.SimpleEngine [JavaFX Application Thread] triggering event oogasalad.model.engine.events.DieRolledEvent@7126d6a6
2023-04-13 13:55:35,887 TRACE o.m.e.SimpleEngine [JavaFX Application Thread] triggering event oogasalad.model.engine.events.TileLandedEvent@7075d77d
2023-04-13 13:55:35,887 TRACE o.m.e.SimpleActionQueue [JavaFX Application Thread] action oogasalad.model.engine.actions.BuyAction@2f7f4805 added to queue with priority 1
2023-04-13 13:55:35,888 TRACE o.m.e.SimpleActionQueue [JavaFX Application Thread] polled oogasalad.model.engine.actions.BuyAction@2f7f4805
2023-04-13 13:55:35,888 TRACE o.m.e.SimpleEngine [JavaFX Application Thread] running action oogasalad.model.engine.actions.BuyAction@2f7f4805
2023-04-13 13:55:37,147 TRACE o.m.e.SimpleActionQueue [JavaFX Application Thread] polled EventAction[event=oogasalad.model.engine.events.StartTurnEvent@7df44422]
2023-04-13 13:55:37,148 TRACE o.m.e.SimpleEngine [JavaFX Application Thread] running action EventAction[event=oogasalad.model.engine.events.StartTurnEvent@7df44422]
2023-04-13 13:55:37,148 TRACE o.m.e.SimpleEngine [JavaFX Application Thread] triggering event oogasalad.model.engine.events.StartTurnEvent@7df44422
2023-04-13 13:55:37,148 TRACE o.m.e.SimpleActionQueue [JavaFX Application Thread] action EventAction[event=oogasalad.model.engine.events.StartTurnEvent@3fb25fe6] added to queue with priority 10
2023-04-13 13:55:37,148 TRACE o.m.e.SimpleActionQueue [JavaFX Application Thread] action oogasalad.model.engine.actions.RollDieAndMoveAction@25509c1d added to queue with priority 1
2023-04-13 13:55:37,148 TRACE o.m.e.SimpleActionQueue [JavaFX Application Thread] polled oogasalad.model.engine.actions.RollDieAndMoveAction@25509c1d
2023-04-13 13:55:37,148 TRACE o.m.e.SimpleEngine [JavaFX Application Thread] running action oogasalad.model.engine.actions.RollDieAndMoveAction@25509c1d
