2023-05-03 12:02:44,474 INFO o.m.e.r.NumberOfPlayersRule [JavaFX Application Thread] Add Create Players Action to ActionQueue
2023-05-03 12:02:46,062 INFO o.m.e.a.c.CreatePlayersAction [JavaFX Application Thread] Create Game Players upon User Selection
2023-05-03 12:02:46,072 INFO o.m.e.a.c.CreatePlayersAction [JavaFX Application Thread] Emit Player Creation Event
2023-05-03 12:02:47,370 INFO o.m.e.a.w.CheckWinAndEndAction [JavaFX Application Thread] Checking if Current Game Player Status Satisfies Winning Condition
2023-05-03 12:02:47,949 INFO o.m.e.a.w.CheckWinAndEndAction [JavaFX Application Thread] Checking if Current Game Player Status Satisfies Winning Condition
2023-05-03 12:02:48,431 INFO o.m.e.a.w.CheckWinAndEndAction [JavaFX Application Thread] Checking if Current Game Player Status Satisfies Winning Condition
2023-05-03 12:02:48,886 INFO o.m.e.a.w.CheckWinAndEndAction [JavaFX Application Thread] Checking if Current Game Player Status Satisfies Winning Condition
2023-05-03 12:02:49,409 INFO o.m.e.a.w.CheckWinAndEndAction [JavaFX Application Thread] Checking if Current Game Player Status Satisfies Winning Condition
2023-05-03 12:02:53,232 INFO o.m.e.a.w.CheckWinAndEndAction [JavaFX Application Thread] Checking if Current Game Player Status Satisfies Winning Condition
2023-05-03 12:02:53,749 INFO o.m.e.a.w.CheckWinAndEndAction [JavaFX Application Thread] Checking if Current Game Player Status Satisfies Winning Condition
2023-05-03 12:02:54,215 INFO o.m.e.a.w.CheckWinAndEndAction [JavaFX Application Thread] Checking if Current Game Player Status Satisfies Winning Condition
2023-05-03 12:02:54,705 INFO o.m.e.a.w.CheckWinAndEndAction [JavaFX Application Thread] Checking if Current Game Player Status Satisfies Winning Condition
2023-05-03 12:02:55,200 INFO o.m.e.a.w.CheckWinAndEndAction [JavaFX Application Thread] Checking if Current Game Player Status Satisfies Winning Condition
2023-05-03 12:02:55,653 INFO o.m.e.a.w.CheckWinAndEndAction [JavaFX Application Thread] Checking if Current Game Player Status Satisfies Winning Condition
2023-05-03 12:02:56,163 INFO o.m.e.a.w.CheckWinAndEndAction [JavaFX Application Thread] Checking if Current Game Player Status Satisfies Winning Condition
2023-05-03 12:02:56,632 INFO o.m.e.a.w.CheckWinAndEndAction [JavaFX Application Thread] Checking if Current Game Player Status Satisfies Winning Condition
2023-05-03 12:02:56,932 INFO o.m.e.a.w.CheckWinAndEndAction [JavaFX Application Thread] Checking if Current Game Player Status Satisfies Winning Condition
2023-05-03 12:02:57,180 INFO o.m.e.a.w.CheckWinAndEndAction [JavaFX Application Thread] Checking if Current Game Player Status Satisfies Winning Condition
2023-05-03 12:02:57,374 INFO o.m.e.a.w.CheckWinAndEndAction [JavaFX Application Thread] Checking if Current Game Player Status Satisfies Winning Condition
2023-05-03 12:02:57,713 INFO o.m.e.a.w.CheckWinAndEndAction [JavaFX Application Thread] Checking if Current Game Player Status Satisfies Winning Condition
2023-05-03 12:02:58,011 INFO o.m.e.a.w.CheckWinAndEndAction [JavaFX Application Thread] Checking if Current Game Player Status Satisfies Winning Condition
2023-05-03 12:02:58,157 INFO o.m.e.a.w.CheckWinAndEndAction [JavaFX Application Thread] Checking if Current Game Player Status Satisfies Winning Condition
2023-05-03 12:02:58,297 INFO o.m.e.a.w.CheckWinAndEndAction [JavaFX Application Thread] Checking if Current Game Player Status Satisfies Winning Condition
2023-05-03 12:02:58,467 INFO o.m.e.a.w.CheckWinAndEndAction [JavaFX Application Thread] Checking if Current Game Player Status Satisfies Winning Condition
2023-05-03 12:02:58,723 INFO o.m.e.a.w.CheckWinAndEndAction [JavaFX Application Thread] Checking if Current Game Player Status Satisfies Winning Condition
2023-05-03 12:02:58,944 INFO o.m.e.a.w.CheckWinAndEndAction [JavaFX Application Thread] Checking if Current Game Player Status Satisfies Winning Condition
2023-05-03 12:02:59,131 INFO o.m.e.a.w.CheckWinAndEndAction [JavaFX Application Thread] Checking if Current Game Player Status Satisfies Winning Condition
2023-05-03 12:02:59,131 INFO o.m.e.a.w.CheckWinAndEndAction [JavaFX Application Thread] Satisfied Condition, Ending Game
2023-05-03 12:03:33,014 INFO o.m.e.r.NumberOfPlayersRule [JavaFX Application Thread] Add Create Players Action to ActionQueue
2023-05-03 12:04:08,218 INFO o.m.e.a.c.CreatePlayersAction [JavaFX Application Thread] Create Game Players upon User Selection
2023-05-03 12:04:08,226 INFO o.m.e.a.c.CreatePlayersAction [JavaFX Application Thread] Emit Player Creation Event
2023-05-03 12:04:14,827 INFO o.c.BuilderController [JavaFX Application Thread] created builder
2023-05-03 12:06:17,859 INFO o.m.e.r.NumberOfPlayersRule [JavaFX Application Thread] Add Create Players Action to ActionQueue
2023-05-03 12:06:19,544 INFO o.m.e.a.c.CreatePlayersAction [JavaFX Application Thread] Create Game Players upon User Selection
2023-05-03 12:06:19,553 INFO o.m.e.a.c.CreatePlayersAction [JavaFX Application Thread] Emit Player Creation Event
2023-05-03 12:06:45,500 INFO o.m.e.r.NumberOfPlayersRule [JavaFX Application Thread] Add Create Players Action to ActionQueue
2023-05-03 12:06:47,748 INFO o.m.e.a.c.CreatePlayersAction [JavaFX Application Thread] Create Game Players upon User Selection
2023-05-03 12:06:47,749 INFO o.m.e.a.c.CreatePlayersAction [JavaFX Application Thread] Emit Player Creation Event
2023-05-03 12:06:49,328 INFO o.m.e.a.w.CheckWinAndEndAction [JavaFX Application Thread] Checking if Current Game Player Status Satisfies Winning Condition
2023-05-03 12:07:00,625 INFO o.m.e.r.NumberOfPlayersRule [JavaFX Application Thread] Add Create Players Action to ActionQueue
2023-05-03 12:07:05,004 INFO o.m.e.a.c.CreatePlayersAction [JavaFX Application Thread] Create Game Players upon User Selection
2023-05-03 12:07:05,005 INFO o.m.e.a.c.CreatePlayersAction [JavaFX Application Thread] Emit Player Creation Event
2023-05-03 12:07:19,719 INFO o.m.e.r.NumberOfPlayersRule [JavaFX Application Thread] Add Create Players Action to ActionQueue
2023-05-03 12:07:20,953 INFO o.m.e.a.c.CreatePlayersAction [JavaFX Application Thread] Create Game Players upon User Selection
2023-05-03 12:07:20,953 INFO o.m.e.a.c.CreatePlayersAction [JavaFX Application Thread] Emit Player Creation Event
2023-05-03 12:07:41,703 INFO o.m.e.r.NumberOfPlayersRule [JavaFX Application Thread] Add Create Players Action to ActionQueue
2023-05-03 12:07:42,948 INFO o.m.e.a.c.CreatePlayersAction [JavaFX Application Thread] Create Game Players upon User Selection
2023-05-03 12:07:42,949 INFO o.m.e.a.c.CreatePlayersAction [JavaFX Application Thread] Emit Player Creation Event
2023-05-03 12:07:54,805 INFO o.m.e.r.NumberOfPlayersRule [JavaFX Application Thread] Add Create Players Action to ActionQueue
2023-05-03 12:07:55,766 INFO o.m.e.a.c.CreatePlayersAction [JavaFX Application Thread] Create Game Players upon User Selection
2023-05-03 12:07:55,767 INFO o.m.e.a.c.CreatePlayersAction [JavaFX Application Thread] Emit Player Creation Event
2023-05-03 12:08:26,573 INFO o.m.e.r.NumberOfPlayersRule [JavaFX Application Thread] Add Create Players Action to ActionQueue
2023-05-03 12:08:27,769 INFO o.m.e.a.c.CreatePlayersAction [JavaFX Application Thread] Create Game Players upon User Selection
2023-05-03 12:08:27,770 INFO o.m.e.a.c.CreatePlayersAction [JavaFX Application Thread] Emit Player Creation Event
2023-05-03 12:08:58,120 INFO o.m.e.r.NumberOfPlayersRule [JavaFX Application Thread] Add Create Players Action to ActionQueue
2023-05-03 12:08:59,283 INFO o.m.e.a.c.CreatePlayersAction [JavaFX Application Thread] Create Game Players upon User Selection
2023-05-03 12:08:59,284 INFO o.m.e.a.c.CreatePlayersAction [JavaFX Application Thread] Emit Player Creation Event
2023-05-03 12:09:09,896 INFO o.m.e.r.NumberOfPlayersRule [JavaFX Application Thread] Add Create Players Action to ActionQueue
2023-05-03 12:09:11,067 INFO o.m.e.a.c.CreatePlayersAction [JavaFX Application Thread] Create Game Players upon User Selection
2023-05-03 12:09:11,069 INFO o.m.e.a.c.CreatePlayersAction [JavaFX Application Thread] Emit Player Creation Event
2023-05-03 12:11:55,545 INFO o.m.e.r.NumberOfPlayersRule [JavaFX Application Thread] Add Create Players Action to ActionQueue
2023-05-03 12:11:56,498 INFO o.m.e.a.c.CreatePlayersAction [JavaFX Application Thread] Create Game Players upon User Selection
2023-05-03 12:11:56,499 INFO o.m.e.a.c.CreatePlayersAction [JavaFX Application Thread] Emit Player Creation Event
2023-05-03 12:13:19,433 INFO o.m.e.r.NumberOfPlayersRule [JavaFX Application Thread] Add Create Players Action to ActionQueue
2023-05-03 12:13:20,489 INFO o.m.e.a.c.CreatePlayersAction [JavaFX Application Thread] Create Game Players upon User Selection
2023-05-03 12:13:20,489 INFO o.m.e.a.c.CreatePlayersAction [JavaFX Application Thread] Emit Player Creation Event
2023-05-03 12:19:08,479 INFO o.m.e.r.NumberOfPlayersRule [JavaFX Application Thread] Add Create Players Action to ActionQueue
2023-05-03 12:19:11,117 INFO o.m.e.a.c.CreatePlayersAction [JavaFX Application Thread] Create Game Players upon User Selection
2023-05-03 12:19:11,117 INFO o.m.e.a.c.CreatePlayersAction [JavaFX Application Thread] Emit Player Creation Event
2023-05-03 12:21:59,473 INFO o.m.e.r.NumberOfPlayersRule [JavaFX Application Thread] Add Create Players Action to ActionQueue
2023-05-03 12:22:00,591 INFO o.m.e.a.c.CreatePlayersAction [JavaFX Application Thread] Create Game Players upon User Selection
2023-05-03 12:22:00,592 INFO o.m.e.a.c.CreatePlayersAction [JavaFX Application Thread] Emit Player Creation Event
2023-05-03 12:22:01,636 INFO o.m.e.a.w.CheckWinAndEndAction [JavaFX Application Thread] Checking if Current Game Player Status Satisfies Winning Condition
2023-05-03 12:22:02,454 INFO o.m.e.a.w.CheckWinAndEndAction [JavaFX Application Thread] Checking if Current Game Player Status Satisfies Winning Condition
2023-05-03 12:22:03,079 INFO o.m.e.a.w.CheckWinAndEndAction [JavaFX Application Thread] Checking if Current Game Player Status Satisfies Winning Condition
2023-05-03 12:22:03,771 INFO o.m.e.a.w.CheckWinAndEndAction [JavaFX Application Thread] Checking if Current Game Player Status Satisfies Winning Condition
2023-05-03 12:22:04,430 INFO o.m.e.a.w.CheckWinAndEndAction [JavaFX Application Thread] Checking if Current Game Player Status Satisfies Winning Condition
2023-05-03 12:22:04,875 INFO o.m.e.a.w.CheckWinAndEndAction [JavaFX Application Thread] Checking if Current Game Player Status Satisfies Winning Condition
2023-05-03 12:22:05,266 INFO o.m.e.a.w.CheckWinAndEndAction [JavaFX Application Thread] Checking if Current Game Player Status Satisfies Winning Condition
2023-05-03 12:22:05,743 INFO o.m.e.a.w.CheckWinAndEndAction [JavaFX Application Thread] Checking if Current Game Player Status Satisfies Winning Condition
2023-05-03 12:22:06,175 INFO o.m.e.a.w.CheckWinAndEndAction [JavaFX Application Thread] Checking if Current Game Player Status Satisfies Winning Condition
2023-05-03 12:22:06,770 INFO o.m.e.a.w.CheckWinAndEndAction [JavaFX Application Thread] Checking if Current Game Player Status Satisfies Winning Condition
2023-05-03 12:22:07,274 INFO o.m.e.a.w.CheckWinAndEndAction [JavaFX Application Thread] Checking if Current Game Player Status Satisfies Winning Condition
2023-05-03 12:22:07,669 INFO o.m.e.a.w.CheckWinAndEndAction [JavaFX Application Thread] Checking if Current Game Player Status Satisfies Winning Condition
2023-05-03 12:22:08,101 INFO o.m.e.a.w.CheckWinAndEndAction [JavaFX Application Thread] Checking if Current Game Player Status Satisfies Winning Condition
2023-05-03 12:22:08,601 INFO o.m.e.a.w.CheckWinAndEndAction [JavaFX Application Thread] Checking if Current Game Player Status Satisfies Winning Condition
2023-05-03 12:22:09,432 INFO o.m.e.a.w.CheckWinAndEndAction [JavaFX Application Thread] Checking if Current Game Player Status Satisfies Winning Condition
2023-05-03 12:22:09,817 INFO o.m.e.a.w.CheckWinAndEndAction [JavaFX Application Thread] Checking if Current Game Player Status Satisfies Winning Condition
2023-05-03 12:22:10,167 INFO o.m.e.a.w.CheckWinAndEndAction [JavaFX Application Thread] Checking if Current Game Player Status Satisfies Winning Condition
2023-05-03 12:22:10,541 INFO o.m.e.a.w.CheckWinAndEndAction [JavaFX Application Thread] Checking if Current Game Player Status Satisfies Winning Condition
2023-05-03 12:22:10,978 INFO o.m.e.a.w.CheckWinAndEndAction [JavaFX Application Thread] Checking if Current Game Player Status Satisfies Winning Condition
2023-05-03 12:22:11,453 INFO o.m.e.a.w.CheckWinAndEndAction [JavaFX Application Thread] Checking if Current Game Player Status Satisfies Winning Condition
2023-05-03 12:22:11,984 INFO o.m.e.a.w.CheckWinAndEndAction [JavaFX Application Thread] Checking if Current Game Player Status Satisfies Winning Condition
2023-05-03 12:22:12,276 INFO o.m.e.a.w.CheckWinAndEndAction [JavaFX Application Thread] Checking if Current Game Player Status Satisfies Winning Condition
2023-05-03 12:22:12,436 INFO o.m.e.a.w.CheckWinAndEndAction [JavaFX Application Thread] Checking if Current Game Player Status Satisfies Winning Condition
2023-05-03 12:22:12,615 INFO o.m.e.a.w.CheckWinAndEndAction [JavaFX Application Thread] Checking if Current Game Player Status Satisfies Winning Condition
2023-05-03 12:22:12,814 INFO o.m.e.a.w.CheckWinAndEndAction [JavaFX Application Thread] Checking if Current Game Player Status Satisfies Winning Condition
2023-05-03 12:22:12,983 INFO o.m.e.a.w.CheckWinAndEndAction [JavaFX Application Thread] Checking if Current Game Player Status Satisfies Winning Condition
2023-05-03 12:22:13,145 INFO o.m.e.a.w.CheckWinAndEndAction [JavaFX Application Thread] Checking if Current Game Player Status Satisfies Winning Condition
2023-05-03 12:22:13,324 INFO o.m.e.a.w.CheckWinAndEndAction [JavaFX Application Thread] Checking if Current Game Player Status Satisfies Winning Condition
2023-05-03 12:22:13,477 INFO o.m.e.a.w.CheckWinAndEndAction [JavaFX Application Thread] Checking if Current Game Player Status Satisfies Winning Condition
2023-05-03 12:22:13,632 INFO o.m.e.a.w.CheckWinAndEndAction [JavaFX Application Thread] Checking if Current Game Player Status Satisfies Winning Condition
2023-05-03 12:22:13,902 INFO o.m.e.a.w.CheckWinAndEndAction [JavaFX Application Thread] Checking if Current Game Player Status Satisfies Winning Condition
2023-05-03 12:22:14,058 INFO o.m.e.a.w.CheckWinAndEndAction [JavaFX Application Thread] Checking if Current Game Player Status Satisfies Winning Condition
2023-05-03 12:22:14,204 INFO o.m.e.a.w.CheckWinAndEndAction [JavaFX Application Thread] Checking if Current Game Player Status Satisfies Winning Condition
2023-05-03 12:22:14,340 INFO o.m.e.a.w.CheckWinAndEndAction [JavaFX Application Thread] Checking if Current Game Player Status Satisfies Winning Condition
2023-05-03 12:22:14,340 INFO o.m.e.a.w.CheckWinAndEndAction [JavaFX Application Thread] Satisfied Condition, Ending Game
2023-05-03 12:22:25,623 INFO o.m.e.r.NumberOfPlayersRule [JavaFX Application Thread] Add Create Players Action to ActionQueue
2023-05-03 12:22:26,786 INFO o.m.e.a.c.CreatePlayersAction [JavaFX Application Thread] Create Game Players upon User Selection
2023-05-03 12:22:26,790 INFO o.m.e.a.c.CreatePlayersAction [JavaFX Application Thread] Emit Player Creation Event
2023-05-03 12:22:41,434 INFO o.c.BuilderController [JavaFX Application Thread] created builder
2023-05-03 12:22:41,438 WARN o.c.BuilderController [JavaFX Application Thread] Tried to load an invalid tile! Coordinate: (540.0,280.0), angle is 0.0 Width: 50.0 Height: 50.0
2023-05-03 12:22:41,438 WARN o.c.BuilderController [JavaFX Application Thread] Tried to load an invalid tile! Coordinate: (590.0,280.0), angle is 0.0 Width: 50.0 Height: 50.0
2023-05-03 12:22:41,439 WARN o.c.BuilderController [JavaFX Application Thread] Tried to load an invalid tile! Coordinate: (640.0,280.0), angle is 0.0 Width: 50.0 Height: 50.0
2023-05-03 12:22:41,439 WARN o.c.BuilderController [JavaFX Application Thread] Tried to load an invalid tile! Coordinate: (690.0,280.0), angle is 0.0 Width: 50.0 Height: 50.0
2023-05-03 12:22:41,439 WARN o.c.BuilderController [JavaFX Application Thread] Tried to load an invalid tile! Coordinate: (740.0,280.0), angle is 0.0 Width: 50.0 Height: 50.0
2023-05-03 12:22:41,439 WARN o.c.BuilderController [JavaFX Application Thread] Tried to load an invalid tile! Coordinate: (790.0,280.0), angle is 0.0 Width: 50.0 Height: 50.0
2023-05-03 12:22:41,439 WARN o.c.BuilderController [JavaFX Application Thread] Tried to load an invalid tile! Coordinate: (840.0,280.0), angle is 0.0 Width: 50.0 Height: 50.0
2023-05-03 12:22:41,439 WARN o.c.BuilderController [JavaFX Application Thread] Tried to load an invalid tile! Coordinate: (890.0,280.0), angle is 0.0 Width: 50.0 Height: 50.0
2023-05-03 12:22:41,439 WARN o.c.BuilderController [JavaFX Application Thread] Tried to load an invalid tile! Coordinate: (540.0,330.0), angle is 0.0 Width: 50.0 Height: 50.0
2023-05-03 12:22:41,439 WARN o.c.BuilderController [JavaFX Application Thread] Tried to load an invalid tile! Coordinate: (590.0,330.0), angle is 0.0 Width: 50.0 Height: 50.0
2023-05-03 12:22:41,439 WARN o.c.BuilderController [JavaFX Application Thread] Tried to load an invalid tile! Coordinate: (640.0,330.0), angle is 0.0 Width: 50.0 Height: 50.0
2023-05-03 12:22:41,439 WARN o.c.BuilderController [JavaFX Application Thread] Tried to load an invalid tile! Coordinate: (690.0,330.0), angle is 0.0 Width: 50.0 Height: 50.0
2023-05-03 12:22:41,440 WARN o.c.BuilderController [JavaFX Application Thread] Tried to load an invalid tile! Coordinate: (740.0,330.0), angle is 0.0 Width: 50.0 Height: 50.0
2023-05-03 12:22:41,441 WARN o.c.BuilderController [JavaFX Application Thread] Tried to load an invalid tile! Coordinate: (790.0,330.0), angle is 0.0 Width: 50.0 Height: 50.0
2023-05-03 12:22:41,441 WARN o.c.BuilderController [JavaFX Application Thread] Tried to load an invalid tile! Coordinate: (840.0,330.0), angle is 0.0 Width: 50.0 Height: 50.0
2023-05-03 12:22:41,441 WARN o.c.BuilderController [JavaFX Application Thread] Tried to load an invalid tile! Coordinate: (890.0,330.0), angle is 0.0 Width: 50.0 Height: 50.0
2023-05-03 12:22:41,441 WARN o.c.BuilderController [JavaFX Application Thread] Tried to load an invalid tile! Coordinate: (540.0,380.0), angle is 0.0 Width: 50.0 Height: 50.0
2023-05-03 12:22:41,441 WARN o.c.BuilderController [JavaFX Application Thread] Tried to load an invalid tile! Coordinate: (590.0,380.0), angle is 0.0 Width: 50.0 Height: 50.0
2023-05-03 12:22:41,441 WARN o.c.BuilderController [JavaFX Application Thread] Tried to load an invalid tile! Coordinate: (640.0,380.0), angle is 0.0 Width: 50.0 Height: 50.0
2023-05-03 12:22:41,441 WARN o.c.BuilderController [JavaFX Application Thread] Tried to load an invalid tile! Coordinate: (690.0,380.0), angle is 0.0 Width: 50.0 Height: 50.0
2023-05-03 12:22:41,441 WARN o.c.BuilderController [JavaFX Application Thread] Tried to load an invalid tile! Coordinate: (740.0,380.0), angle is 0.0 Width: 50.0 Height: 50.0
2023-05-03 12:22:41,441 WARN o.c.BuilderController [JavaFX Application Thread] Tried to load an invalid tile! Coordinate: (790.0,380.0), angle is 0.0 Width: 50.0 Height: 50.0
2023-05-03 12:22:41,441 WARN o.c.BuilderController [JavaFX Application Thread] Tried to load an invalid tile! Coordinate: (840.0,380.0), angle is 0.0 Width: 50.0 Height: 50.0
2023-05-03 12:22:41,441 WARN o.c.BuilderController [JavaFX Application Thread] Tried to load an invalid tile! Coordinate: (890.0,380.0), angle is 0.0 Width: 50.0 Height: 50.0
2023-05-03 12:22:41,441 WARN o.c.BuilderController [JavaFX Application Thread] Tried to load an invalid tile! Coordinate: (540.0,430.0), angle is 0.0 Width: 50.0 Height: 50.0
2023-05-03 12:22:41,442 WARN o.c.BuilderController [JavaFX Application Thread] Tried to load an invalid tile! Coordinate: (590.0,430.0), angle is 0.0 Width: 50.0 Height: 50.0
2023-05-03 12:22:41,442 WARN o.c.BuilderController [JavaFX Application Thread] Tried to load an invalid tile! Coordinate: (640.0,430.0), angle is 0.0 Width: 50.0 Height: 50.0
2023-05-03 12:22:41,442 WARN o.c.BuilderController [JavaFX Application Thread] Tried to load an invalid tile! Coordinate: (690.0,430.0), angle is 0.0 Width: 50.0 Height: 50.0
2023-05-03 12:22:41,442 WARN o.c.BuilderController [JavaFX Application Thread] Tried to load an invalid tile! Coordinate: (740.0,430.0), angle is 0.0 Width: 50.0 Height: 50.0
2023-05-03 12:22:41,442 WARN o.c.BuilderController [JavaFX Application Thread] Tried to load an invalid tile! Coordinate: (790.0,430.0), angle is 0.0 Width: 50.0 Height: 50.0
2023-05-03 12:22:41,442 WARN o.c.BuilderController [JavaFX Application Thread] Tried to load an invalid tile! Coordinate: (840.0,430.0), angle is 0.0 Width: 50.0 Height: 50.0
2023-05-03 12:22:41,442 WARN o.c.BuilderController [JavaFX Application Thread] Tried to load an invalid tile! Coordinate: (890.0,430.0), angle is 0.0 Width: 50.0 Height: 50.0
2023-05-03 12:22:41,442 WARN o.c.BuilderController [JavaFX Application Thread] Tried to load an invalid tile! Coordinate: (540.0,480.0), angle is 0.0 Width: 50.0 Height: 50.0
2023-05-03 12:22:41,442 WARN o.c.BuilderController [JavaFX Application Thread] Tried to load an invalid tile! Coordinate: (590.0,480.0), angle is 0.0 Width: 50.0 Height: 50.0
2023-05-03 12:22:41,443 WARN o.c.BuilderController [JavaFX Application Thread] Tried to load an invalid tile! Coordinate: (640.0,480.0), angle is 0.0 Width: 50.0 Height: 50.0
2023-05-03 12:22:41,443 WARN o.c.BuilderController [JavaFX Application Thread] Tried to load an invalid tile! Coordinate: (690.0,480.0), angle is 0.0 Width: 50.0 Height: 50.0
2023-05-03 12:22:41,444 WARN o.c.BuilderController [JavaFX Application Thread] Tried to load an invalid tile! Coordinate: (740.0,480.0), angle is 0.0 Width: 50.0 Height: 50.0
2023-05-03 12:22:41,444 WARN o.c.BuilderController [JavaFX Application Thread] Tried to load an invalid tile! Coordinate: (790.0,480.0), angle is 0.0 Width: 50.0 Height: 50.0
2023-05-03 12:22:41,444 WARN o.c.BuilderController [JavaFX Application Thread] Tried to load an invalid tile! Coordinate: (840.0,480.0), angle is 0.0 Width: 50.0 Height: 50.0
2023-05-03 12:22:41,444 WARN o.c.BuilderController [JavaFX Application Thread] Tried to load an invalid tile! Coordinate: (890.0,480.0), angle is 0.0 Width: 50.0 Height: 50.0
2023-05-03 12:22:41,444 WARN o.c.BuilderController [JavaFX Application Thread] Tried to load an invalid tile! Coordinate: (540.0,530.0), angle is 0.0 Width: 50.0 Height: 50.0
2023-05-03 12:22:41,444 WARN o.c.BuilderController [JavaFX Application Thread] Tried to load an invalid tile! Coordinate: (590.0,530.0), angle is 0.0 Width: 50.0 Height: 50.0
2023-05-03 12:22:41,445 WARN o.c.BuilderController [JavaFX Application Thread] Tried to load an invalid tile! Coordinate: (640.0,530.0), angle is 0.0 Width: 50.0 Height: 50.0
2023-05-03 12:22:41,445 WARN o.c.BuilderController [JavaFX Application Thread] Tried to load an invalid tile! Coordinate: (690.0,530.0), angle is 0.0 Width: 50.0 Height: 50.0
2023-05-03 12:22:41,445 WARN o.c.BuilderController [JavaFX Application Thread] Tried to load an invalid tile! Coordinate: (740.0,530.0), angle is 0.0 Width: 50.0 Height: 50.0
2023-05-03 12:22:41,445 WARN o.c.BuilderController [JavaFX Application Thread] Tried to load an invalid tile! Coordinate: (790.0,530.0), angle is 0.0 Width: 50.0 Height: 50.0
2023-05-03 12:22:41,445 WARN o.c.BuilderController [JavaFX Application Thread] Tried to load an invalid tile! Coordinate: (840.0,530.0), angle is 0.0 Width: 50.0 Height: 50.0
2023-05-03 12:22:41,445 WARN o.c.BuilderController [JavaFX Application Thread] Tried to load an invalid tile! Coordinate: (890.0,530.0), angle is 0.0 Width: 50.0 Height: 50.0
2023-05-03 12:22:56,073 INFO o.c.BuilderController [JavaFX Application Thread] created builder
2023-05-03 12:23:05,569 INFO o.v.b.BuilderView [JavaFX Application Thread] Got an image from: /Users/jayyoon/Desktop/smile.png
2023-05-03 12:24:23,705 INFO o.m.e.r.NumberOfPlayersRule [JavaFX Application Thread] Add Create Players Action to ActionQueue
2023-05-03 12:24:24,824 INFO o.m.e.a.c.CreatePlayersAction [JavaFX Application Thread] Create Game Players upon User Selection
2023-05-03 12:24:24,825 INFO o.m.e.a.c.CreatePlayersAction [JavaFX Application Thread] Emit Player Creation Event
2023-05-03 12:24:35,499 INFO o.m.e.r.NumberOfPlayersRule [JavaFX Application Thread] Add Create Players Action to ActionQueue
2023-05-03 12:24:36,947 INFO o.m.e.a.c.CreatePlayersAction [JavaFX Application Thread] Create Game Players upon User Selection
2023-05-03 12:24:36,948 INFO o.m.e.a.c.CreatePlayersAction [JavaFX Application Thread] Emit Player Creation Event
2023-05-03 12:24:43,029 INFO o.m.a.d.f.FirebaseAbstractDao [JavaFX Application Thread] Deleted Game with ID: 1NLuOlyrJjyAqN2hjKSK from User with ID: 0DOsHDgE0KIpGDutz2Dg list of games
2023-05-03 12:24:43,038 INFO o.m.a.d.f.FirebaseAbstractDao [JavaFX Application Thread] Deleted Game with ID: 1NLuOlyrJjyAqN2hjKSK from User with ID: 0Fw4Px5DH5e7PPs1Ppdk list of games
2023-05-03 12:24:43,039 INFO o.m.a.d.f.FirebaseAbstractDao [JavaFX Application Thread] Deleted Game with ID: 1NLuOlyrJjyAqN2hjKSK from User with ID: 0U1uQrblB4vWfiq55fru list of games
2023-05-03 12:24:43,040 INFO o.m.a.d.f.FirebaseAbstractDao [JavaFX Application Thread] Deleted Game with ID: 1NLuOlyrJjyAqN2hjKSK from User with ID: Hb5in7VUchnsOIkNcLBa list of games
2023-05-03 12:24:43,042 INFO o.m.a.d.f.FirebaseAbstractDao [JavaFX Application Thread] Deleted Game with ID: 1NLuOlyrJjyAqN2hjKSK from User with ID: VIPGyIGQNi9r8dZRKa7o list of games
2023-05-03 12:24:43,045 INFO o.m.a.d.f.FirebaseAbstractDao [JavaFX Application Thread] Deleted Game with ID: 1NLuOlyrJjyAqN2hjKSK from User with ID: bxHl7TW4Fr5XCxPxRBSx list of games
2023-05-03 12:24:43,046 INFO o.m.a.d.f.FirebaseAbstractDao [JavaFX Application Thread] Deleted Game with ID: 1NLuOlyrJjyAqN2hjKSK from User with ID: deflmQnIZyUGahkXfEVP list of games
2023-05-03 12:24:43,047 INFO o.m.a.d.f.FirebaseAbstractDao [JavaFX Application Thread] Deleted Game with ID: 1NLuOlyrJjyAqN2hjKSK from User with ID: kgXSe253Sy0nOzmuOEvE list of games
2023-05-03 12:24:43,049 INFO o.m.a.d.f.FirebaseAbstractDao [JavaFX Application Thread] Deleted Game with ID: 1NLuOlyrJjyAqN2hjKSK from User with ID: ydSTnbd2q2Ih9j7ZALD0 list of games
2023-05-03 12:24:53,713 INFO o.m.e.r.NumberOfPlayersRule [JavaFX Application Thread] Add Create Players Action to ActionQueue
2023-05-03 12:24:54,604 INFO o.m.e.a.c.CreatePlayersAction [JavaFX Application Thread] Create Game Players upon User Selection
2023-05-03 12:24:54,605 INFO o.m.e.a.c.CreatePlayersAction [JavaFX Application Thread] Emit Player Creation Event
2023-05-03 12:24:56,170 INFO o.m.e.a.w.CheckWinAndEndAction [JavaFX Application Thread] Checking if Current Game Player Status Satisfies Winning Condition
2023-05-03 12:24:56,653 INFO o.m.e.a.w.CheckWinAndEndAction [JavaFX Application Thread] Checking if Current Game Player Status Satisfies Winning Condition
2023-05-03 12:24:56,843 INFO o.m.e.a.w.CheckWinAndEndAction [JavaFX Application Thread] Checking if Current Game Player Status Satisfies Winning Condition
2023-05-03 12:24:57,043 INFO o.m.e.a.w.CheckWinAndEndAction [JavaFX Application Thread] Checking if Current Game Player Status Satisfies Winning Condition
2023-05-03 12:24:57,267 INFO o.m.e.a.w.CheckWinAndEndAction [JavaFX Application Thread] Checking if Current Game Player Status Satisfies Winning Condition
2023-05-03 12:24:57,503 INFO o.m.e.a.w.CheckWinAndEndAction [JavaFX Application Thread] Checking if Current Game Player Status Satisfies Winning Condition
2023-05-03 12:24:57,761 INFO o.m.e.a.w.CheckWinAndEndAction [JavaFX Application Thread] Checking if Current Game Player Status Satisfies Winning Condition
2023-05-03 12:24:57,972 INFO o.m.e.a.w.CheckWinAndEndAction [JavaFX Application Thread] Checking if Current Game Player Status Satisfies Winning Condition
2023-05-03 12:24:57,972 INFO o.m.e.a.w.CheckWinAndEndAction [JavaFX Application Thread] Satisfied Condition, Ending Game
2023-05-03 12:25:01,438 INFO o.m.e.r.NumberOfPlayersRule [JavaFX Application Thread] Add Create Players Action to ActionQueue
2023-05-03 12:25:02,398 INFO o.m.e.a.c.CreatePlayersAction [JavaFX Application Thread] Create Game Players upon User Selection
2023-05-03 12:25:02,399 INFO o.m.e.a.c.CreatePlayersAction [JavaFX Application Thread] Emit Player Creation Event
2023-05-03 12:25:03,123 INFO o.m.e.a.w.CheckWinAndEndAction [JavaFX Application Thread] Checking if Current Game Player Status Satisfies Winning Condition
2023-05-03 12:25:03,335 INFO o.m.e.a.w.CheckWinAndEndAction [JavaFX Application Thread] Checking if Current Game Player Status Satisfies Winning Condition
2023-05-03 12:25:03,568 INFO o.m.e.a.w.CheckWinAndEndAction [JavaFX Application Thread] Checking if Current Game Player Status Satisfies Winning Condition
2023-05-03 12:25:03,767 INFO o.m.e.a.w.CheckWinAndEndAction [JavaFX Application Thread] Checking if Current Game Player Status Satisfies Winning Condition
2023-05-03 12:25:03,966 INFO o.m.e.a.w.CheckWinAndEndAction [JavaFX Application Thread] Checking if Current Game Player Status Satisfies Winning Condition
2023-05-03 12:25:04,142 INFO o.m.e.a.w.CheckWinAndEndAction [JavaFX Application Thread] Checking if Current Game Player Status Satisfies Winning Condition
2023-05-03 12:25:04,547 INFO o.m.e.a.w.CheckWinAndEndAction [JavaFX Application Thread] Checking if Current Game Player Status Satisfies Winning Condition
2023-05-03 12:25:04,548 INFO o.m.e.a.w.CheckWinAndEndAction [JavaFX Application Thread] Satisfied Condition, Ending Game
2023-05-03 12:25:07,262 INFO o.m.e.r.NumberOfPlayersRule [JavaFX Application Thread] Add Create Players Action to ActionQueue
2023-05-03 12:25:08,418 INFO o.m.e.a.c.CreatePlayersAction [JavaFX Application Thread] Create Game Players upon User Selection
2023-05-03 12:25:08,418 INFO o.m.e.a.c.CreatePlayersAction [JavaFX Application Thread] Emit Player Creation Event
2023-05-03 12:25:09,110 INFO o.m.e.a.w.CheckWinAndEndAction [JavaFX Application Thread] Checking if Current Game Player Status Satisfies Winning Condition
2023-05-03 12:25:09,406 INFO o.m.e.a.w.CheckWinAndEndAction [JavaFX Application Thread] Checking if Current Game Player Status Satisfies Winning Condition
2023-05-03 12:25:09,729 INFO o.m.e.a.w.CheckWinAndEndAction [JavaFX Application Thread] Checking if Current Game Player Status Satisfies Winning Condition
2023-05-03 12:25:10,102 INFO o.m.e.a.w.CheckWinAndEndAction [JavaFX Application Thread] Checking if Current Game Player Status Satisfies Winning Condition
2023-05-03 12:25:10,325 INFO o.m.e.a.w.CheckWinAndEndAction [JavaFX Application Thread] Checking if Current Game Player Status Satisfies Winning Condition
2023-05-03 12:25:10,576 INFO o.m.e.a.w.CheckWinAndEndAction [JavaFX Application Thread] Checking if Current Game Player Status Satisfies Winning Condition
2023-05-03 12:25:10,760 INFO o.m.e.a.w.CheckWinAndEndAction [JavaFX Application Thread] Checking if Current Game Player Status Satisfies Winning Condition
2023-05-03 12:25:11,133 INFO o.m.e.a.w.CheckWinAndEndAction [JavaFX Application Thread] Checking if Current Game Player Status Satisfies Winning Condition
2023-05-03 12:25:11,376 INFO o.m.e.a.w.CheckWinAndEndAction [JavaFX Application Thread] Checking if Current Game Player Status Satisfies Winning Condition
2023-05-03 12:25:11,861 INFO o.m.e.a.w.CheckWinAndEndAction [JavaFX Application Thread] Checking if Current Game Player Status Satisfies Winning Condition
2023-05-03 12:25:12,243 INFO o.m.e.a.w.CheckWinAndEndAction [JavaFX Application Thread] Checking if Current Game Player Status Satisfies Winning Condition
2023-05-03 12:25:12,657 INFO o.m.e.a.w.CheckWinAndEndAction [JavaFX Application Thread] Checking if Current Game Player Status Satisfies Winning Condition
2023-05-03 12:25:13,068 INFO o.m.e.a.w.CheckWinAndEndAction [JavaFX Application Thread] Checking if Current Game Player Status Satisfies Winning Condition
2023-05-03 12:25:13,502 INFO o.m.e.a.w.CheckWinAndEndAction [JavaFX Application Thread] Checking if Current Game Player Status Satisfies Winning Condition
2023-05-03 12:25:13,895 INFO o.m.e.a.w.CheckWinAndEndAction [JavaFX Application Thread] Checking if Current Game Player Status Satisfies Winning Condition
2023-05-03 12:25:14,268 INFO o.m.e.a.w.CheckWinAndEndAction [JavaFX Application Thread] Checking if Current Game Player Status Satisfies Winning Condition
2023-05-03 12:25:14,444 INFO o.m.e.a.w.CheckWinAndEndAction [JavaFX Application Thread] Checking if Current Game Player Status Satisfies Winning Condition
2023-05-03 12:25:14,869 INFO o.m.e.a.w.CheckWinAndEndAction [JavaFX Application Thread] Checking if Current Game Player Status Satisfies Winning Condition
2023-05-03 12:25:15,229 INFO o.m.e.a.w.CheckWinAndEndAction [JavaFX Application Thread] Checking if Current Game Player Status Satisfies Winning Condition
2023-05-03 12:25:15,554 INFO o.m.e.a.w.CheckWinAndEndAction [JavaFX Application Thread] Checking if Current Game Player Status Satisfies Winning Condition
2023-05-03 12:25:15,861 INFO o.m.e.a.w.CheckWinAndEndAction [JavaFX Application Thread] Checking if Current Game Player Status Satisfies Winning Condition
2023-05-03 12:25:16,035 INFO o.m.e.a.w.CheckWinAndEndAction [JavaFX Application Thread] Checking if Current Game Player Status Satisfies Winning Condition
2023-05-03 12:25:58,701 WARN o.m.e.SimpleEngine [JavaFX Application Thread] game ran out of actions
2023-05-03 12:26:01,487 INFO o.m.e.r.NumberOfPlayersRule [JavaFX Application Thread] Add Create Players Action to ActionQueue
2023-05-03 12:26:02,456 INFO o.m.e.a.c.CreatePlayersAction [JavaFX Application Thread] Create Game Players upon User Selection
2023-05-03 12:26:02,456 INFO o.m.e.a.c.CreatePlayersAction [JavaFX Application Thread] Emit Player Creation Event
2023-05-03 12:26:04,455 INFO o.m.e.a.w.CheckWinAndEndAction [JavaFX Application Thread] Checking if Current Game Player Status Satisfies Winning Condition
2023-05-03 12:26:04,802 INFO o.m.e.a.w.CheckWinAndEndAction [JavaFX Application Thread] Checking if Current Game Player Status Satisfies Winning Condition
2023-05-03 12:26:04,935 INFO o.m.e.a.w.CheckWinAndEndAction [JavaFX Application Thread] Checking if Current Game Player Status Satisfies Winning Condition
2023-05-03 12:26:05,080 INFO o.m.e.a.w.CheckWinAndEndAction [JavaFX Application Thread] Checking if Current Game Player Status Satisfies Winning Condition
2023-05-03 12:26:05,211 INFO o.m.e.a.w.CheckWinAndEndAction [JavaFX Application Thread] Checking if Current Game Player Status Satisfies Winning Condition
2023-05-03 12:26:05,345 INFO o.m.e.a.w.CheckWinAndEndAction [JavaFX Application Thread] Checking if Current Game Player Status Satisfies Winning Condition
2023-05-03 12:26:05,479 INFO o.m.e.a.w.CheckWinAndEndAction [JavaFX Application Thread] Checking if Current Game Player Status Satisfies Winning Condition
2023-05-03 12:26:05,602 INFO o.m.e.a.w.CheckWinAndEndAction [JavaFX Application Thread] Checking if Current Game Player Status Satisfies Winning Condition
2023-05-03 12:26:05,740 INFO o.m.e.a.w.CheckWinAndEndAction [JavaFX Application Thread] Checking if Current Game Player Status Satisfies Winning Condition
2023-05-03 12:26:05,868 INFO o.m.e.a.w.CheckWinAndEndAction [JavaFX Application Thread] Checking if Current Game Player Status Satisfies Winning Condition
2023-05-03 12:26:06,018 INFO o.m.e.a.w.CheckWinAndEndAction [JavaFX Application Thread] Checking if Current Game Player Status Satisfies Winning Condition
2023-05-03 12:26:06,143 INFO o.m.e.a.w.CheckWinAndEndAction [JavaFX Application Thread] Checking if Current Game Player Status Satisfies Winning Condition
2023-05-03 12:26:06,143 INFO o.m.e.a.w.CheckWinAndEndAction [JavaFX Application Thread] Satisfied Condition, Ending Game
2023-05-03 12:28:56,711 INFO o.m.c.AbstractGameConstruct [JavaFX Application Thread] attribute Game Construct Attribute {value: ObjectProperty [value: Optional.empty]} invalid for metadata oogasalad.model.attribute.TileMetadata@a4bbe3a0
2023-05-03 12:28:56,731 INFO o.m.c.AbstractGameConstruct [JavaFX Application Thread] attribute Game Construct Attribute {value: ObjectProperty [value: Optional.empty]} invalid for metadata oogasalad.model.attribute.TileMetadata@a4bbe3a0
2023-05-03 12:28:56,749 INFO o.m.c.AbstractGameConstruct [JavaFX Application Thread] attribute Game Construct Attribute {value: ObjectProperty [value: Optional.empty]} invalid for metadata oogasalad.model.attribute.TileMetadata@a4bbe3a0
2023-05-03 12:28:56,763 INFO o.m.c.AbstractGameConstruct [JavaFX Application Thread] attribute Game Construct Attribute {value: ObjectProperty [value: Optional.empty]} invalid for metadata oogasalad.model.attribute.TileMetadata@a4bbe3a0
2023-05-03 12:28:56,851 INFO o.m.e.r.NumberOfPlayersRule [JavaFX Application Thread] Add Create Players Action to ActionQueue
2023-05-03 12:28:58,066 INFO o.m.e.a.c.CreatePlayersAction [JavaFX Application Thread] Create Game Players upon User Selection
2023-05-03 12:28:58,077 INFO o.m.e.a.c.CreatePlayersAction [JavaFX Application Thread] Emit Player Creation Event
2023-05-03 12:28:58,081 INFO o.m.e.a.w.CheckWinAndEndAction [JavaFX Application Thread] Checking if Current Game Player Status Satisfies Winning Condition
2023-05-03 12:28:58,918 INFO o.m.e.r.BuyTileRule [JavaFX Application Thread] Prompted User to Buy Property with Remaining Money 1750.0
2023-05-03 12:29:00,178 INFO o.m.e.a.w.CheckWinAndEndAction [JavaFX Application Thread] Checking if Current Game Player Status Satisfies Winning Condition
2023-05-03 12:29:01,085 INFO o.m.e.a.w.CheckWinAndEndAction [JavaFX Application Thread] Checking if Current Game Player Status Satisfies Winning Condition
2023-05-03 12:29:02,531 INFO o.m.e.a.s.AlterPlayerScoreAction [JavaFX Application Thread] Updating player score for player: 1e04f482-cb53-4fff-9ae8-abe2a00bb19e
2023-05-03 12:29:03,581 INFO o.m.e.a.s.AlterPlayerScoreAction [JavaFX Application Thread] Player score updated to: 1750.0
2023-05-03 12:29:03,582 INFO o.m.e.a.s.AlterPlayerScoreAction [JavaFX Application Thread] Updating player score for player: 2358c161-2ef5-44cb-9986-fe4c3283fcc1
2023-05-03 12:29:04,039 INFO o.m.e.a.s.AlterPlayerScoreAction [JavaFX Application Thread] Player score updated to: 2000.0
2023-05-03 12:29:04,043 INFO o.m.e.a.w.CheckWinAndEndAction [JavaFX Application Thread] Checking if Current Game Player Status Satisfies Winning Condition
2023-05-03 12:33:54,005 INFO o.m.e.r.NumberOfPlayersRule [JavaFX Application Thread] Add Create Players Action to ActionQueue
2023-05-03 12:33:55,219 INFO o.m.e.a.c.CreatePlayersAction [JavaFX Application Thread] Create Game Players upon User Selection
2023-05-03 12:33:55,228 INFO o.m.e.a.c.CreatePlayersAction [JavaFX Application Thread] Emit Player Creation Event
2023-05-03 12:33:56,446 INFO o.m.e.a.w.CheckWinAndEndAction [JavaFX Application Thread] Checking if Current Game Player Status Satisfies Winning Condition
2023-05-03 12:33:56,866 INFO o.m.e.a.w.CheckWinAndEndAction [JavaFX Application Thread] Checking if Current Game Player Status Satisfies Winning Condition
2023-05-03 12:33:57,260 INFO o.m.e.a.w.CheckWinAndEndAction [JavaFX Application Thread] Checking if Current Game Player Status Satisfies Winning Condition
2023-05-03 12:33:57,567 INFO o.m.e.a.w.CheckWinAndEndAction [JavaFX Application Thread] Checking if Current Game Player Status Satisfies Winning Condition
2023-05-03 12:33:57,888 INFO o.m.e.a.w.CheckWinAndEndAction [JavaFX Application Thread] Checking if Current Game Player Status Satisfies Winning Condition
2023-05-03 12:33:58,071 INFO o.m.e.a.w.CheckWinAndEndAction [JavaFX Application Thread] Checking if Current Game Player Status Satisfies Winning Condition
2023-05-03 12:33:58,231 INFO o.m.e.a.w.CheckWinAndEndAction [JavaFX Application Thread] Checking if Current Game Player Status Satisfies Winning Condition
2023-05-03 12:33:58,520 INFO o.m.e.a.w.CheckWinAndEndAction [JavaFX Application Thread] Checking if Current Game Player Status Satisfies Winning Condition
2023-05-03 12:33:58,696 INFO o.m.e.a.w.CheckWinAndEndAction [JavaFX Application Thread] Checking if Current Game Player Status Satisfies Winning Condition
2023-05-03 12:33:58,864 INFO o.m.e.a.w.CheckWinAndEndAction [JavaFX Application Thread] Checking if Current Game Player Status Satisfies Winning Condition
2023-05-03 12:33:59,098 INFO o.m.e.a.w.CheckWinAndEndAction [JavaFX Application Thread] Checking if Current Game Player Status Satisfies Winning Condition
2023-05-03 12:33:59,243 INFO o.m.e.a.w.CheckWinAndEndAction [JavaFX Application Thread] Checking if Current Game Player Status Satisfies Winning Condition
2023-05-03 12:33:59,334 INFO o.m.e.a.w.CheckWinAndEndAction [JavaFX Application Thread] Checking if Current Game Player Status Satisfies Winning Condition
2023-05-03 12:33:59,461 INFO o.m.e.a.w.CheckWinAndEndAction [JavaFX Application Thread] Checking if Current Game Player Status Satisfies Winning Condition
2023-05-03 12:33:59,461 INFO o.m.e.a.w.CheckWinAndEndAction [JavaFX Application Thread] Satisfied Condition, Ending Game
2023-05-03 12:34:13,438 INFO o.m.e.r.NumberOfPlayersRule [JavaFX Application Thread] Add Create Players Action to ActionQueue
2023-05-03 12:34:14,599 INFO o.m.e.a.c.CreatePlayersAction [JavaFX Application Thread] Create Game Players upon User Selection
2023-05-03 12:34:14,600 INFO o.m.e.a.c.CreatePlayersAction [JavaFX Application Thread] Emit Player Creation Event
2023-05-03 12:34:15,570 INFO o.m.e.a.w.CheckWinAndEndAction [JavaFX Application Thread] Checking if Current Game Player Status Satisfies Winning Condition
2023-05-03 12:34:16,413 INFO o.m.e.a.w.CheckWinAndEndAction [JavaFX Application Thread] Checking if Current Game Player Status Satisfies Winning Condition
2023-05-03 12:34:16,910 INFO o.m.e.a.w.CheckWinAndEndAction [JavaFX Application Thread] Checking if Current Game Player Status Satisfies Winning Condition
2023-05-03 12:34:17,323 INFO o.m.e.a.w.CheckWinAndEndAction [JavaFX Application Thread] Checking if Current Game Player Status Satisfies Winning Condition
2023-05-03 12:34:17,663 INFO o.m.e.a.w.CheckWinAndEndAction [JavaFX Application Thread] Checking if Current Game Player Status Satisfies Winning Condition
2023-05-03 12:34:17,926 INFO o.m.e.a.w.CheckWinAndEndAction [JavaFX Application Thread] Checking if Current Game Player Status Satisfies Winning Condition
2023-05-03 12:34:18,118 INFO o.m.e.a.w.CheckWinAndEndAction [JavaFX Application Thread] Checking if Current Game Player Status Satisfies Winning Condition
2023-05-03 12:34:18,323 INFO o.m.e.a.w.CheckWinAndEndAction [JavaFX Application Thread] Checking if Current Game Player Status Satisfies Winning Condition
2023-05-03 12:34:18,535 INFO o.m.e.a.w.CheckWinAndEndAction [JavaFX Application Thread] Checking if Current Game Player Status Satisfies Winning Condition
2023-05-03 12:34:18,894 INFO o.m.e.a.w.CheckWinAndEndAction [JavaFX Application Thread] Checking if Current Game Player Status Satisfies Winning Condition
2023-05-03 12:34:19,086 INFO o.m.e.a.w.CheckWinAndEndAction [JavaFX Application Thread] Checking if Current Game Player Status Satisfies Winning Condition
2023-05-03 12:34:19,287 INFO o.m.e.a.w.CheckWinAndEndAction [JavaFX Application Thread] Checking if Current Game Player Status Satisfies Winning Condition
2023-05-03 12:34:19,479 INFO o.m.e.a.w.CheckWinAndEndAction [JavaFX Application Thread] Checking if Current Game Player Status Satisfies Winning Condition
2023-05-03 12:34:19,653 INFO o.m.e.a.w.CheckWinAndEndAction [JavaFX Application Thread] Checking if Current Game Player Status Satisfies Winning Condition
2023-05-03 12:34:20,009 INFO o.m.e.a.w.CheckWinAndEndAction [JavaFX Application Thread] Checking if Current Game Player Status Satisfies Winning Condition
2023-05-03 12:34:20,297 INFO o.m.e.a.w.CheckWinAndEndAction [JavaFX Application Thread] Checking if Current Game Player Status Satisfies Winning Condition
2023-05-03 12:34:20,478 INFO o.m.e.a.w.CheckWinAndEndAction [JavaFX Application Thread] Checking if Current Game Player Status Satisfies Winning Condition
2023-05-03 12:34:20,687 INFO o.m.e.a.w.CheckWinAndEndAction [JavaFX Application Thread] Checking if Current Game Player Status Satisfies Winning Condition
2023-05-03 12:34:20,884 INFO o.m.e.a.w.CheckWinAndEndAction [JavaFX Application Thread] Checking if Current Game Player Status Satisfies Winning Condition
2023-05-03 12:34:21,078 INFO o.m.e.a.w.CheckWinAndEndAction [JavaFX Application Thread] Checking if Current Game Player Status Satisfies Winning Condition
2023-05-03 12:34:21,079 INFO o.m.e.a.w.CheckWinAndEndAction [JavaFX Application Thread] Satisfied Condition, Ending Game
2023-05-03 12:35:18,952 INFO o.m.a.d.f.FirebaseAbstractDao [JavaFX Application Thread] Deleted Game with ID: JgtLBa1QHlj7ceyFeptT from User with ID: 0DOsHDgE0KIpGDutz2Dg list of games
2023-05-03 12:35:18,957 INFO o.m.a.d.f.FirebaseAbstractDao [JavaFX Application Thread] Deleted Game with ID: JgtLBa1QHlj7ceyFeptT from User with ID: 0Fw4Px5DH5e7PPs1Ppdk list of games
2023-05-03 12:35:18,961 INFO o.m.a.d.f.FirebaseAbstractDao [JavaFX Application Thread] Deleted Game with ID: JgtLBa1QHlj7ceyFeptT from User with ID: 0U1uQrblB4vWfiq55fru list of games
2023-05-03 12:35:18,962 INFO o.m.a.d.f.FirebaseAbstractDao [JavaFX Application Thread] Deleted Game with ID: JgtLBa1QHlj7ceyFeptT from User with ID: Hb5in7VUchnsOIkNcLBa list of games
2023-05-03 12:35:18,963 INFO o.m.a.d.f.FirebaseAbstractDao [JavaFX Application Thread] Deleted Game with ID: JgtLBa1QHlj7ceyFeptT from User with ID: VIPGyIGQNi9r8dZRKa7o list of games
2023-05-03 12:35:18,964 INFO o.m.a.d.f.FirebaseAbstractDao [JavaFX Application Thread] Deleted Game with ID: JgtLBa1QHlj7ceyFeptT from User with ID: bxHl7TW4Fr5XCxPxRBSx list of games
2023-05-03 12:35:18,966 INFO o.m.a.d.f.FirebaseAbstractDao [JavaFX Application Thread] Deleted Game with ID: JgtLBa1QHlj7ceyFeptT from User with ID: deflmQnIZyUGahkXfEVP list of games
2023-05-03 12:35:18,967 INFO o.m.a.d.f.FirebaseAbstractDao [JavaFX Application Thread] Deleted Game with ID: JgtLBa1QHlj7ceyFeptT from User with ID: kgXSe253Sy0nOzmuOEvE list of games
2023-05-03 12:35:18,969 INFO o.m.a.d.f.FirebaseAbstractDao [JavaFX Application Thread] Deleted Game with ID: JgtLBa1QHlj7ceyFeptT from User with ID: tyGihQZGZVVQsbCGaeYK list of games
2023-05-03 12:35:18,970 INFO o.m.a.d.f.FirebaseAbstractDao [JavaFX Application Thread] Deleted Game with ID: JgtLBa1QHlj7ceyFeptT from User with ID: ydSTnbd2q2Ih9j7ZALD0 list of games
2023-05-03 12:35:46,440 INFO o.m.a.d.f.FirebaseAbstractDao [JavaFX Application Thread] Deleted Game with ID: HqHgw9uYWSDNEXXB8r0Y from User with ID: 0DOsHDgE0KIpGDutz2Dg list of games
2023-05-03 12:35:46,443 INFO o.m.a.d.f.FirebaseAbstractDao [JavaFX Application Thread] Deleted Game with ID: HqHgw9uYWSDNEXXB8r0Y from User with ID: 0Fw4Px5DH5e7PPs1Ppdk list of games
2023-05-03 12:35:46,445 INFO o.m.a.d.f.FirebaseAbstractDao [JavaFX Application Thread] Deleted Game with ID: HqHgw9uYWSDNEXXB8r0Y from User with ID: 0U1uQrblB4vWfiq55fru list of games
2023-05-03 12:35:46,446 INFO o.m.a.d.f.FirebaseAbstractDao [JavaFX Application Thread] Deleted Game with ID: HqHgw9uYWSDNEXXB8r0Y from User with ID: Hb5in7VUchnsOIkNcLBa list of games
2023-05-03 12:35:46,446 INFO o.m.a.d.f.FirebaseAbstractDao [JavaFX Application Thread] Deleted Game with ID: HqHgw9uYWSDNEXXB8r0Y from User with ID: VIPGyIGQNi9r8dZRKa7o list of games
2023-05-03 12:35:46,447 INFO o.m.a.d.f.FirebaseAbstractDao [JavaFX Application Thread] Deleted Game with ID: HqHgw9uYWSDNEXXB8r0Y from User with ID: bxHl7TW4Fr5XCxPxRBSx list of games
2023-05-03 12:35:46,448 INFO o.m.a.d.f.FirebaseAbstractDao [JavaFX Application Thread] Deleted Game with ID: HqHgw9uYWSDNEXXB8r0Y from User with ID: deflmQnIZyUGahkXfEVP list of games
2023-05-03 12:35:46,450 INFO o.m.a.d.f.FirebaseAbstractDao [JavaFX Application Thread] Deleted Game with ID: HqHgw9uYWSDNEXXB8r0Y from User with ID: kgXSe253Sy0nOzmuOEvE list of games
2023-05-03 12:35:46,452 INFO o.m.a.d.f.FirebaseAbstractDao [JavaFX Application Thread] Deleted Game with ID: HqHgw9uYWSDNEXXB8r0Y from User with ID: tyGihQZGZVVQsbCGaeYK list of games
2023-05-03 12:35:46,454 INFO o.m.a.d.f.FirebaseAbstractDao [JavaFX Application Thread] Deleted Game with ID: HqHgw9uYWSDNEXXB8r0Y from User with ID: ydSTnbd2q2Ih9j7ZALD0 list of games
2023-05-03 12:36:18,338 INFO o.m.e.r.NumberOfPlayersRule [JavaFX Application Thread] Add Create Players Action to ActionQueue
2023-05-03 12:36:19,160 INFO o.m.e.a.c.CreatePlayersAction [JavaFX Application Thread] Create Game Players upon User Selection
2023-05-03 12:36:19,162 INFO o.m.e.a.c.CreatePlayersAction [JavaFX Application Thread] Emit Player Creation Event
2023-05-03 12:36:20,688 INFO o.m.e.a.w.CheckWinAndEndAction [JavaFX Application Thread] Checking if Current Game Player Status Satisfies Winning Condition
2023-05-03 12:36:20,841 INFO o.m.e.a.w.CheckWinAndEndAction [JavaFX Application Thread] Checking if Current Game Player Status Satisfies Winning Condition
2023-05-03 12:36:21,027 INFO o.m.e.a.w.CheckWinAndEndAction [JavaFX Application Thread] Checking if Current Game Player Status Satisfies Winning Condition
2023-05-03 12:36:21,176 INFO o.m.e.a.w.CheckWinAndEndAction [JavaFX Application Thread] Checking if Current Game Player Status Satisfies Winning Condition
2023-05-03 12:36:21,319 INFO o.m.e.a.w.CheckWinAndEndAction [JavaFX Application Thread] Checking if Current Game Player Status Satisfies Winning Condition
2023-05-03 12:36:21,627 INFO o.m.e.a.w.CheckWinAndEndAction [JavaFX Application Thread] Checking if Current Game Player Status Satisfies Winning Condition
2023-05-03 12:36:21,788 INFO o.m.e.a.w.CheckWinAndEndAction [JavaFX Application Thread] Checking if Current Game Player Status Satisfies Winning Condition
2023-05-03 12:36:22,095 INFO o.m.e.a.w.CheckWinAndEndAction [JavaFX Application Thread] Checking if Current Game Player Status Satisfies Winning Condition
2023-05-03 12:36:22,269 INFO o.m.e.a.w.CheckWinAndEndAction [JavaFX Application Thread] Checking if Current Game Player Status Satisfies Winning Condition
2023-05-03 12:36:22,418 INFO o.m.e.a.w.CheckWinAndEndAction [JavaFX Application Thread] Checking if Current Game Player Status Satisfies Winning Condition
2023-05-03 12:36:22,558 INFO o.m.e.a.w.CheckWinAndEndAction [JavaFX Application Thread] Checking if Current Game Player Status Satisfies Winning Condition
2023-05-03 12:36:22,703 INFO o.m.e.a.w.CheckWinAndEndAction [JavaFX Application Thread] Checking if Current Game Player Status Satisfies Winning Condition
2023-05-03 12:36:23,052 INFO o.m.e.a.w.CheckWinAndEndAction [JavaFX Application Thread] Checking if Current Game Player Status Satisfies Winning Condition
2023-05-03 12:36:23,212 INFO o.m.e.a.w.CheckWinAndEndAction [JavaFX Application Thread] Checking if Current Game Player Status Satisfies Winning Condition
2023-05-03 12:36:23,349 INFO o.m.e.a.w.CheckWinAndEndAction [JavaFX Application Thread] Checking if Current Game Player Status Satisfies Winning Condition
2023-05-03 12:36:23,511 INFO o.m.e.a.w.CheckWinAndEndAction [JavaFX Application Thread] Checking if Current Game Player Status Satisfies Winning Condition
2023-05-03 12:36:23,650 INFO o.m.e.a.w.CheckWinAndEndAction [JavaFX Application Thread] Checking if Current Game Player Status Satisfies Winning Condition
2023-05-03 12:36:23,795 INFO o.m.e.a.w.CheckWinAndEndAction [JavaFX Application Thread] Checking if Current Game Player Status Satisfies Winning Condition
2023-05-03 12:36:23,946 INFO o.m.e.a.w.CheckWinAndEndAction [JavaFX Application Thread] Checking if Current Game Player Status Satisfies Winning Condition
2023-05-03 12:36:24,097 INFO o.m.e.a.w.CheckWinAndEndAction [JavaFX Application Thread] Checking if Current Game Player Status Satisfies Winning Condition
2023-05-03 12:36:24,264 INFO o.m.e.a.w.CheckWinAndEndAction [JavaFX Application Thread] Checking if Current Game Player Status Satisfies Winning Condition
2023-05-03 12:36:24,410 INFO o.m.e.a.w.CheckWinAndEndAction [JavaFX Application Thread] Checking if Current Game Player Status Satisfies Winning Condition
2023-05-03 12:36:24,560 INFO o.m.e.a.w.CheckWinAndEndAction [JavaFX Application Thread] Checking if Current Game Player Status Satisfies Winning Condition
2023-05-03 12:36:24,708 INFO o.m.e.a.w.CheckWinAndEndAction [JavaFX Application Thread] Checking if Current Game Player Status Satisfies Winning Condition
2023-05-03 12:36:24,887 INFO o.m.e.a.w.CheckWinAndEndAction [JavaFX Application Thread] Checking if Current Game Player Status Satisfies Winning Condition
2023-05-03 12:36:24,887 INFO o.m.e.a.w.CheckWinAndEndAction [JavaFX Application Thread] Satisfied Condition, Ending Game
