2023-04-12 00:55:00,569 TRACE o.m.e.SimpleActionQueue [JavaFX Application Thread] action EventAction[event=Event[type=START_GAME, attributeMap={}]] added to queue with priority 0
2023-04-12 00:55:00,603 TRACE o.m.e.SimpleActionQueue [JavaFX Application Thread] polled EventAction[event=Event[type=START_GAME, attributeMap={}]]
2023-04-12 00:55:00,603 TRACE o.m.e.SimpleEngine [JavaFX Application Thread] running action EventAction[event=Event[type=START_GAME, attributeMap={}]]
2023-04-12 00:55:00,604 TRACE o.m.e.SimpleEngine [JavaFX Application Thread] triggering event Event[type=START_GAME, attributeMap={}]
2023-04-12 00:55:00,604 TRACE o.m.e.SimpleActionQueue [JavaFX Application Thread] action EventAction[event=Event[type=START_TURN, attributeMap={}]] added to queue with priority 10
2023-04-12 00:55:00,604 TRACE o.m.e.SimpleActionQueue [JavaFX Application Thread] polled EventAction[event=Event[type=START_TURN, attributeMap={}]]
2023-04-12 00:55:00,604 TRACE o.m.e.SimpleEngine [JavaFX Application Thread] running action EventAction[event=Event[type=START_TURN, attributeMap={}]]
2023-04-12 00:55:00,605 TRACE o.m.e.SimpleEngine [JavaFX Application Thread] triggering event Event[type=START_TURN, attributeMap={}]
2023-04-12 00:55:00,605 TRACE o.m.e.SimpleActionQueue [JavaFX Application Thread] action EventAction[event=Event[type=START_TURN, attributeMap={}]] added to queue with priority 10
2023-04-12 00:55:00,605 TRACE o.m.e.SimpleActionQueue [JavaFX Application Thread] action oogasalad.model.engine.actions.RollDieAndMoveAction@5e49141b added to queue with priority 1
2023-04-12 00:55:00,612 TRACE o.m.e.SimpleActionQueue [JavaFX Application Thread] polled oogasalad.model.engine.actions.RollDieAndMoveAction@5e49141b
2023-04-12 00:55:00,612 TRACE o.m.e.SimpleEngine [JavaFX Application Thread] running action oogasalad.model.engine.actions.RollDieAndMoveAction@5e49141b
2023-04-12 00:55:01,887 TRACE o.m.e.SimpleEngine [JavaFX Application Thread] triggering event Event[type=DIE_ROLLED, attributeMap={value=IntAttribute{value=IntegerProperty [value: 2]}}]
2023-04-12 00:55:01,892 TRACE o.m.e.SimpleEngine [JavaFX Application Thread] triggering event Event[type=LANDED, attributeMap={tile=TileAttribute{value=IntegerProperty [value: 3]}}]
2023-04-12 00:55:01,894 TRACE o.m.e.SimpleActionQueue [JavaFX Application Thread] action oogasalad.model.engine.actions.BuyAction@12f9e146 added to queue with priority 1
2023-04-12 00:55:01,894 TRACE o.m.e.SimpleActionQueue [JavaFX Application Thread] polled oogasalad.model.engine.actions.BuyAction@12f9e146
2023-04-12 00:55:01,894 TRACE o.m.e.SimpleEngine [JavaFX Application Thread] running action oogasalad.model.engine.actions.BuyAction@12f9e146
2023-04-12 00:55:03,323 TRACE o.m.e.SimpleActionQueue [JavaFX Application Thread] polled EventAction[event=Event[type=START_TURN, attributeMap={}]]
2023-04-12 00:55:03,323 TRACE o.m.e.SimpleEngine [JavaFX Application Thread] running action EventAction[event=Event[type=START_TURN, attributeMap={}]]
2023-04-12 00:55:03,323 TRACE o.m.e.SimpleEngine [JavaFX Application Thread] triggering event Event[type=START_TURN, attributeMap={}]
2023-04-12 00:55:03,323 TRACE o.m.e.SimpleActionQueue [JavaFX Application Thread] action EventAction[event=Event[type=START_TURN, attributeMap={}]] added to queue with priority 10
2023-04-12 00:55:03,324 TRACE o.m.e.SimpleActionQueue [JavaFX Application Thread] action oogasalad.model.engine.actions.RollDieAndMoveAction@4930fc46 added to queue with priority 1
2023-04-12 00:55:03,324 TRACE o.m.e.SimpleActionQueue [JavaFX Application Thread] polled oogasalad.model.engine.actions.RollDieAndMoveAction@4930fc46
2023-04-12 00:55:03,324 TRACE o.m.e.SimpleEngine [JavaFX Application Thread] running action oogasalad.model.engine.actions.RollDieAndMoveAction@4930fc46
