2023-04-29 18:01:05,727 WARN o.m.c.AbstractGameConstruct [JavaFX Application Thread] schema does not exist [numberOfPiecesPerPlayerRule]
2023-04-29 18:01:05,733 WARN o.m.c.AbstractGameConstruct [JavaFX Application Thread] schema does not exist [numberOfPiecesPerPlayerRule]
2023-04-29 18:01:08,603 WARN o.m.c.AbstractGameConstruct [JavaFX Application Thread] schema does not exist [numberOfPiecesPerPlayerRule]
2023-04-29 18:01:08,604 WARN o.m.c.AbstractGameConstruct [JavaFX Application Thread] schema does not exist [numberOfPiecesPerPlayerRule]
2023-04-29 18:01:08,936 INFO o.c.BuilderController [JavaFX Application Thread] created builder
2023-04-29 18:04:06,720 WARN o.m.c.AbstractGameConstruct [JavaFX Application Thread] schema does not exist [numberOfPiecesPerPlayerRule]
2023-04-29 18:04:06,724 WARN o.m.c.AbstractGameConstruct [JavaFX Application Thread] schema does not exist [numberOfPiecesPerPlayerRule]
2023-04-29 18:04:13,359 WARN o.m.c.AbstractGameConstruct [JavaFX Application Thread] schema does not exist [numberOfPiecesPerPlayerRule]
2023-04-29 18:04:13,359 WARN o.m.c.AbstractGameConstruct [JavaFX Application Thread] schema does not exist [numberOfPiecesPerPlayerRule]
2023-04-29 18:04:13,723 INFO o.c.BuilderController [JavaFX Application Thread] created builder
2023-04-29 18:05:38,521 WARN o.m.c.AbstractGameConstruct [JavaFX Application Thread] schema does not exist [numberOfPiecesPerPlayerRule]
2023-04-29 18:05:38,524 WARN o.m.c.AbstractGameConstruct [JavaFX Application Thread] schema does not exist [numberOfPiecesPerPlayerRule]
2023-04-29 18:07:07,523 WARN o.m.c.AbstractGameConstruct [JavaFX Application Thread] schema does not exist [numberOfPiecesPerPlayerRule]
2023-04-29 18:07:07,526 WARN o.m.c.AbstractGameConstruct [JavaFX Application Thread] schema does not exist [numberOfPiecesPerPlayerRule]
2023-04-29 18:07:10,619 WARN o.m.c.AbstractGameConstruct [JavaFX Application Thread] schema does not exist [numberOfPiecesPerPlayerRule]
2023-04-29 18:07:10,620 WARN o.m.c.AbstractGameConstruct [JavaFX Application Thread] schema does not exist [numberOfPiecesPerPlayerRule]
2023-04-29 18:07:10,995 INFO o.c.BuilderController [JavaFX Application Thread] created builder
2023-04-29 18:07:43,192 WARN o.m.c.AbstractGameConstruct [JavaFX Application Thread] schema does not exist [numberOfPiecesPerPlayerRule]
2023-04-29 18:07:43,197 WARN o.m.c.AbstractGameConstruct [JavaFX Application Thread] schema does not exist [numberOfPiecesPerPlayerRule]
2023-04-29 18:09:13,019 WARN o.m.c.AbstractGameConstruct [JavaFX Application Thread] schema does not exist [numberOfPiecesPerPlayerRule]
2023-04-29 18:09:13,021 WARN o.m.c.AbstractGameConstruct [JavaFX Application Thread] schema does not exist [numberOfPiecesPerPlayerRule]
2023-04-29 18:09:15,864 WARN o.m.c.AbstractGameConstruct [JavaFX Application Thread] schema does not exist [numberOfPiecesPerPlayerRule]
2023-04-29 18:09:15,864 WARN o.m.c.AbstractGameConstruct [JavaFX Application Thread] schema does not exist [numberOfPiecesPerPlayerRule]
2023-04-29 18:09:16,190 INFO o.c.BuilderController [JavaFX Application Thread] created builder
2023-04-29 18:10:23,380 WARN o.m.c.AbstractGameConstruct [JavaFX Application Thread] schema does not exist [numberOfPiecesPerPlayerRule]
2023-04-29 18:10:23,383 WARN o.m.c.AbstractGameConstruct [JavaFX Application Thread] schema does not exist [numberOfPiecesPerPlayerRule]
2023-04-29 18:10:33,893 WARN o.m.c.AbstractGameConstruct [JavaFX Application Thread] schema does not exist [numberOfPiecesPerPlayerRule]
2023-04-29 18:10:33,894 WARN o.m.c.AbstractGameConstruct [JavaFX Application Thread] schema does not exist [numberOfPiecesPerPlayerRule]
2023-04-29 18:10:34,331 INFO o.c.BuilderController [JavaFX Application Thread] created builder
2023-04-29 18:10:41,810 INFO o.c.BuilderController [JavaFX Application Thread] Chose to edit rule null for tiletype Wow
2023-04-29 18:10:47,035 INFO o.c.BuilderController [JavaFX Application Thread] Trying to remove rule null from tiletype Wow
2023-04-29 18:10:55,784 INFO o.v.b.BuilderView [JavaFX Application Thread] User clicked on board at scene coordinates {362.000000, 172.000000} and board coordinates {233.000000, 84.000000}
2023-04-29 18:12:44,830 WARN o.m.c.AbstractGameConstruct [JavaFX Application Thread] schema does not exist [numberOfPiecesPerPlayerRule]
2023-04-29 18:12:44,832 WARN o.m.c.AbstractGameConstruct [JavaFX Application Thread] schema does not exist [numberOfPiecesPerPlayerRule]
2023-04-29 18:12:48,265 WARN o.m.c.AbstractGameConstruct [JavaFX Application Thread] schema does not exist [numberOfPiecesPerPlayerRule]
2023-04-29 18:12:48,265 WARN o.m.c.AbstractGameConstruct [JavaFX Application Thread] schema does not exist [numberOfPiecesPerPlayerRule]
2023-04-29 18:12:48,588 INFO o.c.BuilderController [JavaFX Application Thread] created builder
2023-04-29 18:13:24,268 WARN o.m.c.AbstractGameConstruct [JavaFX Application Thread] schema does not exist [numberOfPiecesPerPlayerRule]
2023-04-29 18:13:24,271 WARN o.m.c.AbstractGameConstruct [JavaFX Application Thread] schema does not exist [numberOfPiecesPerPlayerRule]
2023-04-29 18:14:10,015 WARN o.m.c.AbstractGameConstruct [JavaFX Application Thread] schema does not exist [numberOfPiecesPerPlayerRule]
2023-04-29 18:14:10,019 WARN o.m.c.AbstractGameConstruct [JavaFX Application Thread] schema does not exist [numberOfPiecesPerPlayerRule]
2023-04-29 18:19:06,203 WARN o.m.c.AbstractGameConstruct [JavaFX Application Thread] schema does not exist [numberOfPiecesPerPlayerRule]
2023-04-29 18:19:06,207 WARN o.m.c.AbstractGameConstruct [JavaFX Application Thread] schema does not exist [numberOfPiecesPerPlayerRule]
2023-04-29 18:19:19,121 WARN o.m.c.AbstractGameConstruct [JavaFX Application Thread] schema does not exist [numberOfPiecesPerPlayerRule]
2023-04-29 18:19:19,125 WARN o.m.c.AbstractGameConstruct [JavaFX Application Thread] schema does not exist [numberOfPiecesPerPlayerRule]
2023-04-29 18:19:30,441 WARN o.m.c.AbstractGameConstruct [JavaFX Application Thread] schema does not exist [numberOfPiecesPerPlayerRule]
2023-04-29 18:19:30,444 WARN o.m.c.AbstractGameConstruct [JavaFX Application Thread] schema does not exist [numberOfPiecesPerPlayerRule]
2023-04-29 18:23:31,466 WARN o.m.c.AbstractGameConstruct [JavaFX Application Thread] schema does not exist [numberOfPiecesPerPlayerRule]
2023-04-29 18:23:31,469 WARN o.m.c.AbstractGameConstruct [JavaFX Application Thread] schema does not exist [numberOfPiecesPerPlayerRule]
2023-04-29 18:25:17,794 WARN o.m.c.AbstractGameConstruct [JavaFX Application Thread] schema does not exist [numberOfPiecesPerPlayerRule]
2023-04-29 18:25:17,796 WARN o.m.c.AbstractGameConstruct [JavaFX Application Thread] schema does not exist [numberOfPiecesPerPlayerRule]
2023-04-29 18:26:00,504 ERROR o.m.a.SimpleSchemaDatabase [JavaFX Application Thread] Conflict with resource schema customTile1
2023-04-29 18:28:20,324 WARN o.m.c.AbstractGameConstruct [JavaFX Application Thread] schema does not exist [numberOfPiecesPerPlayerRule]
2023-04-29 18:28:20,326 WARN o.m.c.AbstractGameConstruct [JavaFX Application Thread] schema does not exist [numberOfPiecesPerPlayerRule]
2023-04-29 18:28:23,162 WARN o.m.c.AbstractGameConstruct [JavaFX Application Thread] schema does not exist [numberOfPiecesPerPlayerRule]
2023-04-29 18:28:23,162 WARN o.m.c.AbstractGameConstruct [JavaFX Application Thread] schema does not exist [numberOfPiecesPerPlayerRule]
2023-04-29 18:28:23,534 INFO o.c.BuilderController [JavaFX Application Thread] created builder
2023-04-29 18:29:19,639 WARN o.m.c.AbstractGameConstruct [JavaFX Application Thread] schema does not exist [numberOfPiecesPerPlayerRule]
2023-04-29 18:29:19,642 WARN o.m.c.AbstractGameConstruct [JavaFX Application Thread] schema does not exist [numberOfPiecesPerPlayerRule]
2023-04-29 18:29:21,963 WARN o.m.c.AbstractGameConstruct [JavaFX Application Thread] schema does not exist [numberOfPiecesPerPlayerRule]
2023-04-29 18:29:21,963 WARN o.m.c.AbstractGameConstruct [JavaFX Application Thread] schema does not exist [numberOfPiecesPerPlayerRule]
2023-04-29 18:29:22,324 INFO o.c.BuilderController [JavaFX Application Thread] created builder
2023-04-29 18:29:54,834 WARN o.m.c.AbstractGameConstruct [JavaFX Application Thread] schema does not exist [numberOfPiecesPerPlayerRule]
2023-04-29 18:29:54,837 WARN o.m.c.AbstractGameConstruct [JavaFX Application Thread] schema does not exist [numberOfPiecesPerPlayerRule]
2023-04-29 18:29:57,125 WARN o.m.c.AbstractGameConstruct [JavaFX Application Thread] schema does not exist [numberOfPiecesPerPlayerRule]
2023-04-29 18:29:57,126 WARN o.m.c.AbstractGameConstruct [JavaFX Application Thread] schema does not exist [numberOfPiecesPerPlayerRule]
2023-04-29 18:29:57,476 INFO o.c.BuilderController [JavaFX Application Thread] created builder
2023-04-29 18:31:50,949 WARN o.m.c.AbstractGameConstruct [JavaFX Application Thread] schema does not exist [numberOfPiecesPerPlayerRule]
2023-04-29 18:31:50,953 WARN o.m.c.AbstractGameConstruct [JavaFX Application Thread] schema does not exist [numberOfPiecesPerPlayerRule]
2023-04-29 18:33:23,695 WARN o.m.c.AbstractGameConstruct [JavaFX Application Thread] schema does not exist [numberOfPiecesPerPlayerRule]
2023-04-29 18:33:23,699 WARN o.m.c.AbstractGameConstruct [JavaFX Application Thread] schema does not exist [numberOfPiecesPerPlayerRule]
2023-04-29 18:33:26,062 WARN o.m.c.AbstractGameConstruct [JavaFX Application Thread] schema does not exist [numberOfPiecesPerPlayerRule]
2023-04-29 18:33:26,064 WARN o.m.c.AbstractGameConstruct [JavaFX Application Thread] schema does not exist [numberOfPiecesPerPlayerRule]
2023-04-29 18:33:26,432 INFO o.c.BuilderController [JavaFX Application Thread] created builder
2023-04-29 18:34:04,568 WARN o.m.c.AbstractGameConstruct [JavaFX Application Thread] schema does not exist [numberOfPiecesPerPlayerRule]
2023-04-29 18:34:04,572 WARN o.m.c.AbstractGameConstruct [JavaFX Application Thread] schema does not exist [numberOfPiecesPerPlayerRule]
2023-04-29 18:34:06,803 WARN o.m.c.AbstractGameConstruct [JavaFX Application Thread] schema does not exist [numberOfPiecesPerPlayerRule]
2023-04-29 18:34:06,804 WARN o.m.c.AbstractGameConstruct [JavaFX Application Thread] schema does not exist [numberOfPiecesPerPlayerRule]
2023-04-29 18:34:07,173 INFO o.c.BuilderController [JavaFX Application Thread] created builder
2023-04-29 18:36:13,714 WARN o.m.c.AbstractGameConstruct [JavaFX Application Thread] schema does not exist [numberOfPiecesPerPlayerRule]
2023-04-29 18:36:13,719 WARN o.m.c.AbstractGameConstruct [JavaFX Application Thread] schema does not exist [numberOfPiecesPerPlayerRule]
2023-04-29 18:36:15,833 WARN o.m.c.AbstractGameConstruct [JavaFX Application Thread] schema does not exist [numberOfPiecesPerPlayerRule]
2023-04-29 18:36:15,834 WARN o.m.c.AbstractGameConstruct [JavaFX Application Thread] schema does not exist [numberOfPiecesPerPlayerRule]
2023-04-29 18:36:16,263 INFO o.c.BuilderController [JavaFX Application Thread] created builder
2023-04-29 18:36:53,145 WARN o.m.c.AbstractGameConstruct [JavaFX Application Thread] schema does not exist [numberOfPiecesPerPlayerRule]
2023-04-29 18:36:53,148 WARN o.m.c.AbstractGameConstruct [JavaFX Application Thread] schema does not exist [numberOfPiecesPerPlayerRule]
2023-04-29 18:36:55,655 WARN o.m.c.AbstractGameConstruct [JavaFX Application Thread] schema does not exist [numberOfPiecesPerPlayerRule]
2023-04-29 18:36:55,655 WARN o.m.c.AbstractGameConstruct [JavaFX Application Thread] schema does not exist [numberOfPiecesPerPlayerRule]
2023-04-29 18:36:56,042 INFO o.c.BuilderController [JavaFX Application Thread] created builder
2023-04-29 18:38:09,562 WARN o.m.c.AbstractGameConstruct [JavaFX Application Thread] schema does not exist [numberOfPiecesPerPlayerRule]
2023-04-29 18:38:09,567 WARN o.m.c.AbstractGameConstruct [JavaFX Application Thread] schema does not exist [numberOfPiecesPerPlayerRule]
2023-04-29 18:38:11,932 WARN o.m.c.AbstractGameConstruct [JavaFX Application Thread] schema does not exist [numberOfPiecesPerPlayerRule]
2023-04-29 18:38:11,932 WARN o.m.c.AbstractGameConstruct [JavaFX Application Thread] schema does not exist [numberOfPiecesPerPlayerRule]
2023-04-29 18:38:12,333 INFO o.c.BuilderController [JavaFX Application Thread] created builder
2023-04-29 18:38:23,350 INFO o.m.e.r.BuyTileRule [JavaFX Application Thread] prompted to buy property with remaining money 150.0
2023-04-29 18:38:28,386 WARN o.m.c.AbstractGameConstruct [JavaFX Application Thread] schema does not exist [numberOfPiecesPerPlayerRule]
2023-04-29 18:38:28,389 WARN o.m.c.AbstractGameConstruct [JavaFX Application Thread] schema does not exist [numberOfPiecesPerPlayerRule]
2023-04-29 18:38:30,780 WARN o.m.c.AbstractGameConstruct [JavaFX Application Thread] schema does not exist [numberOfPiecesPerPlayerRule]
2023-04-29 18:38:30,780 WARN o.m.c.AbstractGameConstruct [JavaFX Application Thread] schema does not exist [numberOfPiecesPerPlayerRule]
2023-04-29 18:38:31,158 INFO o.c.BuilderController [JavaFX Application Thread] created builder
2023-04-29 18:38:33,478 INFO o.m.e.r.BuyTileRule [JavaFX Application Thread] prompted to buy property with remaining money 150.0
2023-04-29 18:38:38,089 INFO o.m.e.r.BuyTileRule [JavaFX Application Thread] prompted to buy property with remaining money 150.0
2023-04-29 18:42:40,706 WARN o.m.c.AbstractGameConstruct [main] schema does not exist [numberOfPiecesPerPlayerRule]
2023-04-29 18:42:40,737 WARN o.m.c.AbstractGameConstruct [main] schema does not exist [numberOfPiecesPerPlayerRule]
2023-04-29 18:43:03,439 WARN o.m.c.AbstractGameConstruct [JavaFX Application Thread] schema does not exist [numberOfPiecesPerPlayerRule]
2023-04-29 18:43:03,442 WARN o.m.c.AbstractGameConstruct [JavaFX Application Thread] schema does not exist [numberOfPiecesPerPlayerRule]
2023-04-29 18:43:05,736 WARN o.m.c.AbstractGameConstruct [JavaFX Application Thread] schema does not exist [numberOfPiecesPerPlayerRule]
2023-04-29 18:43:05,737 WARN o.m.c.AbstractGameConstruct [JavaFX Application Thread] schema does not exist [numberOfPiecesPerPlayerRule]
2023-04-29 18:43:06,121 INFO o.c.BuilderController [JavaFX Application Thread] created builder
2023-04-29 18:43:08,205 INFO o.m.e.r.BuyTileRule [JavaFX Application Thread] prompted to buy property with remaining money 150.0
2023-04-29 18:43:10,745 INFO o.m.e.r.BuyTileRule [JavaFX Application Thread] prompted to buy property with remaining money 150.0
2023-04-29 18:48:18,336 WARN o.m.c.AbstractGameConstruct [JavaFX Application Thread] schema does not exist [numberOfPiecesPerPlayerRule]
2023-04-29 18:48:18,339 WARN o.m.c.AbstractGameConstruct [JavaFX Application Thread] schema does not exist [numberOfPiecesPerPlayerRule]
2023-04-29 18:48:18,373 ERROR o.u.SaveManager [JavaFX Application Thread] unable to read save file data/monopoly/rules.json
com.fasterxml.jackson.databind.exc.InvalidTypeIdException: Could not resolve type id 'oogasalad.model.engine.rules.RemovePlayerRule' as a subtype of `oogasalad.model.attribute.Attribute`: Not a subtype
 at [Source: (File); line: 43, column: 16] (through reference chain: java.lang.Object[][4]->oogasalad.model.engine.rules.DieMoveRule["attributes"]->java.util.ArrayList[1])
	at com.fasterxml.jackson.databind.exc.InvalidTypeIdException.from(InvalidTypeIdException.java:43) ~[jackson-databind-2.14.2.jar:2.14.2]
	at com.fasterxml.jackson.databind.DeserializationContext.invalidTypeIdException(DeserializationContext.java:2078) ~[jackson-databind-2.14.2.jar:2.14.2]
	at com.fasterxml.jackson.databind.DatabindContext._throwNotASubtype(DatabindContext.java:284) ~[jackson-databind-2.14.2.jar:2.14.2]
	at com.fasterxml.jackson.databind.DatabindContext.resolveAndValidateSubType(DatabindContext.java:245) ~[jackson-databind-2.14.2.jar:2.14.2]
	at com.fasterxml.jackson.databind.jsontype.impl.ClassNameIdResolver._typeFromId(ClassNameIdResolver.java:72) ~[jackson-databind-2.14.2.jar:2.14.2]
	at com.fasterxml.jackson.databind.jsontype.impl.ClassNameIdResolver.typeFromId(ClassNameIdResolver.java:66) ~[jackson-databind-2.14.2.jar:2.14.2]
	at com.fasterxml.jackson.databind.jsontype.impl.TypeDeserializerBase._findDeserializer(TypeDeserializerBase.java:159) ~[jackson-databind-2.14.2.jar:2.14.2]
	at com.fasterxml.jackson.databind.jsontype.impl.AsPropertyTypeDeserializer._deserializeTypedForId(AsPropertyTypeDeserializer.java:125) ~[jackson-databind-2.14.2.jar:2.14.2]
	at com.fasterxml.jackson.databind.jsontype.impl.AsPropertyTypeDeserializer.deserializeTypedFromObject(AsPropertyTypeDeserializer.java:110) ~[jackson-databind-2.14.2.jar:2.14.2]
	at com.fasterxml.jackson.databind.deser.AbstractDeserializer.deserializeWithType(AbstractDeserializer.java:263) ~[jackson-databind-2.14.2.jar:2.14.2]
	at com.fasterxml.jackson.databind.deser.std.CollectionDeserializer._deserializeFromArray(CollectionDeserializer.java:361) ~[jackson-databind-2.14.2.jar:2.14.2]
	at com.fasterxml.jackson.databind.deser.std.CollectionDeserializer.deserialize(CollectionDeserializer.java:244) ~[jackson-databind-2.14.2.jar:2.14.2]
	at com.fasterxml.jackson.databind.deser.std.CollectionDeserializer.deserialize(CollectionDeserializer.java:28) ~[jackson-databind-2.14.2.jar:2.14.2]
	at com.fasterxml.jackson.databind.deser.SettableBeanProperty.deserialize(SettableBeanProperty.java:542) ~[jackson-databind-2.14.2.jar:2.14.2]
	at com.fasterxml.jackson.databind.deser.BeanDeserializer._deserializeWithErrorWrapping(BeanDeserializer.java:564) ~[jackson-databind-2.14.2.jar:2.14.2]
	at com.fasterxml.jackson.databind.deser.BeanDeserializer._deserializeUsingPropertyBased(BeanDeserializer.java:471) ~[jackson-databind-2.14.2.jar:2.14.2]
	at com.fasterxml.jackson.databind.deser.BeanDeserializerBase.deserializeFromObjectUsingNonDefault(BeanDeserializerBase.java:1405) ~[jackson-databind-2.14.2.jar:2.14.2]
	at com.fasterxml.jackson.databind.deser.BeanDeserializer.deserializeFromObject(BeanDeserializer.java:352) ~[jackson-databind-2.14.2.jar:2.14.2]
	at com.fasterxml.jackson.databind.deser.BeanDeserializer._deserializeOther(BeanDeserializer.java:220) ~[jackson-databind-2.14.2.jar:2.14.2]
	at com.fasterxml.jackson.databind.deser.BeanDeserializer.deserialize(BeanDeserializer.java:187) ~[jackson-databind-2.14.2.jar:2.14.2]
	at com.fasterxml.jackson.databind.jsontype.impl.AsPropertyTypeDeserializer._deserializeTypedForId(AsPropertyTypeDeserializer.java:144) ~[jackson-databind-2.14.2.jar:2.14.2]
	at com.fasterxml.jackson.databind.jsontype.impl.AsPropertyTypeDeserializer.deserializeTypedFromObject(AsPropertyTypeDeserializer.java:110) ~[jackson-databind-2.14.2.jar:2.14.2]
	at com.fasterxml.jackson.databind.deser.AbstractDeserializer.deserializeWithType(AbstractDeserializer.java:263) ~[jackson-databind-2.14.2.jar:2.14.2]
	at com.fasterxml.jackson.databind.deser.std.ObjectArrayDeserializer.deserialize(ObjectArrayDeserializer.java:218) ~[jackson-databind-2.14.2.jar:2.14.2]
	at com.fasterxml.jackson.databind.deser.std.ObjectArrayDeserializer.deserialize(ObjectArrayDeserializer.java:26) ~[jackson-databind-2.14.2.jar:2.14.2]
	at com.fasterxml.jackson.databind.deser.DefaultDeserializationContext.readRootValue(DefaultDeserializationContext.java:323) ~[jackson-databind-2.14.2.jar:2.14.2]
	at com.fasterxml.jackson.databind.ObjectMapper._readMapAndClose(ObjectMapper.java:4730) ~[jackson-databind-2.14.2.jar:2.14.2]
	at com.fasterxml.jackson.databind.ObjectMapper.readValue(ObjectMapper.java:3542) ~[jackson-databind-2.14.2.jar:2.14.2]
	at oogasalad.util.SaveManager.readFile(SaveManager.java:121) ~[classes/:?]
	at oogasalad.util.SaveManager.loadGame(SaveManager.java:71) ~[classes/:?]
	at oogasalad.controller.GameController.<init>(GameController.java:33) ~[classes/:?]
	at oogasalad.Main.start(Main.java:31) ~[classes/:?]
	at com.sun.javafx.application.LauncherImpl.lambda$launchApplication1$9(LauncherImpl.java:847) ~[javafx.graphics:?]
	at com.sun.javafx.application.PlatformImpl.lambda$runAndWait$12(PlatformImpl.java:484) ~[javafx.graphics:?]
	at com.sun.javafx.application.PlatformImpl.lambda$runLater$10(PlatformImpl.java:457) ~[javafx.graphics:?]
	at java.security.AccessController.doPrivileged(AccessController.java:399) ~[?:?]
	at com.sun.javafx.application.PlatformImpl.lambda$runLater$11(PlatformImpl.java:456) ~[javafx.graphics:?]
	at com.sun.glass.ui.InvokeLaterDispatcher$Future.run(InvokeLaterDispatcher.java:96) [javafx.graphics:?]
2023-04-29 18:48:19,075 WARN o.m.e.SimpleEngine [JavaFX Application Thread] game ran out of actions
2023-04-29 18:48:45,785 WARN o.m.c.AbstractGameConstruct [main] schema does not exist [numberOfPiecesPerPlayerRule]
2023-04-29 18:48:45,817 WARN o.m.c.AbstractGameConstruct [main] schema does not exist [numberOfPiecesPerPlayerRule]
2023-04-29 18:49:01,543 WARN o.m.c.AbstractGameConstruct [JavaFX Application Thread] schema does not exist [numberOfPiecesPerPlayerRule]
2023-04-29 18:49:01,546 WARN o.m.c.AbstractGameConstruct [JavaFX Application Thread] schema does not exist [numberOfPiecesPerPlayerRule]
2023-04-29 18:49:03,752 WARN o.m.c.AbstractGameConstruct [JavaFX Application Thread] schema does not exist [numberOfPiecesPerPlayerRule]
2023-04-29 18:49:03,752 WARN o.m.c.AbstractGameConstruct [JavaFX Application Thread] schema does not exist [numberOfPiecesPerPlayerRule]
2023-04-29 18:49:04,134 INFO o.c.BuilderController [JavaFX Application Thread] created builder
2023-04-29 18:49:06,751 INFO o.m.e.r.BuyTileRule [JavaFX Application Thread] prompted to buy property with remaining money 150.0
2023-04-29 18:49:09,274 INFO o.m.e.r.BuyTileRule [JavaFX Application Thread] prompted to buy property with remaining money 150.0
2023-04-29 18:49:13,054 INFO o.m.e.r.BuyTileRule [JavaFX Application Thread] prompted to buy property with remaining money 150.0
2023-04-29 18:49:51,762 WARN o.m.c.AbstractGameConstruct [JavaFX Application Thread] schema does not exist [numberOfPiecesPerPlayerRule]
2023-04-29 18:49:51,765 WARN o.m.c.AbstractGameConstruct [JavaFX Application Thread] schema does not exist [numberOfPiecesPerPlayerRule]
2023-04-29 18:49:53,998 WARN o.m.c.AbstractGameConstruct [JavaFX Application Thread] schema does not exist [numberOfPiecesPerPlayerRule]
2023-04-29 18:49:53,998 WARN o.m.c.AbstractGameConstruct [JavaFX Application Thread] schema does not exist [numberOfPiecesPerPlayerRule]
2023-04-29 18:49:54,356 INFO o.c.BuilderController [JavaFX Application Thread] created builder
2023-04-29 18:49:56,463 INFO o.m.e.r.BuyTileRule [JavaFX Application Thread] prompted to buy property with remaining money 0.0
2023-04-29 18:49:59,968 INFO o.m.e.r.BuyTileRule [JavaFX Application Thread] prompted to buy property with remaining money 0.0
